

Start logging 10/11/2020 22:24:33 Transaq TXmlConnector, ver.6.17-T61-37-6.17.2.21.2
22:24:33.389 {854} Connecting to tr1-demo5.finam.ru:3939 buf=65512...
22:24:33.415 {854} Connected.
22:24:33.448 {854} Session timeout 120000 ms.
22:24:33.448 {854} Request timeout 20000 ms.
22:24:33.448 {854} SYS# 617 BLD# 30 SRV# 0 UID# 8184
22:24:33.453 {854} Server time:10/11/2020 22:24:34, RQL:5, Diff*10:10
22:24:33.462 {854} Server time:10/11/2020 22:24:34, RQL:4, Diff*10:10
22:24:33.557 {854} Snapshot accepted
22:24:33.566 {854} Snapshot done. 
22:24:53.594 {2FF0} Trade Stream Closed. Reason: 'Destruct'. S:6509/788, R:104307/799, E:0, Rl:0


Start logging 10/11/2020 22:26:00 Transaq TXmlConnector, ver.6.17-T61-37-6.17.2.21.2
22:26:00.770 {2498} Connecting to tr1-demo5.finam.ru:3939 buf=65512...
22:26:00.788 {2498} Connected.
22:26:00.820 {2498} Session timeout 120000 ms.
22:26:00.820 {2498} Request timeout 20000 ms.
22:26:00.821 {2498} SYS# 617 BLD# 30 SRV# 0 UID# 8184
22:26:00.835 {2498} Server time:10/11/2020 22:26:01, RQL:14, Diff*10:10
22:26:00.851 {2498} Server time:10/11/2020 22:26:01, RQL:5, Diff*10:10
22:26:00.936 {2498} Snapshot accepted
22:26:00.946 {2498} Snapshot done. 
22:26:05.051 {2498} 
RQ: 5
SG: 2
RD: <:8;
LFT: 0
 
22:26:05.266 {2498} Trade Stream Closed. S:1493/159, R:99283/169, E:0, Rl:0


Start logging 10/11/2020 22:26:41 Transaq TXmlConnector, ver.6.17-T61-37-6.17.2.21.2
22:26:41.161 {C18} Connecting to tr1-demo5.finam.ru:3939 buf=65512...
22:26:41.178 {C18} Connected.
22:26:41.193 {C18} Session timeout 120000 ms.
22:26:41.193 {C18} Request timeout 20000 ms.
22:26:41.193 {C18} SYS# 617 BLD# 30 SRV# 0 UID# 8184
22:26:41.198 {C18} Server time:10/11/2020 22:26:42, RQL:4, Diff*10:10
22:26:41.208 {C18} Server time:10/11/2020 22:26:42, RQL:4, Diff*10:10
22:26:41.313 {C18} Snapshot accepted
22:26:41.322 {C18} Snapshot done. 
22:26:51.170 {1AC8} Trade Stream Closed. Reason: 'Destruct'. S:3316/387, R:101106/400, E:0, Rl:0


Start logging 10/11/2020 22:31:56 Transaq TXmlConnector, ver.6.17-T61-37-6.17.2.21.2
22:31:56.548 {2B34} Connecting to tr1-demo5.finam.ru:3939 buf=65512...
22:31:56.573 {2B34} Connected.
22:31:56.589 {2B34} Session timeout 120000 ms.
22:31:56.589 {2B34} Request timeout 20000 ms.
22:31:56.589 {2B34} SYS# 617 BLD# 30 SRV# 0 UID# 8184
22:31:56.595 {2B34} Server time:10/11/2020 22:31:57, RQL:5, Diff*10:10
22:31:56.604 {2B34} Server time:10/11/2020 22:31:57, RQL:4, Diff*10:10
22:31:56.717 {2B34} Snapshot accepted
22:31:56.727 {2B34} Snapshot done. 
22:31:57.333 {2B34} 
RQ: 5
SG: 2
RD: <:8;
LFT: 0
 
22:31:57.534 {2B34} Trade Stream Closed. S:461/32, R:98251/43, E:0, Rl:0


Start logging 10/11/2020 22:32:11 Transaq TXmlConnector, ver.6.17-T61-37-6.17.2.21.2
22:32:11.760 {2B88} Connecting to tr1-demo5.finam.ru:3939 buf=65512...
22:32:11.779 {2B88} Connected.
22:32:11.796 {2B88} Session timeout 120000 ms.
22:32:11.796 {2B88} Request timeout 20000 ms.
22:32:11.796 {2B88} SYS# 617 BLD# 30 SRV# 0 UID# 8184
22:32:11.801 {2B88} Server time:10/11/2020 22:32:12, RQL:4, Diff*10:10
22:32:11.811 {2B88} Server time:10/11/2020 22:32:12, RQL:4, Diff*10:10
22:32:11.915 {2B88} Snapshot accepted
22:32:11.925 {2B88} Snapshot done. 
22:32:14.838 {21AC} Trade Stream Closed. Reason: 'Destruct'. S:1146/116, R:98936/126, E:0, Rl:0


Start logging 10/11/2020 22:32:37 Transaq TXmlConnector, ver.6.17-T61-37-6.17.2.21.2
22:32:37.401 {2004} Connecting to tr1-demo5.finam.ru:3939 buf=65512...
22:32:37.420 {2004} Connected.
22:32:37.436 {2004} Session timeout 120000 ms.
22:32:37.436 {2004} Request timeout 20000 ms.
22:32:37.436 {2004} SYS# 617 BLD# 30 SRV# 0 UID# 8184
22:32:37.441 {2004} Server time:10/11/2020 22:32:38, RQL:5, Diff*10:10
22:32:37.451 {2004} Server time:10/11/2020 22:32:38, RQL:4, Diff*10:10
22:32:37.552 {2004} Snapshot accepted
22:32:37.562 {2004} Snapshot done. 
22:32:37.924 {2004} 
RQ: 5
SG: 2
RD: <:8;
LFT: 0
 
22:32:38.128 {2004} Trade Stream Closed. S:450/29, R:98240/39, E:0, Rl:0


Start logging 10/11/2020 22:32:44 Transaq TXmlConnector, ver.6.17-T61-37-6.17.2.21.2
22:32:44.654 {27A0} Connecting to tr1-demo5.finam.ru:3939 buf=65512...
22:32:44.671 {27A0} Connected.
22:32:44.686 {27A0} Session timeout 120000 ms.
22:32:44.686 {27A0} Request timeout 20000 ms.
22:32:44.686 {27A0} SYS# 617 BLD# 30 SRV# 0 UID# 8184
22:32:44.691 {27A0} Server time:10/11/2020 22:32:45, RQL:5, Diff*10:10
22:32:44.700 {27A0} Server time:10/11/2020 22:32:45, RQL:4, Diff*10:10
22:32:44.808 {27A0} Snapshot accepted
22:32:44.817 {27A0} Snapshot done. 
22:32:47.520 {27AC} Trade Stream Closed. Reason: 'Destruct'. S:1101/112, R:103955/122, E:0, Rl:0


Start logging 10/11/2020 22:33:33 Transaq TXmlConnector, ver.6.17-T61-37-6.17.2.21.2
22:33:33.640 {1BD4} Connecting to tr1-demo5.finam.ru:3939 buf=65512...
22:33:33.657 {1BD4} Connected.
22:33:33.672 {1BD4} Session timeout 120000 ms.
22:33:33.672 {1BD4} Request timeout 20000 ms.
22:33:33.672 {1BD4} SYS# 617 BLD# 30 SRV# 0 UID# 8184
22:33:33.677 {1BD4} Server time:10/11/2020 22:33:34, RQL:4, Diff*10:10
22:33:33.687 {1BD4} Server time:10/11/2020 22:33:34, RQL:4, Diff*10:10
22:33:33.790 {1BD4} Snapshot accepted
22:33:33.800 {1BD4} Snapshot done. 
22:33:34.117 {1BD4} 
RQ: 5
SG: 2
RD: <:8;
LFT: 0
 
22:33:34.319 {1BD4} Trade Stream Closed. S:350/18, R:98140/29, E:0, Rl:0


Start logging 10/11/2020 22:33:41 Transaq TXmlConnector, ver.6.17-T61-37-6.17.2.21.2
22:33:41.768 {D58} Connecting to tr1-demo5.finam.ru:3939 buf=65512...
22:33:41.785 {D58} Connected.
22:33:41.800 {D58} Session timeout 120000 ms.
22:33:41.800 {D58} Request timeout 20000 ms.
22:33:41.800 {D58} SYS# 617 BLD# 30 SRV# 0 UID# 8184
22:33:41.805 {D58} Server time:10/11/2020 22:33:42, RQL:5, Diff*10:10
22:33:41.814 {D58} Server time:10/11/2020 22:33:42, RQL:3, Diff*10:10
22:33:41.917 {D58} Snapshot accepted
22:33:41.927 {D58} Snapshot done. 
22:35:13.685 {B20} Trade Stream Closed. Reason: 'Destruct'. S:28296/3510, R:126094/3520, E:0, Rl:0


Start logging 10/11/2020 22:55:55 Transaq TXmlConnector, ver.6.17-T61-37-6.17.2.21.2
22:55:55.076 {24E0} Connecting to tr1-demo5.finam.ru:3939 buf=65512...
22:55:55.101 {24E0} Connected.
22:55:55.115 {24E0} Session timeout 120000 ms.
22:55:55.115 {24E0} Request timeout 20000 ms.
22:55:55.115 {24E0} SYS# 617 BLD# 30 SRV# 0 UID# 8184
22:55:55.120 {24E0} Server time:10/11/2020 22:55:56, RQL:4, Diff*10:10
22:55:55.129 {24E0} Server time:10/11/2020 22:55:56, RQL:3, Diff*10:10
22:55:55.231 {24E0} Snapshot accepted
22:55:55.240 {24E0} Snapshot done. 
23:00:59.708 {2900} Trade Stream Closed. Reason: 'Destruct'. S:92945/11591, R:190743/11602, E:0, Rl:0


Start logging 10/11/2020 23:01:14 Transaq TXmlConnector, ver.6.17-T61-37-6.17.2.21.2
23:01:14.848 {1678} Connecting to tr1-demo5.finam.ru:3939 buf=65512...
23:01:14.875 {1678} Connected.
23:01:14.889 {1678} Session timeout 120000 ms.
23:01:14.889 {1678} Request timeout 20000 ms.
23:01:14.889 {1678} SYS# 617 BLD# 30 SRV# 0 UID# 8184
23:01:14.894 {1678} Server time:10/11/2020 23:01:15, RQL:5, Diff*10:10
23:01:14.903 {1678} Server time:10/11/2020 23:01:15, RQL:4, Diff*10:10
23:01:15.017 {1678} Snapshot accepted
23:01:15.027 {1678} Snapshot done. 
23:01:25.560 {289C} Trade Stream Closed. Reason: 'Destruct'. S:3428/401, R:101226/413, E:0, Rl:0


Start logging 10/11/2020 23:49:34 Transaq TXmlConnector, ver.6.17-T61-37-6.17.2.21.2
23:49:34.761 {2184} Connecting to tr1-demo5.finam.ru:3939 buf=65512...
23:49:34.789 {2184} Connected.
23:49:34.803 {2184} Session timeout 120000 ms.
23:49:34.803 {2184} Request timeout 20000 ms.
23:49:34.804 {2184} SYS# 617 BLD# 30 SRV# 0 UID# 8184
23:49:34.808 {2184} Server time:10/11/2020 23:49:35, RQL:4, Diff*10:10
23:49:34.817 {2184} Server time:10/11/2020 23:49:35, RQL:3, Diff*10:10
23:49:34.912 {2184} Snapshot accepted
23:49:34.922 {2184} Snapshot done. 
23:49:38.208 {B80} Trade Stream Closed. Reason: 'Destruct'. S:1286/135, R:99084/146, E:0, Rl:0


Start logging 10/11/2020 23:50:05 Transaq TXmlConnector, ver.6.17-T61-37-6.17.2.21.2
23:50:05.548 {24D8} Connecting to tr1-demo5.finam.ru:3939 buf=65512...
23:50:05.566 {24D8} Connected.
23:50:05.581 {24D8} Session timeout 120000 ms.
23:50:05.581 {24D8} Request timeout 20000 ms.
23:50:05.581 {24D8} SYS# 617 BLD# 30 SRV# 0 UID# 8184
23:50:05.586 {24D8} Server time:10/11/2020 23:50:06, RQL:4, Diff*10:10
23:50:05.596 {24D8} Server time:10/11/2020 23:50:06, RQL:4, Diff*10:10
23:50:05.712 {24D8} Snapshot accepted
23:50:05.722 {24D8} Snapshot done. 
23:51:31.003 {42C} Trade Stream Closed. Reason: 'Destruct'. S:25864/3206, R:123662/3217, E:0, Rl:0


Start logging 10/11/2020 23:51:36 Transaq TXmlConnector, ver.6.17-T61-37-6.17.2.21.2
23:51:36.369 {243C} Connecting to tr1-demo5.finam.ru:3939 buf=65512...
23:51:36.387 {243C} Connected.
23:51:36.402 {243C} Session timeout 120000 ms.
23:51:36.403 {243C} Request timeout 20000 ms.
23:51:36.403 {243C} SYS# 617 BLD# 30 SRV# 0 UID# 8184
23:51:36.407 {243C} Server time:10/11/2020 23:51:37, RQL:5, Diff*10:10
23:51:36.417 {243C} Server time:10/11/2020 23:51:37, RQL:4, Diff*10:10
23:51:36.523 {243C} Snapshot accepted
23:51:36.533 {243C} Snapshot done. 
23:52:42.259 {237C} Trade Stream Closed. Reason: 'Destruct'. S:20464/2532, R:118262/2547, E:0, Rl:912209464
