222318.335152 [10984] [3012] <info> Open log C:\Programming\project\logs\, level 2
222318.336152 [10984] [3012] <info> System version 6.17. TXmlConnector version 2.21.2
222318.336152 [10984] [3012] <info> Initializing...
222412.412759 [8400] [10872] <info> Open log C:\Programming\project\logs\, level 2
222412.413760 [8400] [10872] <info> System version 6.17. TXmlConnector version 2.21.2
222412.413760 [8400] [10872] <info> Initializing...
222432.375016 [1724] [12272] <info> Open log C:\Programming\project\logs\, level 2
222432.376016 [1724] [12272] <info> System version 6.17. TXmlConnector version 2.21.2
222432.376016 [1724] [12272] <info> Initializing...
222433.386802 [1724] [12272] <info> State <DISCONNECTED> changed to <CONNECTING>
222433.386802 [1724] [main] <info> Initializing dsp...
222433.387802 [1724] [main] <info> Preparing for login...
222433.387802 [1724] [main] <info> Packet size: 65520
222433.387802 [1724] [main] <info> Logging in...
222433.448199 [1724] [main] <info> Logged in
222433.448199 [1724] [main] <info> State <CONNECTING> changed to <LOADING>
222433.448199 [1724] [main] <info> Loading static data...
222433.463296 [1724] [main] <info> Loading snapshot...
222433.463296 [1724] [main] <info> State <LOADING> changed to <READY>
222433.463296 [1724] [main] <info> Main thread OK. Data refresh period: 20
222433.566533 [1724] [main] <info> Snapshot loaded: Cl: 1, As: 1
222433.566533 [1724] [main] <info> Host RAM: 8547MB total, 3658MB available, 35069KB used
222559.758479 [4856] [7572] <info> Open log C:\Programming\project\logs\, level 2
222559.758479 [4856] [7572] <info> System version 6.17. TXmlConnector version 2.21.2
222559.759479 [4856] [7572] <info> Initializing...
222600.768138 [4856] [7572] <info> State <DISCONNECTED> changed to <CONNECTING>
222600.768138 [4856] [main] <info> Initializing dsp...
222600.769133 [4856] [main] <info> Preparing for login...
222600.769133 [4856] [main] <info> Packet size: 65520
222600.769133 [4856] [main] <info> Logging in...
222600.821267 [4856] [main] <info> Logged in
222600.821267 [4856] [main] <info> State <CONNECTING> changed to <LOADING>
222600.821267 [4856] [main] <info> Loading static data...
222600.852246 [4856] [main] <info> Loading snapshot...
222600.852246 [4856] [main] <info> State <LOADING> changed to <READY>
222600.852246 [4856] [main] <info> Main thread OK. Data refresh period: 20
222600.946188 [4856] [main] <info> Snapshot loaded: Cl: 1, As: 1
222600.946188 [4856] [main] <info> Host RAM: 8547MB total, 3658MB available, 35020KB used
222605.047492 [4856] [7572] <info> Disconnecting...
222605.047492 [4856] [7572] <info> Waiting for WorkUp...
222605.051630 [4856] [main] <info> Shutdown event received
222605.051630 [4856] [main] <info> State <READY> changed to <DISCONNECTING>
222605.051630 [4856] [main] <info> Logging out...
222605.266459 [4856] [main] <info> Host RAM: 8547MB total, 3656MB available, 35037KB used
222605.266459 [4856] [main] <info> State <DISCONNECTING> changed to <DISCONNECTED>
222605.266459 [4856] [7572] <info> Disconnect OK
222605.267459 [4856] [7572] <info> Finalizing...
222605.267459 [4856] [7572] <info> Shutdown...
222605.267459 [4856] [7572] <info> Waiting for callback thread...
222605.267459 [4856] [7572] <info> Shutdown OK
222640.148211 [5376] [6856] <info> Open log C:\Programming\project\logs\, level 2
222640.148211 [5376] [6856] <info> System version 6.17. TXmlConnector version 2.21.2
222640.148211 [5376] [6856] <info> Initializing...
222641.159955 [5376] [6856] <info> State <DISCONNECTED> changed to <CONNECTING>
222641.159955 [5376] [main] <info> Initializing dsp...
222641.160950 [5376] [main] <info> Preparing for login...
222641.160950 [5376] [main] <info> Packet size: 65520
222641.160950 [5376] [main] <info> Logging in...
222641.193118 [5376] [main] <info> Logged in
222641.193118 [5376] [main] <info> State <CONNECTING> changed to <LOADING>
222641.193118 [5376] [main] <info> Loading static data...
222641.209240 [5376] [main] <info> Loading snapshot...
222641.209240 [5376] [main] <info> State <LOADING> changed to <READY>
222641.209240 [5376] [main] <info> Main thread OK. Data refresh period: 20
222641.322453 [5376] [main] <info> Snapshot loaded: Cl: 1, As: 1
222641.323453 [5376] [main] <info> Host RAM: 8547MB total, 3651MB available, 34807KB used
223155.537544 [11412] [9692] <info> Open log C:\Programming\project\logs\, level 2
223155.538544 [11412] [9692] <info> System version 6.17. TXmlConnector version 2.21.2
223155.538544 [11412] [9692] <info> Initializing...
223156.545866 [11412] [9692] <info> State <DISCONNECTED> changed to <CONNECTING>
223156.546860 [11412] [main] <info> Initializing dsp...
223156.546860 [11412] [main] <info> Preparing for login...
223156.546860 [11412] [main] <info> Packet size: 65520
223156.546860 [11412] [main] <info> Logging in...
223156.589010 [11412] [main] <info> Logged in
223156.590016 [11412] [main] <info> State <CONNECTING> changed to <LOADING>
223156.590016 [11412] [main] <info> Loading static data...
223156.604029 [11412] [main] <info> Loading snapshot...
223156.605037 [11412] [main] <info> State <LOADING> changed to <READY>
223156.605037 [11412] [main] <info> Main thread OK. Data refresh period: 20
223156.727150 [11412] [main] <info> Snapshot loaded: Cl: 1, As: 1
223156.727150 [11412] [main] <info> Host RAM: 8547MB total, 3618MB available, 35024KB used
223157.333127 [11412] [9692] <info> Disconnecting...
223157.333127 [11412] [9692] <info> Waiting for WorkUp...
223157.333127 [11412] [main] <info> Shutdown event received
223157.333127 [11412] [main] <info> State <READY> changed to <DISCONNECTING>
223157.333127 [11412] [main] <info> Logging out...
223157.534680 [11412] [main] <info> Host RAM: 8547MB total, 3616MB available, 35045KB used
223157.534680 [11412] [main] <info> State <DISCONNECTING> changed to <DISCONNECTED>
223157.535678 [11412] [9692] <info> Disconnect OK
223157.535678 [11412] [9692] <info> Finalizing...
223157.536677 [11412] [9692] <info> Shutdown...
223157.536677 [11412] [9692] <info> Waiting for callback thread...
223157.536677 [11412] [9692] <info> Shutdown OK
223210.755696 [2216] [8620] <info> Open log C:\Programming\project\logs\, level 2
223210.756695 [2216] [8620] <info> System version 6.17. TXmlConnector version 2.21.2
223210.756695 [2216] [8620] <info> Initializing...
223211.758803 [2216] [8620] <info> State <DISCONNECTED> changed to <CONNECTING>
223211.758803 [2216] [main] <info> Initializing dsp...
223211.759787 [2216] [main] <info> Preparing for login...
223211.759787 [2216] [main] <info> Packet size: 65520
223211.759787 [2216] [main] <info> Logging in...
223211.796910 [2216] [main] <info> Logged in
223211.796910 [2216] [main] <info> State <CONNECTING> changed to <LOADING>
223211.796910 [2216] [main] <info> Loading static data...
223211.811942 [2216] [main] <info> Loading snapshot...
223211.812942 [2216] [main] <info> State <LOADING> changed to <READY>
223211.812942 [2216] [main] <info> Main thread OK. Data refresh period: 20
223211.925250 [2216] [main] <info> Snapshot loaded: Cl: 1, As: 1
223211.925250 [2216] [main] <info> Host RAM: 8547MB total, 3618MB available, 34717KB used
223236.386012 [10980] [5792] <info> Open log C:\Programming\project\logs\, level 2
223236.387013 [10980] [5792] <info> System version 6.17. TXmlConnector version 2.21.2
223236.387013 [10980] [5792] <info> Initializing...
223237.399961 [10980] [5792] <info> State <DISCONNECTED> changed to <CONNECTING>
223237.399961 [10980] [main] <info> Initializing dsp...
223237.400952 [10980] [main] <info> Preparing for login...
223237.400952 [10980] [main] <info> Packet size: 65520
223237.400952 [10980] [main] <info> Logging in...
223237.436223 [10980] [main] <info> Logged in
223237.436223 [10980] [main] <info> State <CONNECTING> changed to <LOADING>
223237.436223 [10980] [main] <info> Loading static data...
223237.451301 [10980] [main] <info> Loading snapshot...
223237.452307 [10980] [main] <info> State <LOADING> changed to <READY>
223237.452307 [10980] [main] <info> Main thread OK. Data refresh period: 20
223237.562457 [10980] [main] <info> Snapshot loaded: Cl: 1, As: 1
223237.562457 [10980] [main] <info> Host RAM: 8547MB total, 3618MB available, 34934KB used
223237.924088 [10980] [5792] <info> Disconnecting...
223237.924088 [10980] [5792] <info> Waiting for WorkUp...
223237.924088 [10980] [main] <info> Shutdown event received
223237.924088 [10980] [main] <info> State <READY> changed to <DISCONNECTING>
223237.924088 [10980] [main] <info> Logging out...
223238.128923 [10980] [main] <info> Host RAM: 8547MB total, 3616MB available, 34951KB used
223238.128923 [10980] [main] <info> State <DISCONNECTING> changed to <DISCONNECTED>
223238.129917 [10980] [5792] <info> Disconnect OK
223238.129917 [10980] [5792] <info> Finalizing...
223238.130922 [10980] [5792] <info> Shutdown...
223238.130922 [10980] [5792] <info> Waiting for callback thread...
223238.130922 [10980] [5792] <info> Shutdown OK
223243.642407 [9628] [10156] <info> Open log C:\Programming\project\logs\, level 2
223243.643406 [9628] [10156] <info> System version 6.17. TXmlConnector version 2.21.2
223243.643406 [9628] [10156] <info> Initializing...
223244.652685 [9628] [10156] <info> State <DISCONNECTED> changed to <CONNECTING>
223244.652685 [9628] [main] <info> Initializing dsp...
223244.653680 [9628] [main] <info> Preparing for login...
223244.653680 [9628] [main] <info> Packet size: 65520
223244.653680 [9628] [main] <info> Logging in...
223244.686747 [9628] [main] <info> Logged in
223244.686747 [9628] [main] <info> State <CONNECTING> changed to <LOADING>
223244.686747 [9628] [main] <info> Loading static data...
223244.701830 [9628] [main] <info> Loading snapshot...
223244.701830 [9628] [main] <info> State <LOADING> changed to <READY>
223244.701830 [9628] [main] <info> Main thread OK. Data refresh period: 20
223244.817996 [9628] [main] <info> Snapshot loaded: Cl: 1, As: 1
223244.817996 [9628] [main] <info> Host RAM: 8547MB total, 3617MB available, 34529KB used
223332.621956 [9020] [7884] <info> Open log C:\Programming\project\logs\, level 2
223332.622956 [9020] [7884] <info> System version 6.17. TXmlConnector version 2.21.2
223332.622956 [9020] [7884] <info> Initializing...
223333.638372 [9020] [7884] <info> State <DISCONNECTED> changed to <CONNECTING>
223333.638372 [9020] [main] <info> Initializing dsp...
223333.639372 [9020] [main] <info> Preparing for login...
223333.639372 [9020] [main] <info> Packet size: 65520
223333.639372 [9020] [main] <info> Logging in...
223333.672400 [9020] [main] <info> Logged in
223333.672400 [9020] [main] <info> State <CONNECTING> changed to <LOADING>
223333.672400 [9020] [main] <info> Loading static data...
223333.687503 [9020] [main] <info> Loading snapshot...
223333.687503 [9020] [main] <info> State <LOADING> changed to <READY>
223333.688509 [9020] [main] <info> Main thread OK. Data refresh period: 20
223333.800120 [9020] [main] <info> Snapshot loaded: Cl: 1, As: 1
223333.800120 [9020] [main] <info> Host RAM: 8547MB total, 3625MB available, 35106KB used
223334.116933 [9020] [7884] <info> Disconnecting...
223334.116933 [9020] [7884] <info> Waiting for WorkUp...
223334.117933 [9020] [main] <info> Shutdown event received
223334.117933 [9020] [main] <info> State <READY> changed to <DISCONNECTING>
223334.117933 [9020] [main] <info> Logging out...
223334.319439 [9020] [main] <info> Host RAM: 8547MB total, 3629MB available, 35123KB used
223334.319439 [9020] [main] <info> State <DISCONNECTING> changed to <DISCONNECTED>
223334.320436 [9020] [7884] <info> Disconnect OK
223334.321440 [9020] [7884] <info> Finalizing...
223334.321440 [9020] [7884] <info> Shutdown...
223334.321440 [9020] [7884] <info> Waiting for callback thread...
223334.321440 [9020] [7884] <info> Shutdown OK
223340.755924 [2664] [2848] <info> Open log C:\Programming\project\logs\, level 2
223340.755924 [2664] [2848] <info> System version 6.17. TXmlConnector version 2.21.2
223340.755924 [2664] [2848] <info> Initializing...
223341.765038 [2664] [2848] <info> State <DISCONNECTED> changed to <CONNECTING>
223341.765038 [2664] [main] <info> Initializing dsp...
223341.766035 [2664] [main] <info> Preparing for login...
223341.766035 [2664] [main] <info> Packet size: 65520
223341.766035 [2664] [main] <info> Logging in...
223341.800014 [2664] [main] <info> Logged in
223341.800014 [2664] [main] <info> State <CONNECTING> changed to <LOADING>
223341.801014 [2664] [main] <info> Loading static data...
223341.815137 [2664] [main] <info> Loading snapshot...
223341.815137 [2664] [main] <info> State <LOADING> changed to <READY>
223341.815137 [2664] [main] <info> Main thread OK. Data refresh period: 20
223341.927277 [2664] [main] <info> Snapshot loaded: Cl: 1, As: 1
223341.927277 [2664] [main] <info> Host RAM: 8547MB total, 3626MB available, 34783KB used
223344.588857 [2664] [main] <info> Host RAM: 8547MB total, 3634MB available, 34791KB used
223359.160620 [2664] [main] <info> Host RAM: 8547MB total, 3628MB available, 34820KB used
225554.070850 [12052] [10496] <info> Open log C:\Programming\project\logs\, level 2
225554.071849 [12052] [10496] <info> System version 6.17. TXmlConnector version 2.21.2
225554.071849 [12052] [10496] <info> Initializing...
225555.074743 [12052] [10496] <info> State <DISCONNECTED> changed to <CONNECTING>
225555.074743 [12052] [main] <info> Initializing dsp...
225555.075742 [12052] [main] <info> Preparing for login...
225555.075742 [12052] [main] <info> Packet size: 65520
225555.075742 [12052] [main] <info> Logging in...
225555.115896 [12052] [main] <info> Logged in
225555.115896 [12052] [main] <info> State <CONNECTING> changed to <LOADING>
225555.116907 [12052] [main] <info> Loading static data...
225555.130989 [12052] [main] <info> Loading snapshot...
225555.130989 [12052] [main] <info> State <LOADING> changed to <READY>
225555.130989 [12052] [main] <info> Main thread OK. Data refresh period: 20
225555.241052 [12052] [main] <info> Snapshot loaded: Cl: 1, As: 1
225555.241052 [12052] [main] <info> Host RAM: 8547MB total, 3523MB available, 34795KB used
225601.198243 [12052] [main] <info> Host RAM: 8547MB total, 3500MB available, 34799KB used
230054.128872 [12052] [main] <info> Host RAM: 8547MB total, 3509MB available, 34787KB used
230113.840797 [9908] [10396] <info> Open log C:\Programming\project\logs\, level 2
230113.841798 [9908] [10396] <info> System version 6.17. TXmlConnector version 2.21.2
230113.841798 [9908] [10396] <info> Initializing...
230114.846308 [9908] [10396] <info> State <DISCONNECTED> changed to <CONNECTING>
230114.847303 [9908] [main] <info> Initializing dsp...
230114.847303 [9908] [main] <info> Preparing for login...
230114.847303 [9908] [main] <info> Packet size: 65520
230114.847303 [9908] [main] <info> Logging in...
230114.889526 [9908] [main] <info> Logged in
230114.889526 [9908] [main] <info> State <CONNECTING> changed to <LOADING>
230114.889526 [9908] [main] <info> Loading static data...
230114.904578 [9908] [main] <info> Loading snapshot...
230114.904578 [9908] [main] <info> State <LOADING> changed to <READY>
230114.904578 [9908] [main] <info> Main thread OK. Data refresh period: 20
230115.027615 [9908] [main] <info> Snapshot loaded: Cl: 1, As: 1
230115.027615 [9908] [main] <info> Host RAM: 8547MB total, 3500MB available, 35700KB used
234933.755649 [11844] [2944] <info> Open log C:\Programming\project\logs\, level 2
234933.756648 [11844] [2944] <info> System version 6.17. TXmlConnector version 2.21.2
234933.756648 [11844] [2944] <info> Initializing...
234934.759310 [11844] [2944] <info> State <DISCONNECTED> changed to <CONNECTING>
234934.759310 [11844] [main] <info> Initializing dsp...
234934.760305 [11844] [main] <info> Preparing for login...
234934.760305 [11844] [main] <info> Packet size: 65520
234934.760305 [11844] [main] <info> Logging in...
234934.804434 [11844] [main] <info> Logged in
234934.804434 [11844] [main] <info> State <CONNECTING> changed to <LOADING>
234934.804434 [11844] [main] <info> Loading static data...
234934.818453 [11844] [main] <info> Loading snapshot...
234934.818453 [11844] [main] <info> State <LOADING> changed to <READY>
234934.818453 [11844] [main] <info> Main thread OK. Data refresh period: 20
234934.922599 [11844] [main] <info> Snapshot loaded: Cl: 1, As: 1
234934.922599 [11844] [main] <info> Host RAM: 8547MB total, 3710MB available, 41226KB used
235004.532696 [1884] [1068] <info> Open log C:\Programming\project\logs\, level 2
235004.533696 [1884] [1068] <info> System version 6.17. TXmlConnector version 2.21.2
235004.533696 [1884] [1068] <info> Initializing...
235005.546519 [1884] [1068] <info> State <DISCONNECTED> changed to <CONNECTING>
235005.546519 [1884] [main] <info> Initializing dsp...
235005.547514 [1884] [main] <info> Preparing for login...
235005.547514 [1884] [main] <info> Packet size: 65520
235005.547514 [1884] [main] <info> Logging in...
235005.581647 [1884] [main] <info> Logged in
235005.581647 [1884] [main] <info> State <CONNECTING> changed to <LOADING>
235005.582655 [1884] [main] <info> Loading static data...
235005.596755 [1884] [main] <info> Loading snapshot...
235005.596755 [1884] [main] <info> State <LOADING> changed to <READY>
235005.596755 [1884] [main] <info> Main thread OK. Data refresh period: 20
235005.722676 [1884] [main] <info> Snapshot loaded: Cl: 1, As: 1
235005.722676 [1884] [main] <info> Host RAM: 8547MB total, 3715MB available, 41484KB used
235008.378729 [1884] [main] <info> Host RAM: 8547MB total, 3698MB available, 56385KB used
235008.378729 [1884] [main] <info> Command queue is empty
235135.362794 [7412] [10072] <info> Open log C:\Programming\project\logs\, level 2
235135.362794 [7412] [10072] <info> System version 6.17. TXmlConnector version 2.21.2
235135.362794 [7412] [10072] <info> Initializing...
235136.367970 [7412] [10072] <info> State <DISCONNECTED> changed to <CONNECTING>
235136.367970 [7412] [main] <info> Initializing dsp...
235136.368963 [7412] [main] <info> Preparing for login...
235136.368963 [7412] [main] <info> Packet size: 65520
235136.368963 [7412] [main] <info> Logging in...
235136.403007 [7412] [main] <info> Logged in
235136.403007 [7412] [main] <info> State <CONNECTING> changed to <LOADING>
235136.403007 [7412] [main] <info> Loading static data...
235136.417149 [7412] [main] <info> Loading snapshot...
235136.418149 [7412] [main] <info> State <LOADING> changed to <READY>
235136.418149 [7412] [main] <info> Main thread OK. Data refresh period: 20
235136.533132 [7412] [main] <info> Snapshot loaded: Cl: 1, As: 1
235136.533132 [7412] [main] <info> Host RAM: 8547MB total, 3633MB available, 41562KB used
