220452.404544 [1612] [12892] <info> Open log C:\Programming\project\logs\, level 2
220452.490316 [1612] [12892] <info> System version 6.17. TXmlConnector version 2.21.2
220452.490316 [1612] [12892] <info> Initializing...
220453.571375 [1612] [12892] <info> State <DISCONNECTED> changed to <CONNECTING>
220453.585875 [1612] [main] <info> Initializing dsp...
220453.585875 [1612] [main] <info> Preparing for login...
220453.585875 [1612] [main] <info> Packet size: 65520
220453.585875 [1612] [main] <info> Logging in...
220453.813740 [1612] [main] <info> Logged in
220453.813740 [1612] [main] <info> State <CONNECTING> changed to <LOADING>
220453.813740 [1612] [main] <info> Loading static data...
220453.870704 [1612] [main] <info> Loading snapshot...
220453.870704 [1612] [main] <info> State <LOADING> changed to <READY>
220453.870704 [1612] [main] <info> Main thread OK. Data refresh period: 10
220454.063417 [1612] [main] <info> Snapshot loaded: Cl: 1, As: 1
220454.063417 [1612] [main] <info> Host RAM: 8547MB total, 2954MB available, 29986KB used
220508.724775 [1612] [12892] <info> Disconnecting...
220508.725780 [1612] [12892] <info> Waiting for WorkUp...
220508.885935 [1612] [main] <info> Shutdown event received
220508.926746 [1612] [main] <info> State <READY> changed to <DISCONNECTING>
220508.926746 [1612] [main] <info> Logging out...
220509.128282 [1612] [main] <info> Host RAM: 8547MB total, 2951MB available, 30851KB used
220509.128282 [1612] [main] <info> State <DISCONNECTING> changed to <DISCONNECTED>
220509.129287 [1612] [12892] <info> Disconnect OK
220509.129287 [1612] [12892] <info> Finalizing...
220509.129287 [1612] [12892] <info> Shutdown...
220509.130288 [1612] [12892] <info> Waiting for callback thread...
220509.130288 [1612] [12892] <info> Shutdown OK
220512.991274 [14960] [9600] <info> Open log C:\Programming\project\logs\, level 2
220512.991274 [14960] [9600] <info> System version 6.17. TXmlConnector version 2.21.2
220512.991274 [14960] [9600] <info> Initializing...
220513.997157 [14960] [9600] <info> State <DISCONNECTED> changed to <CONNECTING>
220513.997157 [14960] [main] <info> Initializing dsp...
220513.998152 [14960] [main] <info> Preparing for login...
220513.998152 [14960] [main] <info> Packet size: 65520
220513.998152 [14960] [main] <info> Logging in...
220514.031131 [14960] [main] <info> Logged in
220514.031131 [14960] [main] <info> State <CONNECTING> changed to <LOADING>
220514.031131 [14960] [main] <info> Loading static data...
220514.045123 [14960] [main] <info> Loading snapshot...
220514.045123 [14960] [main] <info> State <LOADING> changed to <READY>
220514.045123 [14960] [main] <info> Main thread OK. Data refresh period: 10
220514.143062 [14960] [main] <info> Snapshot loaded: Cl: 1, As: 1
220514.143062 [14960] [main] <info> Host RAM: 8547MB total, 2940MB available, 29671KB used
220536.966551 [14960] [9600] <info> Disconnecting...
220536.966551 [14960] [9600] <info> Waiting for WorkUp...
220536.966551 [14960] [main] <info> Shutdown event received
220536.967555 [14960] [main] <info> State <READY> changed to <DISCONNECTING>
220536.967555 [14960] [main] <info> Logging out...
220537.178259 [14960] [main] <info> Host RAM: 8547MB total, 2963MB available, 30224KB used
220537.178259 [14960] [main] <info> State <DISCONNECTING> changed to <DISCONNECTED>
220537.179257 [14960] [9600] <info> Disconnect OK
220537.180258 [14960] [9600] <info> Finalizing...
220537.180258 [14960] [9600] <info> Shutdown...
220537.180258 [14960] [9600] <info> Waiting for callback thread...
220537.180258 [14960] [9600] <info> Shutdown OK
223649.384186 [2324] [9368] <info> Open log C:\Programming\project\logs\, level 2
223649.385186 [2324] [9368] <info> System version 6.17. TXmlConnector version 2.21.2
223649.385186 [2324] [9368] <info> Initializing...
223650.400345 [2324] [9368] <info> State <DISCONNECTED> changed to <CONNECTING>
223650.400345 [2324] [main] <info> Initializing dsp...
223650.400345 [2324] [main] <info> Preparing for login...
223650.400345 [2324] [main] <info> Packet size: 65520
223650.400345 [2324] [main] <info> Logging in...
223650.431329 [2324] [main] <info> Logged in
223650.431329 [2324] [main] <info> State <CONNECTING> changed to <LOADING>
223650.431329 [2324] [main] <info> Loading static data...
223650.444323 [2324] [main] <info> Loading snapshot...
223650.444323 [2324] [main] <info> State <LOADING> changed to <READY>
223650.444323 [2324] [main] <info> Main thread OK. Data refresh period: 10
223650.545259 [2324] [main] <info> Snapshot loaded: Cl: 1, As: 1
223650.545259 [2324] [main] <info> Host RAM: 8547MB total, 3241MB available, 30199KB used
223816.366046 [16392] [6252] <info> Open log C:\Programming\project\logs\, level 2
223816.367045 [16392] [6252] <info> System version 6.17. TXmlConnector version 2.21.2
223816.367045 [16392] [6252] <info> Initializing...
223817.376392 [16392] [6252] <info> State <DISCONNECTED> changed to <CONNECTING>
223817.376392 [16392] [main] <info> Initializing dsp...
223817.377387 [16392] [main] <info> Preparing for login...
223817.377387 [16392] [main] <info> Packet size: 65520
223817.377387 [16392] [main] <info> Logging in...
223817.413363 [16392] [main] <info> Logged in
223817.414362 [16392] [main] <info> State <CONNECTING> changed to <LOADING>
223817.414362 [16392] [main] <info> Loading static data...
223817.426355 [16392] [main] <info> Loading snapshot...
223817.427355 [16392] [main] <info> State <LOADING> changed to <READY>
223817.427355 [16392] [main] <info> Main thread OK. Data refresh period: 10
223817.522298 [16392] [main] <info> Snapshot loaded: Cl: 1, As: 1
223817.522298 [16392] [main] <info> Host RAM: 8547MB total, 3236MB available, 30179KB used
223828.726943 [16392] [6252] <info> Disconnecting...
223828.726943 [16392] [6252] <info> Waiting for WorkUp...
223828.726943 [16392] [main] <info> Shutdown event received
223828.727947 [16392] [main] <info> State <READY> changed to <DISCONNECTING>
223828.727947 [16392] [main] <info> Logging out...
223828.936257 [16392] [main] <info> Host RAM: 8547MB total, 3237MB available, 30142KB used
223828.936257 [16392] [main] <info> State <DISCONNECTING> changed to <DISCONNECTED>
223828.937262 [16392] [6252] <info> Disconnect OK
223828.937262 [16392] [6252] <info> Finalizing...
223828.938262 [16392] [6252] <info> Shutdown...
223828.938262 [16392] [6252] <info> Waiting for callback thread...
223828.938262 [16392] [6252] <info> Shutdown OK
223832.583759 [1816] [16312] <info> Open log C:\Programming\project\logs\, level 2
223832.584760 [1816] [16312] <info> System version 6.17. TXmlConnector version 2.21.2
223832.584760 [1816] [16312] <info> Initializing...
223833.589054 [1816] [16312] <info> State <DISCONNECTED> changed to <CONNECTING>
223833.589054 [1816] [main] <info> Initializing dsp...
223833.590059 [1816] [main] <info> Preparing for login...
223833.590059 [1816] [main] <info> Packet size: 65520
223833.590059 [1816] [main] <info> Logging in...
223833.622039 [1816] [main] <info> Logged in
223833.622039 [1816] [main] <info> State <CONNECTING> changed to <LOADING>
223833.622039 [1816] [main] <info> Loading static data...
223833.635029 [1816] [main] <info> Loading snapshot...
223833.635029 [1816] [main] <info> State <LOADING> changed to <READY>
223833.635029 [1816] [main] <info> Main thread OK. Data refresh period: 10
223833.733969 [1816] [main] <info> Snapshot loaded: Cl: 1, As: 1
223833.733969 [1816] [main] <info> Host RAM: 8547MB total, 3251MB available, 29671KB used
223948.081133 [6856] [8108] <info> Open log C:\Programming\project\logs\, level 2
223948.082134 [6856] [8108] <info> System version 6.17. TXmlConnector version 2.21.2
223948.082134 [6856] [8108] <info> Initializing...
223949.094561 [6856] [8108] <info> State <DISCONNECTED> changed to <CONNECTING>
223949.094561 [6856] [main] <info> Initializing dsp...
223949.095568 [6856] [main] <info> Preparing for login...
223949.095568 [6856] [main] <info> Packet size: 65520
223949.095568 [6856] [main] <info> Logging in...
223949.130543 [6856] [main] <info> Logged in
223949.130543 [6856] [main] <info> State <CONNECTING> changed to <LOADING>
223949.130543 [6856] [main] <info> Loading static data...
223949.144535 [6856] [main] <info> Loading snapshot...
223949.144535 [6856] [main] <info> State <LOADING> changed to <READY>
223949.144535 [6856] [main] <info> Main thread OK. Data refresh period: 10
223949.241475 [6856] [main] <info> Snapshot loaded: Cl: 1, As: 1
223949.241475 [6856] [main] <info> Host RAM: 8547MB total, 3225MB available, 30035KB used
224002.287204 [6856] [8108] <info> Disconnecting...
224002.287204 [6856] [8108] <info> Waiting for WorkUp...
224002.287204 [6856] [main] <info> Shutdown event received
224002.288209 [6856] [main] <info> State <READY> changed to <DISCONNECTING>
224002.288209 [6856] [main] <info> Logging out...
224002.492728 [6856] [main] <info> Host RAM: 8547MB total, 3219MB available, 30109KB used
224002.492728 [6856] [main] <info> State <DISCONNECTING> changed to <DISCONNECTED>
224002.493735 [6856] [8108] <info> Disconnect OK
224002.493735 [6856] [8108] <info> Finalizing...
224002.494734 [6856] [8108] <info> Shutdown...
224002.494734 [6856] [8108] <info> Waiting for callback thread...
224002.495149 [6856] [8108] <info> Shutdown OK
224005.552182 [10580] [5156] <info> Open log C:\Programming\project\logs\, level 2
224005.553182 [10580] [5156] <info> System version 6.17. TXmlConnector version 2.21.2
224005.553182 [10580] [5156] <info> Initializing...
224006.564308 [10580] [5156] <info> State <DISCONNECTED> changed to <CONNECTING>
224006.564308 [10580] [main] <info> Initializing dsp...
224006.565313 [10580] [main] <info> Preparing for login...
224006.565313 [10580] [main] <info> Packet size: 65520
224006.565313 [10580] [main] <info> Logging in...
224006.599496 [10580] [main] <info> Logged in
224006.599496 [10580] [main] <info> State <CONNECTING> changed to <LOADING>
224006.599496 [10580] [main] <info> Loading static data...
224006.614491 [10580] [main] <info> Loading snapshot...
224006.614491 [10580] [main] <info> State <LOADING> changed to <READY>
224006.614491 [10580] [main] <info> Main thread OK. Data refresh period: 10
224006.709453 [10580] [main] <info> Snapshot loaded: Cl: 1, As: 1
224006.709453 [10580] [main] <info> Host RAM: 8547MB total, 3208MB available, 31789KB used
224124.728441 [9876] [16872] <info> Open log C:\Programming\project\logs\, level 2
224124.729443 [9876] [16872] <info> System version 6.17. TXmlConnector version 2.21.2
224124.729443 [9876] [16872] <info> Initializing...
224125.737356 [9876] [16872] <info> State <DISCONNECTED> changed to <CONNECTING>
224125.737356 [9876] [main] <info> Initializing dsp...
224125.738360 [9876] [main] <info> Preparing for login...
224125.738360 [9876] [main] <info> Packet size: 65520
224125.738360 [9876] [main] <info> Logging in...
224125.773341 [9876] [main] <info> Logged in
224125.773341 [9876] [main] <info> State <CONNECTING> changed to <LOADING>
224125.774340 [9876] [main] <info> Loading static data...
224125.789328 [9876] [main] <info> Loading snapshot...
224125.789328 [9876] [main] <info> State <LOADING> changed to <READY>
224125.789328 [9876] [main] <info> Main thread OK. Data refresh period: 10
224125.888269 [9876] [main] <info> Snapshot loaded: Cl: 1, As: 1
224125.888269 [9876] [main] <info> Host RAM: 8547MB total, 3231MB available, 30154KB used
224308.852756 [9572] [17012] <info> Open log C:\Programming\project\logs\, level 2
224308.853758 [9572] [17012] <info> System version 6.17. TXmlConnector version 2.21.2
224308.853758 [9572] [17012] <info> Initializing...
224309.869804 [9572] [17012] <info> State <DISCONNECTED> changed to <CONNECTING>
224309.869804 [9572] [main] <info> Initializing dsp...
224309.870809 [9572] [main] <info> Preparing for login...
224309.870809 [9572] [main] <info> Packet size: 65520
224309.870809 [9572] [main] <info> Logging in...
224309.912783 [9572] [main] <info> Logged in
224309.912783 [9572] [main] <info> State <CONNECTING> changed to <LOADING>
224309.912783 [9572] [main] <info> Loading static data...
224309.925773 [9572] [main] <info> Loading snapshot...
224309.925773 [9572] [main] <info> State <LOADING> changed to <READY>
224309.925773 [9572] [main] <info> Main thread OK. Data refresh period: 10
224310.018718 [9572] [main] <info> Snapshot loaded: Cl: 1, As: 1
224310.018718 [9572] [main] <info> Host RAM: 8547MB total, 3243MB available, 30158KB used
224344.645463 [5824] [11784] <info> Open log C:\Programming\project\logs\, level 2
224344.646448 [5824] [11784] <info> System version 6.17. TXmlConnector version 2.21.2
224344.646448 [5824] [11784] <info> Initializing...
224345.657562 [5824] [11784] <info> State <DISCONNECTED> changed to <CONNECTING>
224345.657562 [5824] [main] <info> Initializing dsp...
224345.658557 [5824] [main] <info> Preparing for login...
224345.658557 [5824] [main] <info> Packet size: 65520
224345.658557 [5824] [main] <info> Logging in...
224345.693538 [5824] [main] <info> Logged in
224345.693538 [5824] [main] <info> State <CONNECTING> changed to <LOADING>
224345.693538 [5824] [main] <info> Loading static data...
224345.707526 [5824] [main] <info> Loading snapshot...
224345.707526 [5824] [main] <info> State <LOADING> changed to <READY>
224345.707526 [5824] [main] <info> Main thread OK. Data refresh period: 10
224345.810464 [5824] [main] <info> Snapshot loaded: Cl: 1, As: 1
224345.810464 [5824] [main] <info> Host RAM: 8547MB total, 3246MB available, 30031KB used
224348.704679 [5824] [11784] <info> Disconnecting...
224348.704679 [5824] [11784] <info> Waiting for WorkUp...
224348.707676 [5824] [main] <info> Shutdown event received
224348.708676 [5824] [main] <info> State <READY> changed to <DISCONNECTING>
224348.708676 [5824] [main] <info> Logging out...
224348.922344 [5824] [main] <info> Host RAM: 8547MB total, 3244MB available, 30507KB used
224348.922344 [5824] [main] <info> State <DISCONNECTING> changed to <DISCONNECTED>
224348.923349 [5824] [11784] <info> Disconnect OK
224348.923349 [5824] [11784] <info> Finalizing...
224348.924347 [5824] [11784] <info> Shutdown...
224348.924347 [5824] [11784] <info> Waiting for callback thread...
224348.924795 [5824] [11784] <info> Shutdown OK
224353.207382 [12644] [9008] <info> Open log C:\Programming\project\logs\, level 2
224353.208380 [12644] [9008] <info> System version 6.17. TXmlConnector version 2.21.2
224353.208380 [12644] [9008] <info> Initializing...
224354.219522 [12644] [9008] <info> State <DISCONNECTED> changed to <CONNECTING>
224354.219522 [12644] [main] <info> Initializing dsp...
224354.220527 [12644] [main] <info> Preparing for login...
224354.220527 [12644] [main] <info> Packet size: 65520
224354.220527 [12644] [main] <info> Logging in...
224354.255503 [12644] [main] <info> Logged in
224354.255503 [12644] [main] <info> State <CONNECTING> changed to <LOADING>
224354.255503 [12644] [main] <info> Loading static data...
224354.268498 [12644] [main] <info> Loading snapshot...
224354.268498 [12644] [main] <info> State <LOADING> changed to <READY>
224354.268498 [12644] [main] <info> Main thread OK. Data refresh period: 10
224354.364436 [12644] [main] <info> Snapshot loaded: Cl: 1, As: 1
224354.364436 [12644] [main] <info> Host RAM: 8547MB total, 3244MB available, 29765KB used
224515.577433 [1248] [5024] <info> Open log C:\Programming\project\logs\, level 2
224515.578425 [1248] [5024] <info> System version 6.17. TXmlConnector version 2.21.2
224515.578425 [1248] [5024] <info> Initializing...
224516.581196 [1248] [5024] <info> State <DISCONNECTED> changed to <CONNECTING>
224516.581196 [1248] [main] <info> Initializing dsp...
224516.582201 [1248] [main] <info> Preparing for login...
224516.582201 [1248] [main] <info> Packet size: 65520
224516.582201 [1248] [main] <info> Logging in...
224516.654157 [1248] [main] <info> Logged in
224516.654157 [1248] [main] <info> State <CONNECTING> changed to <LOADING>
224516.654157 [1248] [main] <info> Loading static data...
224516.701125 [1248] [main] <info> Loading snapshot...
224516.701125 [1248] [main] <info> State <LOADING> changed to <READY>
224516.701125 [1248] [main] <info> Main thread OK. Data refresh period: 10
224516.823051 [1248] [main] <info> Snapshot loaded: Cl: 1, As: 1
224516.823051 [1248] [main] <info> Host RAM: 8547MB total, 3255MB available, 30044KB used
224652.251965 [10060] [1500] <info> Open log C:\Programming\project\logs\, level 2
224652.252964 [10060] [1500] <info> System version 6.17. TXmlConnector version 2.21.2
224652.252964 [10060] [1500] <info> Initializing...
224653.257906 [10060] [1500] <info> State <DISCONNECTED> changed to <CONNECTING>
224653.257906 [10060] [main] <info> Initializing dsp...
224653.258911 [10060] [main] <info> Preparing for login...
224653.258911 [10060] [main] <info> Packet size: 65520
224653.258911 [10060] [main] <info> Logging in...
224653.295889 [10060] [main] <info> Logged in
224653.295889 [10060] [main] <info> State <CONNECTING> changed to <LOADING>
224653.295889 [10060] [main] <info> Loading static data...
224653.308879 [10060] [main] <info> Loading snapshot...
224653.308879 [10060] [main] <info> State <LOADING> changed to <READY>
224653.308879 [10060] [main] <info> Main thread OK. Data refresh period: 10
224653.403819 [10060] [main] <info> Snapshot loaded: Cl: 1, As: 1
224653.403819 [10060] [main] <info> Host RAM: 8547MB total, 3251MB available, 30060KB used
224656.293039 [10060] [1500] <info> Disconnecting...
224656.293039 [10060] [1500] <info> Waiting for WorkUp...
224656.294039 [10060] [main] <info> Shutdown event received
224656.294039 [10060] [main] <info> State <READY> changed to <DISCONNECTING>
224656.294039 [10060] [main] <info> Logging out...
224656.496369 [10060] [main] <info> Host RAM: 8547MB total, 3251MB available, 30105KB used
224656.496369 [10060] [main] <info> State <DISCONNECTING> changed to <DISCONNECTED>
224656.497365 [10060] [1500] <info> Disconnect OK
224656.497365 [10060] [1500] <info> Finalizing...
224656.498363 [10060] [1500] <info> Shutdown...
224656.498363 [10060] [1500] <info> Waiting for callback thread...
224656.498363 [10060] [1500] <info> Shutdown OK
224700.468896 [9576] [14180] <info> Open log C:\Programming\project\logs\, level 2
224700.469895 [9576] [14180] <info> System version 6.17. TXmlConnector version 2.21.2
224700.469895 [9576] [14180] <info> Initializing...
224701.478079 [9576] [14180] <info> State <DISCONNECTED> changed to <CONNECTING>
224701.478079 [9576] [main] <info> Initializing dsp...
224701.479084 [9576] [main] <info> Preparing for login...
224701.479084 [9576] [main] <info> Packet size: 65520
224701.479084 [9576] [main] <info> Logging in...
224701.514062 [9576] [main] <info> Logged in
224701.514062 [9576] [main] <info> State <CONNECTING> changed to <LOADING>
224701.514062 [9576] [main] <info> Loading static data...
224701.530059 [9576] [main] <info> Loading snapshot...
224701.530059 [9576] [main] <info> State <LOADING> changed to <READY>
224701.530059 [9576] [main] <info> Main thread OK. Data refresh period: 10
224701.624993 [9576] [main] <info> Snapshot loaded: Cl: 1, As: 1
224701.624993 [9576] [main] <info> Host RAM: 8547MB total, 3251MB available, 29696KB used
224729.866660 [9576] [14180] <info> Disconnecting...
224729.866660 [9576] [14180] <info> Waiting for WorkUp...
224729.867665 [9576] [main] <info> Shutdown event received
224729.867665 [9576] [main] <info> State <READY> changed to <DISCONNECTING>
224729.867665 [9576] [main] <info> Logging out...
224730.074551 [9576] [main] <info> Host RAM: 8547MB total, 3249MB available, 42098KB used
224730.074551 [9576] [main] <info> State <DISCONNECTING> changed to <DISCONNECTED>
224730.075556 [9576] [14180] <info> Disconnect OK
224730.075556 [9576] [14180] <info> Finalizing...
224730.075556 [9576] [14180] <info> Shutdown...
224730.076555 [9576] [14180] <info> Waiting for callback thread...
224730.076555 [9576] [14180] <info> Shutdown OK
225652.121214 [1860] [13632] <info> Open log C:\Programming\project\logs\, level 2
225652.122215 [1860] [13632] <info> System version 6.17. TXmlConnector version 2.21.2
225652.122215 [1860] [13632] <info> Initializing...
225653.125715 [1860] [13632] <info> State <DISCONNECTED> changed to <CONNECTING>
225653.125715 [1860] [main] <info> Initializing dsp...
225653.126720 [1860] [main] <info> Preparing for login...
225653.126720 [1860] [main] <info> Packet size: 65520
225653.126720 [1860] [main] <info> Logging in...
225653.170693 [1860] [main] <info> Logged in
225653.170693 [1860] [main] <info> State <CONNECTING> changed to <LOADING>
225653.170693 [1860] [main] <info> Loading static data...
225653.184682 [1860] [main] <info> Loading snapshot...
225653.184682 [1860] [main] <info> State <LOADING> changed to <READY>
225653.184682 [1860] [main] <info> Main thread OK. Data refresh period: 10
225653.273627 [1860] [main] <info> Snapshot loaded: Cl: 1, As: 1
225653.273627 [1860] [main] <info> Host RAM: 8547MB total, 3381MB available, 29880KB used
225656.160896 [1860] [13632] <info> Disconnecting...
225656.160896 [1860] [13632] <info> Waiting for WorkUp...
225656.160896 [1860] [main] <info> Shutdown event received
225656.160896 [1860] [main] <info> State <READY> changed to <DISCONNECTING>
225656.160896 [1860] [main] <info> Logging out...
225656.367771 [1860] [main] <info> Host RAM: 8547MB total, 3377MB available, 30699KB used
225656.367771 [1860] [main] <info> State <DISCONNECTING> changed to <DISCONNECTED>
225656.368776 [1860] [13632] <info> Disconnect OK
225656.368776 [1860] [13632] <info> Finalizing...
225656.369777 [1860] [13632] <info> Shutdown...
225656.369777 [1860] [13632] <info> Waiting for callback thread...
225656.369777 [1860] [13632] <info> Shutdown OK
225701.661832 [8984] [6488] <info> Open log C:\Programming\project\logs\, level 2
225701.662837 [8984] [6488] <info> System version 6.17. TXmlConnector version 2.21.2
225701.662837 [8984] [6488] <info> Initializing...
225702.665942 [8984] [6488] <info> State <DISCONNECTED> changed to <CONNECTING>
225702.665942 [8984] [main] <info> Initializing dsp...
225702.666941 [8984] [main] <info> Preparing for login...
225702.666941 [8984] [main] <info> Packet size: 65520
225702.666941 [8984] [main] <info> Logging in...
225702.701918 [8984] [main] <info> Logged in
225702.701918 [8984] [main] <info> State <CONNECTING> changed to <LOADING>
225702.701918 [8984] [main] <info> Loading static data...
225702.715909 [8984] [main] <info> Loading snapshot...
225702.715909 [8984] [main] <info> State <LOADING> changed to <READY>
225702.715909 [8984] [main] <info> Main thread OK. Data refresh period: 10
225702.813849 [8984] [main] <info> Snapshot loaded: Cl: 1, As: 1
225702.813849 [8984] [main] <info> Host RAM: 8547MB total, 3371MB available, 29982KB used
225730.509909 [10772] [15368] <info> Open log C:\Programming\project\logs\, level 2
225730.510908 [10772] [15368] <info> System version 6.17. TXmlConnector version 2.21.2
225730.510908 [10772] [15368] <info> Initializing...
225731.519914 [10772] [15368] <info> State <DISCONNECTED> changed to <CONNECTING>
225731.519914 [10772] [main] <info> Initializing dsp...
225731.520918 [10772] [main] <info> Preparing for login...
225731.520918 [10772] [main] <info> Packet size: 65520
225731.520918 [10772] [main] <info> Logging in...
225731.553898 [10772] [main] <info> Logged in
225731.554896 [10772] [main] <info> State <CONNECTING> changed to <LOADING>
225731.554896 [10772] [main] <info> Loading static data...
225731.568887 [10772] [main] <info> Loading snapshot...
225731.568887 [10772] [main] <info> State <LOADING> changed to <READY>
225731.568887 [10772] [main] <info> Main thread OK. Data refresh period: 10
225731.665827 [10772] [main] <info> Snapshot loaded: Cl: 1, As: 1
225731.665827 [10772] [main] <info> Host RAM: 8547MB total, 3365MB available, 29745KB used
225921.688025 [10772] [15368] <info> Disconnecting...
225921.688025 [10772] [15368] <info> Waiting for WorkUp...
225921.688025 [10772] [main] <info> Shutdown event received
225921.689031 [10772] [main] <info> State <READY> changed to <DISCONNECTING>
225921.689031 [10772] [main] <info> Logging out...
225921.890737 [10772] [main] <info> Host RAM: 8547MB total, 3373MB available, 29798KB used
225921.890737 [10772] [main] <info> State <DISCONNECTING> changed to <DISCONNECTED>
225921.891741 [10772] [15368] <info> Disconnect OK
225921.891741 [10772] [15368] <info> Finalizing...
225921.892743 [10772] [15368] <info> Shutdown...
225921.892743 [10772] [15368] <info> Waiting for callback thread...
225921.892743 [10772] [15368] <info> Shutdown OK
225925.526599 [6656] [12688] <info> Open log C:\Programming\project\logs\, level 2
225925.527603 [6656] [12688] <info> System version 6.17. TXmlConnector version 2.21.2
225925.527603 [6656] [12688] <info> Initializing...
225926.536915 [6656] [12688] <info> State <DISCONNECTED> changed to <CONNECTING>
225926.536915 [6656] [main] <info> Initializing dsp...
225926.537919 [6656] [main] <info> Preparing for login...
225926.537919 [6656] [main] <info> Packet size: 65520
225926.537919 [6656] [main] <info> Logging in...
225926.619867 [6656] [main] <info> Logged in
225926.619867 [6656] [main] <info> State <CONNECTING> changed to <LOADING>
225926.619867 [6656] [main] <info> Loading static data...
225926.633859 [6656] [main] <info> Loading snapshot...
225926.633859 [6656] [main] <info> State <LOADING> changed to <READY>
225926.633859 [6656] [main] <info> Main thread OK. Data refresh period: 10
225926.735796 [6656] [main] <info> Snapshot loaded: Cl: 1, As: 1
225926.735796 [6656] [main] <info> Host RAM: 8547MB total, 3365MB available, 30064KB used
225955.643761 [14692] [6428] <info> Open log C:\Programming\project\logs\, level 2
225955.644762 [14692] [6428] <info> System version 6.17. TXmlConnector version 2.21.2
225955.644762 [14692] [6428] <info> Initializing...
225956.657740 [14692] [6428] <info> State <DISCONNECTED> changed to <CONNECTING>
225956.657740 [14692] [main] <info> Initializing dsp...
225956.658740 [14692] [main] <info> Preparing for login...
225956.658740 [14692] [main] <info> Packet size: 65520
225956.658740 [14692] [main] <info> Logging in...
225956.691719 [14692] [main] <info> Logged in
225956.691719 [14692] [main] <info> State <CONNECTING> changed to <LOADING>
225956.691719 [14692] [main] <info> Loading static data...
225956.704711 [14692] [main] <info> Loading snapshot...
225956.705710 [14692] [main] <info> State <LOADING> changed to <READY>
225956.705710 [14692] [main] <info> Main thread OK. Data refresh period: 10
225956.803650 [14692] [main] <info> Snapshot loaded: Cl: 1, As: 1
225956.803650 [14692] [main] <info> Host RAM: 8547MB total, 3362MB available, 29806KB used
230118.126868 [14692] [6428] <info> Disconnecting...
230118.126868 [14692] [6428] <info> Waiting for WorkUp...
230118.126868 [14692] [main] <info> Shutdown event received
230118.126868 [14692] [main] <info> State <READY> changed to <DISCONNECTING>
230118.126868 [14692] [main] <info> Logging out...
230118.339108 [14692] [main] <info> Host RAM: 8547MB total, 3256MB available, 29810KB used
230118.339108 [14692] [main] <info> State <DISCONNECTING> changed to <DISCONNECTED>
230118.340114 [14692] [6428] <info> Disconnect OK
230118.340114 [14692] [6428] <info> Finalizing...
230118.341112 [14692] [6428] <info> Shutdown...
230118.341112 [14692] [6428] <info> Waiting for callback thread...
230118.341619 [14692] [6428] <info> Shutdown OK
230122.069007 [1340] [7372] <info> Open log C:\Programming\project\logs\, level 2
230122.069007 [1340] [7372] <info> System version 6.17. TXmlConnector version 2.21.2
230122.069007 [1340] [7372] <info> Initializing...
230123.073213 [1340] [7372] <info> State <DISCONNECTED> changed to <CONNECTING>
230123.073213 [1340] [main] <info> Initializing dsp...
230123.073213 [1340] [main] <info> Preparing for login...
230123.073213 [1340] [main] <info> Packet size: 65520
230123.073213 [1340] [main] <info> Logging in...
230123.100195 [1340] [main] <info> Logged in
230123.100195 [1340] [main] <info> State <CONNECTING> changed to <LOADING>
230123.100195 [1340] [main] <info> Loading static data...
230123.114186 [1340] [main] <info> Loading snapshot...
230123.114186 [1340] [main] <info> State <LOADING> changed to <READY>
230123.114186 [1340] [main] <info> Main thread OK. Data refresh period: 10
230123.222119 [1340] [main] <info> Snapshot loaded: Cl: 1, As: 1
230123.222119 [1340] [main] <info> Host RAM: 8547MB total, 3217MB available, 29851KB used
230208.537352 [13960] [1464] <info> Open log C:\Programming\project\logs\, level 2
230208.537352 [13960] [1464] <info> System version 6.17. TXmlConnector version 2.21.2
230208.537352 [13960] [1464] <info> Initializing...
230209.542080 [13960] [1464] <info> State <DISCONNECTED> changed to <CONNECTING>
230209.542080 [13960] [main] <info> Initializing dsp...
230209.543084 [13960] [main] <info> Preparing for login...
230209.543084 [13960] [main] <info> Packet size: 65520
230209.543084 [13960] [main] <info> Logging in...
230209.585057 [13960] [main] <info> Logged in
230209.585057 [13960] [main] <info> State <CONNECTING> changed to <LOADING>
230209.585057 [13960] [main] <info> Loading static data...
230209.598048 [13960] [main] <info> Loading snapshot...
230209.598048 [13960] [main] <info> State <LOADING> changed to <READY>
230209.598048 [13960] [main] <info> Main thread OK. Data refresh period: 10
230209.690993 [13960] [main] <info> Snapshot loaded: Cl: 1, As: 1
230209.690993 [13960] [main] <info> Host RAM: 8547MB total, 3289MB available, 30027KB used
230213.168670 [13960] [1464] <info> Disconnecting...
230213.168670 [13960] [1464] <info> Waiting for WorkUp...
230213.171256 [13960] [main] <info> Shutdown event received
230213.171256 [13960] [main] <info> State <READY> changed to <DISCONNECTING>
230213.171256 [13960] [main] <info> Logging out...
230213.383522 [13960] [main] <info> Host RAM: 8547MB total, 3286MB available, 29917KB used
230213.383522 [13960] [main] <info> State <DISCONNECTING> changed to <DISCONNECTED>
230213.384529 [13960] [1464] <info> Disconnect OK
230213.384529 [13960] [1464] <info> Finalizing...
230213.385528 [13960] [1464] <info> Shutdown...
230213.385528 [13960] [1464] <info> Waiting for callback thread...
230213.385922 [13960] [1464] <info> Shutdown OK
230216.462244 [14680] [6764] <info> Open log C:\Programming\project\logs\, level 2
230216.463247 [14680] [6764] <info> System version 6.17. TXmlConnector version 2.21.2
230216.463247 [14680] [6764] <info> Initializing...
230217.466689 [14680] [6764] <info> State <DISCONNECTED> changed to <CONNECTING>
230217.466689 [14680] [main] <info> Initializing dsp...
230217.467684 [14680] [main] <info> Preparing for login...
230217.467684 [14680] [main] <info> Packet size: 65520
230217.467684 [14680] [main] <info> Logging in...
230217.503663 [14680] [main] <info> Logged in
230217.503663 [14680] [main] <info> State <CONNECTING> changed to <LOADING>
230217.503663 [14680] [main] <info> Loading static data...
230217.516653 [14680] [main] <info> Loading snapshot...
230217.516653 [14680] [main] <info> State <LOADING> changed to <READY>
230217.516653 [14680] [main] <info> Main thread OK. Data refresh period: 10
230217.611594 [14680] [main] <info> Snapshot loaded: Cl: 1, As: 1
230217.611594 [14680] [main] <info> Host RAM: 8547MB total, 3301MB available, 29765KB used
230347.108829 [14680] [6764] <info> Disconnecting...
230347.109833 [14680] [6764] <info> Waiting for WorkUp...
230347.109833 [14680] [main] <info> Shutdown event received
230347.109833 [14680] [main] <info> State <READY> changed to <DISCONNECTING>
230347.109833 [14680] [main] <info> Logging out...
230347.313505 [14680] [main] <info> Host RAM: 8547MB total, 3326MB available, 42156KB used
230347.313505 [14680] [main] <info> State <DISCONNECTING> changed to <DISCONNECTED>
230347.314510 [14680] [6764] <info> Disconnect OK
230347.314510 [14680] [6764] <info> Finalizing...
230347.315514 [14680] [6764] <info> Shutdown...
230347.315514 [14680] [6764] <info> Waiting for callback thread...
230347.315514 [14680] [6764] <info> Shutdown OK
230350.779898 [0504] [12404] <info> Open log C:\Programming\project\logs\, level 2
230350.779898 [0504] [12404] <info> System version 6.17. TXmlConnector version 2.21.2
230350.779898 [0504] [12404] <info> Initializing...
230351.786163 [0504] [12404] <info> State <DISCONNECTED> changed to <CONNECTING>
230351.786163 [0504] [main] <info> Initializing dsp...
230351.787169 [0504] [main] <info> Preparing for login...
230351.787169 [0504] [main] <info> Packet size: 65520
230351.787169 [0504] [main] <info> Logging in...
230351.822145 [0504] [main] <info> Logged in
230351.822145 [0504] [main] <info> State <CONNECTING> changed to <LOADING>
230351.822145 [0504] [main] <info> Loading static data...
230351.835136 [0504] [main] <info> Loading snapshot...
230351.835136 [0504] [main] <info> State <LOADING> changed to <READY>
230351.835136 [0504] [main] <info> Main thread OK. Data refresh period: 10
230351.931077 [0504] [main] <info> Snapshot loaded: Cl: 1, As: 1
230351.931077 [0504] [main] <info> Host RAM: 8547MB total, 3340MB available, 29962KB used
230446.253464 [0504] [12404] <info> Disconnecting...
230446.253464 [0504] [12404] <info> Waiting for WorkUp...
230446.254472 [0504] [main] <info> Shutdown event received
230446.254472 [0504] [main] <info> State <READY> changed to <DISCONNECTING>
230446.254472 [0504] [main] <info> Logging out...
230446.459791 [0504] [main] <info> Host RAM: 8547MB total, 3321MB available, 43089KB used
230446.459791 [0504] [main] <info> State <DISCONNECTING> changed to <DISCONNECTED>
230446.460795 [0504] [12404] <info> Disconnect OK
230446.460795 [0504] [12404] <info> Finalizing...
230446.461796 [0504] [12404] <info> Shutdown...
230446.461796 [0504] [12404] <info> Waiting for callback thread...
230446.461796 [0504] [12404] <info> Shutdown OK
230906.768401 [10768] [15228] <info> Open log C:\Programming\project\logs\, level 2
230906.768401 [10768] [15228] <info> System version 6.17. TXmlConnector version 2.21.2
230906.768401 [10768] [15228] <info> Initializing...
230907.773962 [10768] [15228] <info> State <DISCONNECTED> changed to <CONNECTING>
230907.773962 [10768] [main] <info> Initializing dsp...
230907.774967 [10768] [main] <info> Preparing for login...
230907.774967 [10768] [main] <info> Packet size: 65520
230907.774967 [10768] [main] <info> Logging in...
230907.816938 [10768] [main] <info> Logged in
230907.816938 [10768] [main] <info> State <CONNECTING> changed to <LOADING>
230907.816938 [10768] [main] <info> Loading static data...
230907.829930 [10768] [main] <info> Loading snapshot...
230907.829930 [10768] [main] <info> State <LOADING> changed to <READY>
230907.829930 [10768] [main] <info> Main thread OK. Data refresh period: 10
230907.923069 [10768] [main] <info> Snapshot loaded: Cl: 1, As: 1
230907.923069 [10768] [main] <info> Host RAM: 8547MB total, 3415MB available, 30035KB used
230940.150130 [10768] [15228] <info> Disconnecting...
230940.150130 [10768] [15228] <info> Waiting for WorkUp...
230940.151134 [10768] [main] <info> Shutdown event received
230940.151134 [10768] [main] <info> State <READY> changed to <DISCONNECTING>
230940.151134 [10768] [main] <info> Logging out...
230940.362556 [10768] [main] <info> Host RAM: 8547MB total, 3405MB available, 30294KB used
230940.362556 [10768] [main] <info> State <DISCONNECTING> changed to <DISCONNECTED>
230940.363561 [10768] [15228] <info> Disconnect OK
230940.364565 [10768] [15228] <info> Finalizing...
230940.364565 [10768] [15228] <info> Shutdown...
230940.364565 [10768] [15228] <info> Waiting for callback thread...
230940.364565 [10768] [15228] <info> Shutdown OK
