044313.000816 [0800] [2976] <cmd> [V] System version 6.17. TXmlConnector version 2.21.2
044313.011882 [0800] [2976] <cmd> [I] 
		<command id="connect">
			<login>TCNN9975</login>
			<password>*</password>
			<host>tr1-demo5.finam.ru</host>
			<port>3939</port>
			<language>en</language>
			<rqdelay>20</rqdelay>
			<milliseconds>false</milliseconds>
			<utc_time>true</utc_time>
		</command>
	
044314.032114 [0800] [2976] <res> [R] <result success="true"/>
044459.277159 [12940] [10556] <cmd> [V] System version 6.17. TXmlConnector version 2.21.2
044459.278159 [12940] [10556] <cmd> [I] 
		<command id="connect">
			<login>TCNN9975</login>
			<password>*</password>
			<host>tr1-demo5.finam.ru</host>
			<port>3939</port>
			<language>en</language>
			<rqdelay>20</rqdelay>
			<milliseconds>false</milliseconds>
			<utc_time>true</utc_time>
		</command>
	
044500.321588 [12940] [10556] <res> [R] <result success="true"/>
044914.241097 [4800] [12872] <cmd> [V] System version 6.17. TXmlConnector version 2.21.2
044914.241097 [4800] [12872] <cmd> [I] 
		<command id="connect">
			<login>TCNN9975</login>
			<password>*</password>
			<host>tr1-demo5.finam.ru</host>
			<port>3939</port>
			<language>en</language>
			<rqdelay>20</rqdelay>
			<milliseconds>false</milliseconds>
			<utc_time>true</utc_time>
		</command>
	
044915.245744 [4800] [12872] <res> [R] <result success="true"/>
045153.743790 [8096] [12352] <cmd> [V] System version 6.17. TXmlConnector version 2.21.2
045153.744790 [8096] [12352] <cmd> [I] 
		<command id="connect">
			<login>TCNN9975</login>
			<password>*</password>
			<host>tr1-demo5.finam.ru</host>
			<port>3939</port>
			<language>en</language>
			<rqdelay>20</rqdelay>
			<milliseconds>false</milliseconds>
			<utc_time>true</utc_time>
		</command>
	
045154.751768 [8096] [12352] <res> [R] <result success="true"/>
045953.483502 [12900] [10936] <cmd> [V] System version 6.17. TXmlConnector version 2.21.2
045953.484501 [12900] [10936] <cmd> [I] 
		<command id="connect">
			<login>TCNN9975</login>
			<password>*</password>
			<host>tr1-demo5.finam.ru</host>
			<port>3939</port>
			<language>en</language>
			<rqdelay>20</rqdelay>
			<milliseconds>false</milliseconds>
			<utc_time>true</utc_time>
		</command>
	
045954.494471 [12900] [10936] <res> [R] <result success="true"/>
050015.686842 [12900] [clbk] <info> [O] [116591u] <server_status connected="error">Сервер не доступен</server_status>
050029.056008 [12900] [10936] <cmd> [I] <command id="disconnect"/>
050029.058015 [12900] [10936] <res> [R] <result success="false"><message>Соединение не установлено...</message></result>
050035.369264 [2272] [0852] <cmd> [V] System version 6.17. TXmlConnector version 2.21.2
050035.370263 [2272] [0852] <cmd> [I] 
		<command id="connect">
			<login>TCNN9975</login>
			<password>*</password>
			<host>tr1-demo5.finam.ru</host>
			<port>3939</port>
			<language>en</language>
			<rqdelay>20</rqdelay>
			<milliseconds>false</milliseconds>
			<utc_time>true</utc_time>
		</command>
	
050036.383425 [2272] [0852] <res> [R] <result success="true"/>
050103.001802 [9136] [4832] <cmd> [V] System version 6.17. TXmlConnector version 2.21.2
050103.001802 [9136] [4832] <cmd> [I] 
		<command id="connect">
			<login>TCNN9975</login>
			<password>*</password>
			<host>tr1-demo5.finam.ru</host>
			<port>3939</port>
			<language>en</language>
			<rqdelay>20</rqdelay>
			<milliseconds>false</milliseconds>
			<utc_time>true</utc_time>
		</command>
	
050104.014275 [9136] [4832] <res> [R] <result success="true"/>
050125.060066 [9136] [clbk] <info> [O] [837u] <server_status connected="error">Сервер не доступен</server_status>
050144.205704 [9136] [4832] <cmd> [I] <command id="disconnect"/>
050144.206696 [9136] [4832] <res> [R] <result success="false"><message>Соединение не установлено...</message></result>
050212.840319 [2680] [11556] <cmd> [V] System version 6.17. TXmlConnector version 2.21.2
050212.840319 [2680] [11556] <cmd> [I] 
		<command id="connect">
			<login>TCNN9975</login>
			<password>*</password>
			<host>tr1-demo5.finam.ru</host>
			<port>3939</port>
			<language>en</language>
			<rqdelay>20</rqdelay>
			<milliseconds>false</milliseconds>
			<utc_time>true</utc_time>
		</command>
	
050213.852539 [2680] [11556] <res> [R] <result success="true"/>
050234.903368 [2680] [clbk] <info> [O] [1413u] <server_status connected="error">Сервер не доступен</server_status>
050242.398153 [2680] [11556] <cmd> [I] <command id="disconnect"/>
050242.399153 [2680] [11556] <res> [R] <result success="false"><message>Соединение не установлено...</message></result>
050245.982541 [10316] [7016] <cmd> [V] System version 6.17. TXmlConnector version 2.21.2
050245.982541 [10316] [7016] <cmd> [I] 
		<command id="connect">
			<login>TCNN9975</login>
			<password>*</password>
			<host>tr1-demo5.finam.ru</host>
			<port>3939</port>
			<language>en</language>
			<rqdelay>20</rqdelay>
			<milliseconds>false</milliseconds>
			<utc_time>true</utc_time>
		</command>
	
050246.995394 [10316] [7016] <res> [R] <result success="true"/>
050352.955291 [12092] [6668] <cmd> [V] System version 6.17. TXmlConnector version 2.21.2
050352.955291 [12092] [6668] <cmd> [I] 
		<command id="connect">
			<login>TCNN9975</login>
			<password>*</password>
			<host>tr1-demo5.finam.ru</host>
			<port>3939</port>
			<language>en</language>
			<rqdelay>20</rqdelay>
			<milliseconds>false</milliseconds>
			<utc_time>true</utc_time>
		</command>
	
050353.970031 [12092] [6668] <res> [R] <result success="true"/>
050407.477702 [12092] [6668] <cmd> [I] <command id="disconnect"/>
050415.022057 [12092] [6668] <res> [R] <result success="true"/>
050415.023058 [12092] [clbk] <info> [O] [1466u] <server_status connected="error">Сервер не доступен</server_status>
050420.765573 [10948] [7712] <cmd> [V] System version 6.17. TXmlConnector version 2.21.2
050420.765573 [10948] [7712] <cmd> [I] 
		<command id="connect">
			<login>TCNN9975</login>
			<password>*</password>
			<host>tr1-demo5.finam.ru</host>
			<port>3939</port>
			<language>en</language>
			<rqdelay>20</rqdelay>
			<milliseconds>false</milliseconds>
			<utc_time>true</utc_time>
		</command>
	
050421.767344 [10948] [7712] <res> [R] <result success="true"/>
050425.403949 [10948] [7712] <cmd> [I] <command id="disconnect"/>
050442.827488 [10948] [7712] <res> [R] <result success="true"/>
050442.828488 [10948] [clbk] <info> [O] [1633u] <server_status connected="error">Сервер не доступен</server_status>
051646.792279 [12652] [9996] <cmd> [V] System version 6.17. TXmlConnector version 2.21.2
051834.408011 [5108] [3324] <cmd> [V] System version 6.17. TXmlConnector version 2.21.2
051852.494197 [2904] [1708] <cmd> [V] System version 6.17. TXmlConnector version 2.21.2
051920.771567 [12508] [8780] <cmd> [V] System version 6.17. TXmlConnector version 2.21.2
052026.600680 [10564] [10944] <cmd> [V] System version 6.17. TXmlConnector version 2.21.2
052050.554271 [5044] [9836] <cmd> [V] System version 6.17. TXmlConnector version 2.21.2
052224.315726 [6684] [11556] <cmd> [V] System version 6.17. TXmlConnector version 2.21.2
052311.178536 [8780] [12508] <cmd> [V] System version 6.17. TXmlConnector version 2.21.2
052922.415068 [8672] [13212] <cmd> [V] System version 6.17. TXmlConnector version 2.21.2
052922.415068 [8672] [13212] <cmd> [I] 
		<command id="connect">
			<login>TCNN9975</login>
			<password>*</password>
			<host>tr1-demo5.finam.ru</host>
			<port>3939</port>
			<language>en</language>
			<rqdelay>20</rqdelay>
			<milliseconds>false</milliseconds>
			<utc_time>true</utc_time>
		</command>
	
052923.422796 [8672] [13212] <res> [R] <result success="true"/>
052925.263681 [8672] [13212] <cmd> [I] <command id="disconnect"/>
052944.467789 [8672] [13212] <res> [R] <result success="true"/>
052944.468790 [8672] [clbk] <info> [O] [1415u] <server_status connected="error">Сервер не доступен</server_status>
100049.682579 [13556] [15312] <cmd> [V] System version 6.17. TXmlConnector version 2.21.2
100049.717949 [13556] [15312] <cmd> [I] 
		<command id="connect">
			<login>TCNN9975</login>
			<password>*</password>
			<host>tr1-demo5.finam.ru</host>
			<port>3939</port>
			<language>en</language>
			<rqdelay>20</rqdelay>
			<milliseconds>false</milliseconds>
			<utc_time>true</utc_time>
		</command>
	
100050.724866 [13556] [15312] <res> [R] <result success="true"/>
100118.512897 [13624] [9264] <cmd> [V] System version 6.17. TXmlConnector version 2.21.2
100118.512897 [13624] [9264] <cmd> [I] 
		<command id="connect">
			<login>TCNN9975</login>
			<password>*</password>
			<host>tr1-demo5.finam.ru</host>
			<port>3939</port>
			<language>en</language>
			<rqdelay>20</rqdelay>
			<milliseconds>false</milliseconds>
			<utc_time>true</utc_time>
		</command>
	
100119.518242 [13624] [9264] <res> [R] <result success="true"/>
100128.699584 [13624] [9264] <cmd> [I] <command id="disconnect"/>
100128.953428 [13624] [9264] <res> [R] <result success="true"/>
100411.912784 [6948] [8560] <cmd> [V] System version 6.17. TXmlConnector version 2.21.2
100411.912784 [6948] [8560] <cmd> [I] 
		<command id="connect">
			<login>TCNN9975</login>
			<password>*</password>
			<host>tr1-demo5.finam.ru</host>
			<port>3939</port>
			<language>en</language>
			<rqdelay>20</rqdelay>
			<milliseconds>false</milliseconds>
			<utc_time>true</utc_time>
		</command>
	
100412.915118 [6948] [8560] <res> [R] <result success="true"/>
100418.180134 [6948] [8560] <cmd> [I] <command id="disconnect"/>
100418.384008 [6948] [8560] <res> [R] <result success="true"/>
100745.696533 [11180] [8148] <cmd> [V] System version 6.17. TXmlConnector version 2.21.2
100745.697532 [11180] [8148] <cmd> [I] 
		<command id="connect">
			<login>TCNN9975</login>
			<password>*</password>
			<host>tr1-demo5.finam.ru</host>
			<port>3939</port>
			<language>en</language>
			<rqdelay>20</rqdelay>
			<milliseconds>false</milliseconds>
			<utc_time>true</utc_time>
		</command>
	
100746.709340 [11180] [8148] <res> [R] <result success="true"/>
100753.506297 [11180] [8148] <cmd> [I] <command id="disconnect"/>
100753.709168 [11180] [8148] <res> [R] <result success="true"/>
183939.078159 [9316] [16016] <cmd> [V] System version 6.17. TXmlConnector version 2.21.2
183939.107147 [9316] [16016] <cmd> [I] 
		<command id="connect">
			<login>TCNN9975</login>
			<password>*</password>
			<host>tr1-demo5.finam.ru</host>
			<port>3939</port>
			<language>en</language>
			<rqdelay>10</rqdelay>
			<milliseconds>false</milliseconds>
			<utc_time>true</utc_time>
			
		</command>
	
183940.117665 [9316] [16016] <res> [R] <result success="true"/>
183942.828511 [9316] [16016] <cmd> [I] <command id="disconnect"/>
183943.035381 [9316] [16016] <res> [R] <result success="true"/>
184052.550419 [15288] [16188] <cmd> [V] System version 6.17. TXmlConnector version 2.21.2
184052.551419 [15288] [16188] <cmd> [I] 
		<command id="connect">
			<login>TCNN9975</login>
			<password>*</password>
			<host>tr1-demo5.finam.ru</host>
			<port>3939</port>
			<language>en</language>
			<rqdelay>10</rqdelay>
			<milliseconds>false</milliseconds>
			<utc_time>true</utc_time>
			
		</command>
	
184053.556488 [15288] [16188] <res> [R] <result success="true"/>
184118.606286 [16148] [14084] <cmd> [V] System version 6.17. TXmlConnector version 2.21.2
184118.607286 [16148] [14084] <cmd> [I] 
		<command id="connect">
			<login>TCNN9975</login>
			<password>*</password>
			<host>tr1-demo5.finam.ru</host>
			<port>3939</port>
			<language>en</language>
			<rqdelay>10</rqdelay>
			<milliseconds>false</milliseconds>
			<utc_time>true</utc_time>
			
		</command>
	
184119.608651 [16148] [14084] <res> [R] <result success="true"/>
184143.939165 [9588] [1400] <cmd> [V] System version 6.17. TXmlConnector version 2.21.2
184143.939165 [9588] [1400] <cmd> [I] 
		<command id="connect">
			<login>TCNN9975</login>
			<password>*</password>
			<host>tr1-demo5.finam.ru</host>
			<port>3939</port>
			<language>en</language>
			<rqdelay>10</rqdelay>
			<milliseconds>false</milliseconds>
			<utc_time>true</utc_time>
			
		</command>
	
184144.944610 [9588] [1400] <res> [R] <result success="true"/>
184145.323546 [9588] [clbk] <info> [O] [974u] <client id="virt/9975" remove="false"><market>1</market><currency>RUB</currency><type>leverage</type></client>
184145.324545 [9588] [clbk] <info> [O] [981u] <orders><stoporder transactionid="110"><secid>26</secid><union></union><board>TQBR</board><seccode>SBER</seccode><client>virt/9975</client><buysell>S</buysell><validbefore></validbefore><author>TCNN9975</author><accepttime>30.03.2020 07:35:25</accepttime><status>watching</status><stoploss usecredit="yes"><activationprice>174.5</activationprice><quantity>100</quantity><bymarket/></stoploss><withdrawtime>0</withdrawtime></stoporder></orders>
184145.325545 [9588] [clbk] <info> [O] [893u] <positions><money_position><client>virt/9975</client><union></union><markets><market>1</market></markets><asset>FOND_MICEX</asset><shortname>Деньги КЦБ ММВБ (RUR)</shortname><saldoin>300000.0</saldoin><bought>0.0</bought><sold>0.0</sold><saldo>300000.0</saldo><ordbuy>0.0</ordbuy><ordbuycond>0.0</ordbuycond><comission>0.0</comission></money_position></positions>
184145.351529 [9588] [clbk] <info> [O] [782u] <server_status sys_ver="617" build="30" server_tz="Russian Standard Time" id="0" connected="true"/>
184234.654544 [3804] [3844] <cmd> [V] System version 6.17. TXmlConnector version 2.21.2
184234.655543 [3804] [3844] <cmd> [I] 
		<command id="connect">
			<login>TCNN9975</login>
			<password>*</password>
			<host>tr1-demo5.finam.ru</host>
			<port>3939</port>
			<language>en</language>
			<rqdelay>10</rqdelay>
			<milliseconds>false</milliseconds>
			<utc_time>true</utc_time>
			
		</command>
	
184235.670904 [3804] [3844] <res> [R] <result success="true"/>
184236.768425 [3804] [clbk] <info> [O] [841u] <client id="virt/9975" remove="false"><market>1</market><currency>RUB</currency><type>leverage</type></client>
184236.769423 [3804] [clbk] <info> [O] [1136u] <orders><stoporder transactionid="110"><secid>26</secid><union></union><board>TQBR</board><seccode>SBER</seccode><client>virt/9975</client><buysell>S</buysell><validbefore></validbefore><author>TCNN9975</author><accepttime>30.03.2020 07:35:25</accepttime><status>watching</status><stoploss usecredit="yes"><activationprice>174.5</activationprice><quantity>100</quantity><bymarket/></stoploss><withdrawtime>0</withdrawtime></stoporder></orders>
184236.771421 [3804] [clbk] <info> [O] [1393u] <positions><money_position><client>virt/9975</client><union></union><markets><market>1</market></markets><asset>FOND_MICEX</asset><shortname>Деньги КЦБ ММВБ (RUR)</shortname><saldoin>300000.0</saldoin><bought>0.0</bought><sold>0.0</sold><saldo>300000.0</saldo><ordbuy>0.0</ordbuy><ordbuycond>0.0</ordbuycond><comission>0.0</comission></money_position></positions>
184236.792408 [3804] [clbk] <info> [O] [349u] <server_status sys_ver="617" build="30" server_tz="Russian Standard Time" id="0" connected="true"/>
184346.500270 [3804] [3844] <cmd> [I] <command id="disconnect"/>
184346.733498 [3804] [3844] <res> [R] <result success="true"/>
184346.733498 [3804] [clbk] <info> [O] [1986u] <server_status sys_ver="617" build="30" server_tz="Russian Standard Time" id="0" connected="false"/>
184630.885327 [13532] [15600] <cmd> [V] System version 6.17. TXmlConnector version 2.21.2
184630.886326 [13532] [15600] <cmd> [I] 
		<command id="connect">
			<login>TCNN9975</login>
			<password>*</password>
			<host>tr1-demo5.finam.ru</host>
			<port>3939</port>
			<language>en</language>
			<rqdelay>10</rqdelay>
			<milliseconds>false</milliseconds>
			<utc_time>true</utc_time>
			
		</command>
	
184631.893966 [13532] [15600] <res> [R] <result success="true"/>
184631.894966 [13532] [15600] <cmd> [I] <command id="get_securities" />
184631.895962 [13532] [15600] <res> [R] <result success="false"><message>Cannot process this command without connection.</message></result>
184632.984329 [13532] [clbk] <info> [O] [793u] <client id="virt/9975" remove="false"><market>1</market><currency>RUB</currency><type>leverage</type></client>
184632.985329 [13532] [clbk] <info> [O] [1085u] <orders><stoporder transactionid="110"><secid>26</secid><union></union><board>TQBR</board><seccode>SBER</seccode><client>virt/9975</client><buysell>S</buysell><validbefore></validbefore><author>TCNN9975</author><accepttime>30.03.2020 07:35:25</accepttime><status>watching</status><stoploss usecredit="yes"><activationprice>174.5</activationprice><quantity>100</quantity><bymarket/></stoploss><withdrawtime>0</withdrawtime></stoporder></orders>
184632.987328 [13532] [clbk] <info> [O] [1269u] <positions><money_position><client>virt/9975</client><union></union><markets><market>1</market></markets><asset>FOND_MICEX</asset><shortname>Деньги КЦБ ММВБ (RUR)</shortname><saldoin>300000.0</saldoin><bought>0.0</bought><sold>0.0</sold><saldo>300000.0</saldo><ordbuy>0.0</ordbuy><ordbuycond>0.0</ordbuycond><comission>0.0</comission></money_position></positions>
184633.005317 [13532] [clbk] <info> [O] [370u] <server_status sys_ver="617" build="30" server_tz="Russian Standard Time" id="0" connected="true"/>
191817.454362 [13532] [15600] <cmd> [I] <command id="disconnect"/>
191817.664040 [13532] [15600] <res> [R] <result success="true"/>
191817.665041 [13532] [clbk] <info> [O] [1681u] <server_status sys_ver="617" build="30" server_tz="Russian Standard Time" id="0" connected="false"/>
192409.463837 [6764] [5692] <cmd> [V] System version 6.17. TXmlConnector version 2.21.2
192409.463837 [6764] [5692] <cmd> [I] 
		<command id="connect">
			<login>TCNN9975</login>
			<password>*</password>
			<host>tr1-demo5.finam.ru</host>
			<port>3939</port>
			<language>en</language>
			<rqdelay>10</rqdelay>
			<milliseconds>false</milliseconds>
			<utc_time>true</utc_time>
			
		</command>
	
192410.479142 [6764] [5692] <res> [R] <result success="true"/>
192410.480139 [6764] [5692] <cmd> [I] <command id="get_securities" />
192410.481140 [6764] [5692] <res> [R] <result success="false"><message>Cannot process this command without connection.</message></result>
192411.318774 [6764] [clbk] <info> [O] [373u] <client id="virt/9975" remove="false"><market>1</market><currency>RUB</currency><type>leverage</type></client>
192411.319773 [6764] [clbk] <info> [O] [704u] <orders><stoporder transactionid="110"><secid>26</secid><union></union><board>TQBR</board><seccode>SBER</seccode><client>virt/9975</client><buysell>S</buysell><validbefore></validbefore><author>TCNN9975</author><accepttime>30.03.2020 07:35:25</accepttime><status>watching</status><stoploss usecredit="yes"><activationprice>174.5</activationprice><quantity>100</quantity><bymarket/></stoploss><withdrawtime>0</withdrawtime></stoporder></orders>
192411.321770 [6764] [clbk] <info> [O] [1919u] <positions><money_position><client>virt/9975</client><union></union><markets><market>1</market></markets><asset>FOND_MICEX</asset><shortname>Деньги КЦБ ММВБ (RUR)</shortname><saldoin>300000.0</saldoin><bought>0.0</bought><sold>0.0</sold><saldo>300000.0</saldo><ordbuy>0.0</ordbuy><ordbuycond>0.0</ordbuycond><comission>0.0</comission></money_position></positions>
192411.332765 [6764] [clbk] <info> [O] [184u] <server_status sys_ver="617" build="30" server_tz="Russian Standard Time" id="0" connected="true"/>
192538.815754 [6764] [5692] <cmd> [I] <command id="disconnect"/>
192539.029555 [6764] [clbk] <info> [O] [1060u] <server_status sys_ver="617" build="30" server_tz="Russian Standard Time" id="0" connected="false"/>
192539.029555 [6764] [5692] <res> [R] <result success="true"/>
192542.901754 [14728] [14472] <cmd> [V] System version 6.17. TXmlConnector version 2.21.2
192542.902753 [14728] [14472] <cmd> [I] 
		<command id="connect">
			<login>TCNN9975</login>
			<password>*</password>
			<host>tr1-demo5.finam.ru</host>
			<port>3939</port>
			<language>en</language>
			<rqdelay>10</rqdelay>
			<milliseconds>false</milliseconds>
			<utc_time>true</utc_time>
			
		</command>
	
192543.914564 [14728] [14472] <res> [R] <result success="true"/>
192543.914564 [14728] [14472] <cmd> [I] <command id="get_securities" />
192543.915560 [14728] [14472] <res> [R] <result success="false"><message>Cannot process this command without connection.</message></result>
192544.725124 [14728] [clbk] <info> [O] [367u] <client id="virt/9975" remove="false"><market>1</market><currency>RUB</currency><type>leverage</type></client>
192544.726124 [14728] [clbk] <info> [O] [795u] <orders><stoporder transactionid="110"><secid>26</secid><union></union><board>TQBR</board><seccode>SBER</seccode><client>virt/9975</client><buysell>S</buysell><validbefore></validbefore><author>TCNN9975</author><accepttime>30.03.2020 07:35:25</accepttime><status>watching</status><stoploss usecredit="yes"><activationprice>174.5</activationprice><quantity>100</quantity><bymarket/></stoploss><withdrawtime>0</withdrawtime></stoporder></orders>
192544.729119 [14728] [clbk] <info> [O] [1939u] <positions><money_position><client>virt/9975</client><union></union><markets><market>1</market></markets><asset>FOND_MICEX</asset><shortname>Деньги КЦБ ММВБ (RUR)</shortname><saldoin>300000.0</saldoin><bought>0.0</bought><sold>0.0</sold><saldo>300000.0</saldo><ordbuy>0.0</ordbuy><ordbuycond>0.0</ordbuycond><comission>0.0</comission></money_position></positions>
192544.740113 [14728] [clbk] <info> [O] [206u] <server_status sys_ver="617" build="30" server_tz="Russian Standard Time" id="0" connected="true"/>
192713.084136 [14728] [14472] <cmd> [I] <command id="disconnect"/>
192713.290882 [14728] [14472] <res> [R] <result success="true"/>
192713.291882 [14728] [clbk] <info> [O] [1090u] <server_status sys_ver="617" build="30" server_tz="Russian Standard Time" id="0" connected="false"/>
192716.537420 [7624] [9140] <cmd> [V] System version 6.17. TXmlConnector version 2.21.2
192716.537420 [7624] [9140] <cmd> [I] 
		<command id="connect">
			<login>TCNN9975</login>
			<password>*</password>
			<host>tr1-demo5.finam.ru</host>
			<port>3939</port>
			<language>en</language>
			<rqdelay>10</rqdelay>
			<milliseconds>false</milliseconds>
			<utc_time>true</utc_time>
			
		</command>
	
192717.553437 [7624] [9140] <res> [R] <result success="true"/>
192717.553437 [7624] [9140] <cmd> [I] <command id="get_securities" />
192717.553437 [7624] [9140] <res> [R] <result success="false"><message>Cannot process this command without connection.</message></result>
192723.402863 [7624] [clbk] <info> [O] [484u] <client id="virt/9975" remove="false"><market>1</market><currency>RUB</currency><type>leverage</type></client>
192723.406861 [7624] [clbk] <info> [O] [4213u] <orders><stoporder transactionid="110"><secid>26</secid><union></union><board>TQBR</board><seccode>SBER</seccode><client>virt/9975</client><buysell>S</buysell><validbefore></validbefore><author>TCNN9975</author><accepttime>30.03.2020 07:35:25</accepttime><status>watching</status><stoploss usecredit="yes"><activationprice>174.5</activationprice><quantity>100</quantity><bymarket/></stoploss><withdrawtime>0</withdrawtime></stoporder></orders>
192723.433844 [7624] [clbk] <info> [O] [26748u] <positions><money_position><client>virt/9975</client><union></union><markets><market>1</market></markets><asset>FOND_MICEX</asset><shortname>Деньги КЦБ ММВБ (RUR)</shortname><saldoin>300000.0</saldoin><bought>0.0</bought><sold>0.0</sold><saldo>300000.0</saldo><ordbuy>0.0</ordbuy><ordbuycond>0.0</ordbuycond><comission>0.0</comission></money_position></positions>
192723.539779 [7624] [clbk] <info> [O] [4725u] <server_status sys_ver="617" build="30" server_tz="Russian Standard Time" id="0" connected="true"/>
192748.575715 [11608] [10744] <cmd> [V] System version 6.17. TXmlConnector version 2.21.2
192748.575715 [11608] [10744] <cmd> [I] 
		<command id="connect">
			<login>TCNN9975</login>
			<password>*</password>
			<host>tr1-demo5.finam.ru</host>
			<port>3939</port>
			<language>en</language>
			<rqdelay>10</rqdelay>
			<milliseconds>false</milliseconds>
			<utc_time>true</utc_time>
			
		</command>
	
192749.588613 [11608] [10744] <res> [R] <result success="true"/>
192749.588613 [11608] [10744] <cmd> [I] <command id="get_securities" />
192749.589613 [11608] [10744] <res> [R] <result success="false"><message>Cannot process this command without connection.</message></result>
192750.962790 [11608] [clbk] <info> [O] [444u] <client id="virt/9975" remove="false"><market>1</market><currency>RUB</currency><type>leverage</type></client>
192750.964789 [11608] [clbk] <info> [O] [1110u] <orders><stoporder transactionid="110"><secid>26</secid><union></union><board>TQBR</board><seccode>SBER</seccode><client>virt/9975</client><buysell>S</buysell><validbefore></validbefore><author>TCNN9975</author><accepttime>30.03.2020 07:35:25</accepttime><status>watching</status><stoploss usecredit="yes"><activationprice>174.5</activationprice><quantity>100</quantity><bymarket/></stoploss><withdrawtime>0</withdrawtime></stoporder></orders>
192750.965788 [11608] [clbk] <info> [O] [1727u] <positions><money_position><client>virt/9975</client><union></union><markets><market>1</market></markets><asset>FOND_MICEX</asset><shortname>Деньги КЦБ ММВБ (RUR)</shortname><saldoin>300000.0</saldoin><bought>0.0</bought><sold>0.0</sold><saldo>300000.0</saldo><ordbuy>0.0</ordbuy><ordbuycond>0.0</ordbuycond><comission>0.0</comission></money_position></positions>
192750.983776 [11608] [clbk] <info> [O] [238u] <server_status sys_ver="617" build="30" server_tz="Russian Standard Time" id="0" connected="true"/>
192907.819689 [11608] [10744] <cmd> [I] <command id="disconnect"/>
192908.038491 [11608] [10744] <res> [R] <result success="true"/>
192908.039490 [11608] [clbk] <info> [O] [1185u] <server_status sys_ver="617" build="30" server_tz="Russian Standard Time" id="0" connected="false"/>
192912.216187 [12640] [15536] <cmd> [V] System version 6.17. TXmlConnector version 2.21.2
192912.217186 [12640] [15536] <cmd> [I] 
		<command id="connect">
			<login>TCNN9975</login>
			<password>*</password>
			<host>tr1-demo5.finam.ru</host>
			<port>3939</port>
			<language>en</language>
			<rqdelay>10</rqdelay>
			<milliseconds>false</milliseconds>
			<utc_time>true</utc_time>
			
		</command>
	
192913.221076 [12640] [15536] <res> [R] <result success="true"/>
192913.221076 [12640] [15536] <cmd> [I] <command id="get_securities" />
192913.221076 [12640] [15536] <res> [R] <result success="false"><message>Cannot process this command without connection.</message></result>
192913.396102 [12640] [clbk] <info> [O] [745u] <client id="virt/9975" remove="false"><market>1</market><currency>RUB</currency><type>leverage</type></client>
192913.397101 [12640] [clbk] <info> [O] [836u] <orders><stoporder transactionid="110"><secid>26</secid><union></union><board>TQBR</board><seccode>SBER</seccode><client>virt/9975</client><buysell>S</buysell><validbefore></validbefore><author>TCNN9975</author><accepttime>30.03.2020 07:35:25</accepttime><status>watching</status><stoploss usecredit="yes"><activationprice>174.5</activationprice><quantity>100</quantity><bymarket/></stoploss><withdrawtime>0</withdrawtime></stoporder></orders>
192913.398101 [12640] [clbk] <info> [O] [732u] <positions><money_position><client>virt/9975</client><union></union><markets><market>1</market></markets><asset>FOND_MICEX</asset><shortname>Деньги КЦБ ММВБ (RUR)</shortname><saldoin>300000.0</saldoin><bought>0.0</bought><sold>0.0</sold><saldo>300000.0</saldo><ordbuy>0.0</ordbuy><ordbuycond>0.0</ordbuycond><comission>0.0</comission></money_position></positions>
192913.418088 [12640] [clbk] <info> [O] [722u] <server_status sys_ver="617" build="30" server_tz="Russian Standard Time" id="0" connected="true"/>
192931.758890 [12640] [15536] <cmd> [I] <command id="disconnect"/>
192931.962683 [12640] [15536] <res> [R] <result success="true"/>
192931.965681 [12640] [clbk] <info> [O] [4387u] <server_status sys_ver="617" build="30" server_tz="Russian Standard Time" id="0" connected="false"/>
192938.355589 [14412] [13368] <cmd> [V] System version 6.17. TXmlConnector version 2.21.2
192938.356588 [14412] [13368] <cmd> [I] 
		<command id="connect">
			<login>TCNN9975</login>
			<password>*</password>
			<host>tr1-demo5.finam.ru</host>
			<port>3939</port>
			<language>en</language>
			<rqdelay>10</rqdelay>
			<milliseconds>false</milliseconds>
			<utc_time>true</utc_time>
			
		</command>
	
192939.357957 [14412] [13368] <res> [R] <result success="true"/>
192939.357957 [14412] [13368] <cmd> [I] <command id="get_securities" />
192939.357957 [14412] [13368] <res> [R] <result success="false"><message>Cannot process this command without connection.</message></result>
192939.541008 [14412] [clbk] <info> [O] [706u] <client id="virt/9975" remove="false"><market>1</market><currency>RUB</currency><type>leverage</type></client>
192939.543012 [14412] [clbk] <info> [O] [1136u] <orders><stoporder transactionid="110"><secid>26</secid><union></union><board>TQBR</board><seccode>SBER</seccode><client>virt/9975</client><buysell>S</buysell><validbefore></validbefore><author>TCNN9975</author><accepttime>30.03.2020 07:35:25</accepttime><status>watching</status><stoploss usecredit="yes"><activationprice>174.5</activationprice><quantity>100</quantity><bymarket/></stoploss><withdrawtime>0</withdrawtime></stoporder></orders>
192939.544006 [14412] [clbk] <info> [O] [785u] <positions><money_position><client>virt/9975</client><union></union><markets><market>1</market></markets><asset>FOND_MICEX</asset><shortname>Деньги КЦБ ММВБ (RUR)</shortname><saldoin>300000.0</saldoin><bought>0.0</bought><sold>0.0</sold><saldo>300000.0</saldo><ordbuy>0.0</ordbuy><ordbuycond>0.0</ordbuycond><comission>0.0</comission></money_position></positions>
192939.566991 [14412] [clbk] <info> [O] [717u] <server_status sys_ver="617" build="30" server_tz="Russian Standard Time" id="0" connected="true"/>
193347.955152 [14412] [13368] <cmd> [I] <command id="disconnect"/>
193348.165614 [14412] [13368] <res> [R] <result success="true"/>
193348.168613 [14412] [clbk] <info> [O] [4032u] <server_status sys_ver="617" build="30" server_tz="Russian Standard Time" id="0" connected="false"/>
193352.317732 [7908] [15628] <cmd> [V] System version 6.17. TXmlConnector version 2.21.2
193352.318731 [7908] [15628] <cmd> [I] 
		<command id="connect">
			<login>TCNN9975</login>
			<password>*</password>
			<host>tr1-demo5.finam.ru</host>
			<port>3939</port>
			<language>en</language>
			<rqdelay>10</rqdelay>
			<milliseconds>false</milliseconds>
			<utc_time>true</utc_time>
			
		</command>
	
193353.322097 [7908] [15628] <res> [R] <result success="true"/>
193353.322097 [7908] [15628] <cmd> [I] <command id="get_securities" />
193353.323097 [7908] [15628] <res> [R] <result success="false"><message>Cannot process this command without connection.</message></result>
193412.847837 [7908] [clbk] <info> [O] [5012u] <client id="virt/9975" remove="false"><market>1</market><currency>RUB</currency><type>leverage</type></client>
193412.861827 [7908] [clbk] <info> [O] [14252u] <orders><stoporder transactionid="110"><secid>26</secid><union></union><board>TQBR</board><seccode>SBER</seccode><client>virt/9975</client><buysell>S</buysell><validbefore></validbefore><author>TCNN9975</author><accepttime>30.03.2020 07:35:25</accepttime><status>watching</status><stoploss usecredit="yes"><activationprice>174.5</activationprice><quantity>100</quantity><bymarket/></stoploss><withdrawtime>0</withdrawtime></stoporder></orders>
193412.869823 [7908] [clbk] <info> [O] [7022u] <positions><money_position><client>virt/9975</client><union></union><markets><market>1</market></markets><asset>FOND_MICEX</asset><shortname>Деньги КЦБ ММВБ (RUR)</shortname><saldoin>300000.0</saldoin><bought>0.0</bought><sold>0.0</sold><saldo>300000.0</saldo><ordbuy>0.0</ordbuy><ordbuycond>0.0</ordbuycond><comission>0.0</comission></money_position></positions>
193413.070698 [7908] [clbk] <info> [O] [3337u] <server_status sys_ver="617" build="30" server_tz="Russian Standard Time" id="0" connected="true"/>
193509.479502 [7908] [15628] <cmd> [I] <command id="disconnect"/>
193509.687548 [7908] [15628] <res> [R] <result success="true"/>
193509.696544 [7908] [clbk] <info> [O] [10097u] <server_status sys_ver="617" build="30" server_tz="Russian Standard Time" id="0" connected="false"/>
193513.702211 [14856] [13192] <cmd> [V] System version 6.17. TXmlConnector version 2.21.2
193513.702211 [14856] [13192] <cmd> [I] 
		<command id="connect">
			<login>TCNN9975</login>
			<password>*</password>
			<host>tr1-demo5.finam.ru</host>
			<port>3939</port>
			<language>en</language>
			<rqdelay>10</rqdelay>
			<milliseconds>false</milliseconds>
			<utc_time>true</utc_time>
			
		</command>
	
193514.715171 [14856] [13192] <res> [R] <result success="true"/>
193514.715171 [14856] [13192] <cmd> [I] <command id="get_securities" />
193514.715171 [14856] [13192] <res> [R] <result success="false"><message>Cannot process this command without connection.</message></result>
193515.543691 [14856] [clbk] <info> [O] [411u] <client id="virt/9975" remove="false"><market>1</market><currency>RUB</currency><type>leverage</type></client>
193515.544691 [14856] [clbk] <info> [O] [704u] <orders><stoporder transactionid="110"><secid>26</secid><union></union><board>TQBR</board><seccode>SBER</seccode><client>virt/9975</client><buysell>S</buysell><validbefore></validbefore><author>TCNN9975</author><accepttime>30.03.2020 07:35:25</accepttime><status>watching</status><stoploss usecredit="yes"><activationprice>174.5</activationprice><quantity>100</quantity><bymarket/></stoploss><withdrawtime>0</withdrawtime></stoporder></orders>
193515.546687 [14856] [clbk] <info> [O] [1956u] <positions><money_position><client>virt/9975</client><union></union><markets><market>1</market></markets><asset>FOND_MICEX</asset><shortname>Деньги КЦБ ММВБ (RUR)</shortname><saldoin>300000.0</saldoin><bought>0.0</bought><sold>0.0</sold><saldo>300000.0</saldo><ordbuy>0.0</ordbuy><ordbuycond>0.0</ordbuycond><comission>0.0</comission></money_position></positions>
193515.557681 [14856] [clbk] <info> [O] [188u] <server_status sys_ver="617" build="30" server_tz="Russian Standard Time" id="0" connected="true"/>
193556.820877 [14856] [13192] <cmd> [I] <command id="disconnect"/>
193557.032427 [14856] [clbk] <info> [O] [937u] <server_status sys_ver="617" build="30" server_tz="Russian Standard Time" id="0" connected="false"/>
193557.032427 [14856] [13192] <res> [R] <result success="true"/>
193601.801212 [11652] [11428] <cmd> [V] System version 6.17. TXmlConnector version 2.21.2
193601.801212 [11652] [11428] <cmd> [I] 
		<command id="connect">
			<login>TCNN9975</login>
			<password>*</password>
			<host>tr1-demo5.finam.ru</host>
			<port>3939</port>
			<language>en</language>
			<rqdelay>10</rqdelay>
			<milliseconds>false</milliseconds>
			<utc_time>true</utc_time>
			
		</command>
	
193602.806106 [11652] [11428] <res> [R] <result success="true"/>
193602.806106 [11652] [11428] <cmd> [I] <command id="get_securities" />
193602.807101 [11652] [11428] <res> [R] <result success="false"><message>Cannot process this command without connection.</message></result>
193603.573655 [11652] [clbk] <info> [O] [374u] <client id="virt/9975" remove="false"><market>1</market><currency>RUB</currency><type>leverage</type></client>
193603.574655 [11652] [clbk] <info> [O] [715u] <orders><stoporder transactionid="110"><secid>26</secid><union></union><board>TQBR</board><seccode>SBER</seccode><client>virt/9975</client><buysell>S</buysell><validbefore></validbefore><author>TCNN9975</author><accepttime>30.03.2020 07:35:25</accepttime><status>watching</status><stoploss usecredit="yes"><activationprice>174.5</activationprice><quantity>100</quantity><bymarket/></stoploss><withdrawtime>0</withdrawtime></stoporder></orders>
193603.574655 [11652] [clbk] <info> [O] [430u] <positions><money_position><client>virt/9975</client><union></union><markets><market>1</market></markets><asset>FOND_MICEX</asset><shortname>Деньги КЦБ ММВБ (RUR)</shortname><saldoin>300000.0</saldoin><bought>0.0</bought><sold>0.0</sold><saldo>300000.0</saldo><ordbuy>0.0</ordbuy><ordbuycond>0.0</ordbuycond><comission>0.0</comission></money_position></positions>
193603.586645 [11652] [clbk] <info> [O] [202u] <server_status sys_ver="617" build="30" server_tz="Russian Standard Time" id="0" connected="true"/>
193607.208959 [11652] [11428] <cmd> [I] <command id="disconnect"/>
193607.417135 [11652] [clbk] <info> [O] [514u] <server_status sys_ver="617" build="30" server_tz="Russian Standard Time" id="0" connected="false"/>
193607.417135 [11652] [11428] <res> [R] <result success="true"/>
193651.666176 [13768] [3852] <cmd> [V] System version 6.17. TXmlConnector version 2.21.2
193651.666176 [13768] [3852] <cmd> [I] 
		<command id="connect">
			<login>TCNN9975</login>
			<password>*</password>
			<host>tr1-demo5.finam.ru</host>
			<port>3939</port>
			<language>en</language>
			<rqdelay>10</rqdelay>
			<milliseconds>false</milliseconds>
			<utc_time>true</utc_time>
			
		</command>
	
193652.676701 [13768] [3852] <res> [R] <result success="true"/>
193652.676701 [13768] [3852] <cmd> [I] <command id="get_securities" />
193652.676701 [13768] [3852] <res> [R] <result success="false"><message>Cannot process this command without connection.</message></result>
193653.455635 [13768] [clbk] <info> [O] [374u] <client id="virt/9975" remove="false"><market>1</market><currency>RUB</currency><type>leverage</type></client>
193653.456634 [13768] [clbk] <info> [O] [699u] <orders><stoporder transactionid="110"><secid>26</secid><union></union><board>TQBR</board><seccode>SBER</seccode><client>virt/9975</client><buysell>S</buysell><validbefore></validbefore><author>TCNN9975</author><accepttime>30.03.2020 07:35:25</accepttime><status>watching</status><stoploss usecredit="yes"><activationprice>174.5</activationprice><quantity>100</quantity><bymarket/></stoploss><withdrawtime>0</withdrawtime></stoporder></orders>
193653.457634 [13768] [clbk] <info> [O] [429u] <positions><money_position><client>virt/9975</client><union></union><markets><market>1</market></markets><asset>FOND_MICEX</asset><shortname>Деньги КЦБ ММВБ (RUR)</shortname><saldoin>300000.0</saldoin><bought>0.0</bought><sold>0.0</sold><saldo>300000.0</saldo><ordbuy>0.0</ordbuy><ordbuycond>0.0</ordbuycond><comission>0.0</comission></money_position></positions>
193653.468625 [13768] [clbk] <info> [O] [179u] <server_status sys_ver="617" build="30" server_tz="Russian Standard Time" id="0" connected="true"/>
193808.806879 [13768] [3852] <cmd> [I] <command id="disconnect"/>
193809.014519 [13768] [3852] <res> [R] <result success="true"/>
193809.014519 [13768] [clbk] <info> [O] [1024u] <server_status sys_ver="617" build="30" server_tz="Russian Standard Time" id="0" connected="false"/>
193812.550074 [15156] [12272] <cmd> [V] System version 6.17. TXmlConnector version 2.21.2
193812.551092 [15156] [12272] <cmd> [I] 
		<command id="connect">
			<login>TCNN9975</login>
			<password>*</password>
			<host>tr1-demo5.finam.ru</host>
			<port>3939</port>
			<language>en</language>
			<rqdelay>10</rqdelay>
			<milliseconds>false</milliseconds>
			<utc_time>true</utc_time>
			
		</command>
	
193813.565096 [15156] [12272] <res> [R] <result success="true"/>
193813.565096 [15156] [12272] <cmd> [I] <command id="get_securities" />
193813.566094 [15156] [12272] <res> [R] <result success="false"><message>Cannot process this command without connection.</message></result>
193816.841070 [15156] [clbk] <info> [O] [5837u] <client id="virt/9975" remove="false"><market>1</market><currency>RUB</currency><type>leverage</type></client>
193816.847066 [15156] [clbk] <info> [O] [5812u] <orders><stoporder transactionid="110"><secid>26</secid><union></union><board>TQBR</board><seccode>SBER</seccode><client>virt/9975</client><buysell>S</buysell><validbefore></validbefore><author>TCNN9975</author><accepttime>30.03.2020 07:35:25</accepttime><status>watching</status><stoploss usecredit="yes"><activationprice>174.5</activationprice><quantity>100</quantity><bymarket/></stoploss><withdrawtime>0</withdrawtime></stoporder></orders>
193816.853064 [15156] [clbk] <info> [O] [5094u] <positions><money_position><client>virt/9975</client><union></union><markets><market>1</market></markets><asset>FOND_MICEX</asset><shortname>Деньги КЦБ ММВБ (RUR)</shortname><saldoin>300000.0</saldoin><bought>0.0</bought><sold>0.0</sold><saldo>300000.0</saldo><ordbuy>0.0</ordbuy><ordbuycond>0.0</ordbuycond><comission>0.0</comission></money_position></positions>
193816.940009 [15156] [clbk] <info> [O] [249u] <server_status sys_ver="617" build="30" server_tz="Russian Standard Time" id="0" connected="true"/>
193923.944557 [15628] [15648] <cmd> [V] System version 6.17. TXmlConnector version 2.21.2
193923.944557 [15628] [15648] <cmd> [I] 
		<command id="connect">
			<login>TCNN9975</login>
			<password>*</password>
			<host>tr1-demo5.finam.ru</host>
			<port>3939</port>
			<language>en</language>
			<rqdelay>10</rqdelay>
			<milliseconds>false</milliseconds>
			<utc_time>true</utc_time>
			
		</command>
	
193924.954421 [15628] [15648] <res> [R] <result success="true"/>
193924.954421 [15628] [15648] <cmd> [I] <command id="get_securities" />
193924.955419 [15628] [15648] <res> [R] <result success="false"><message>Cannot process this command without connection.</message></result>
194013.105034 [12040] [10560] <cmd> [V] System version 6.17. TXmlConnector version 2.21.2
194013.106033 [12040] [10560] <cmd> [I] 
		<command id="connect">
			<login>TCNN9975</login>
			<password>*</password>
			<host>tr1-demo5.finam.ru</host>
			<port>3939</port>
			<language>en</language>
			<rqdelay>10</rqdelay>
			<milliseconds>false</milliseconds>
			<utc_time>true</utc_time>
			
		</command>
	
194014.115202 [12040] [10560] <res> [R] <result success="true"/>
194014.115202 [12040] [10560] <cmd> [I] <command id="get_securities" />
194014.115202 [12040] [10560] <res> [R] <result success="false"><message>Cannot process this command without connection.</message></result>
203522.509814 [15844] [5876] <cmd> [V] System version 6.17. TXmlConnector version 2.21.2
203522.510813 [15844] [5876] <cmd> [I] 
		<command id="connect">
			<login>TCNN9975</login>
			<password>*</password>
			<host>tr1-demo5.finam.ru</host>
			<port>3939</port>
			<language>en</language>
			<rqdelay>10</rqdelay>
			<milliseconds>false</milliseconds>
			<utc_time>true</utc_time>
			
		</command>
	
203523.516184 [15844] [5876] <res> [R] <result success="true"/>
203523.516184 [15844] [5876] <cmd> [I] <command id="get_securities" />
203523.517183 [15844] [5876] <res> [R] <result success="false"><message>Cannot process this command without connection.</message></result>
203548.833137 [15900] [15196] <cmd> [V] System version 6.17. TXmlConnector version 2.21.2
203548.833137 [15900] [15196] <cmd> [I] 
		<command id="connect">
			<login>TCNN9975</login>
			<password>*</password>
			<host>tr1-demo5.finam.ru</host>
			<port>3939</port>
			<language>en</language>
			<rqdelay>10</rqdelay>
			<milliseconds>false</milliseconds>
			<utc_time>true</utc_time>
			
		</command>
	
203549.839676 [15900] [15196] <res> [R] <result success="true"/>
203549.839676 [15900] [15196] <cmd> [I] <command id="get_securities" />
203549.839676 [15900] [15196] <res> [R] <result success="false"><message>Cannot process this command without connection.</message></result>
203805.476325 [9660] [12236] <cmd> [V] System version 6.17. TXmlConnector version 2.21.2
203805.477324 [9660] [12236] <cmd> [I] 
		<command id="connect">
			<login>TCNN9975</login>
			<password>*</password>
			<host>tr1-demo5.finam.ru</host>
			<port>3939</port>
			<language>en</language>
			<rqdelay>10</rqdelay>
			<milliseconds>false</milliseconds>
			<utc_time>true</utc_time>
			
		</command>
	
203806.480141 [9660] [12236] <res> [R] <result success="true"/>
203806.480141 [9660] [12236] <cmd> [I] <command id="get_securities" />
203806.481138 [9660] [12236] <res> [R] <result success="false"><message>Cannot process this command without connection.</message></result>
204254.030310 [6308] [3992] <cmd> [V] System version 6.17. TXmlConnector version 2.21.2
204254.031308 [6308] [3992] <cmd> [I] 
		<command id="connect">
			<login>TCNN9975</login>
			<password>*</password>
			<host>tr1-demo5.finam.ru</host>
			<port>3939</port>
			<language>en</language>
			<rqdelay>10</rqdelay>
			<milliseconds>false</milliseconds>
			<utc_time>true</utc_time>
			
		</command>
	
204255.032435 [6308] [3992] <res> [R] <result success="true"/>
204255.032435 [6308] [3992] <cmd> [I] <command id="get_securities" />
204255.032435 [6308] [3992] <res> [R] <result success="false"><message>Cannot process this command without connection.</message></result>
204316.055790 [15796] [10532] <cmd> [V] System version 6.17. TXmlConnector version 2.21.2
204316.056789 [15796] [10532] <cmd> [I] 
		<command id="connect">
			<login>TCNN9975</login>
			<password>*</password>
			<host>tr1-demo5.finam.ru</host>
			<port>3939</port>
			<language>en</language>
			<rqdelay>10</rqdelay>
			<milliseconds>false</milliseconds>
			<utc_time>true</utc_time>
			
		</command>
	
204317.063787 [15796] [10532] <res> [R] <result success="true"/>
204317.063787 [15796] [10532] <cmd> [I] <command id="get_securities" />
204317.063787 [15796] [10532] <res> [R] <result success="false"><message>Cannot process this command without connection.</message></result>
204531.427995 [15796] [clbk] <info> [O] [197813u] <client id="virt/9975" remove="false"><market>1</market><currency>RUB</currency><type>leverage</type></client>
204531.548924 [15796] [clbk] <info> [O] [120644u] <orders><stoporder transactionid="110"><secid>26</secid><union></union><board>TQBR</board><seccode>SBER</seccode><client>virt/9975</client><buysell>S</buysell><validbefore></validbefore><author>TCNN9975</author><accepttime>30.03.2020 07:35:25</accepttime><status>watching</status><stoploss usecredit="yes"><activationprice>174.5</activationprice><quantity>100</quantity><bymarket/></stoploss><withdrawtime>0</withdrawtime></stoporder></orders>
204531.731810 [15796] [clbk] <info> [O] [182840u] <positions><money_position><client>virt/9975</client><union></union><markets><market>1</market></markets><asset>FOND_MICEX</asset><shortname>Деньги КЦБ ММВБ (RUR)</shortname><saldoin>300000.0</saldoin><bought>0.0</bought><sold>0.0</sold><saldo>300000.0</saldo><ordbuy>0.0</ordbuy><ordbuycond>0.0</ordbuycond><comission>0.0</comission></money_position></positions>
204535.593919 [15796] [clbk] <info> [O] [134891u] <server_status sys_ver="617" build="30" server_tz="Russian Standard Time" id="0" connected="true"/>
204540.583733 [6180] [15148] <cmd> [V] System version 6.17. TXmlConnector version 2.21.2
204540.584733 [6180] [15148] <cmd> [I] 
		<command id="connect">
			<login>TCNN9975</login>
			<password>*</password>
			<host>tr1-demo5.finam.ru</host>
			<port>3939</port>
			<language>en</language>
			<rqdelay>10</rqdelay>
			<milliseconds>false</milliseconds>
			<utc_time>true</utc_time>
			
		</command>
	
204541.600838 [6180] [15148] <res> [R] <result success="true"/>
204541.600838 [6180] [15148] <cmd> [I] <command id="get_securities" />
204541.601835 [6180] [15148] <res> [R] <result success="false"><message>Cannot process this command without connection.</message></result>
205133.189562 [6688] [5056] <cmd> [V] System version 6.17. TXmlConnector version 2.21.2
205133.190561 [6688] [5056] <cmd> [I] 
		<command id="connect">
			<login>TCNN9975</login>
			<password>*</password>
			<host>tr1-demo5.finam.ru</host>
			<port>3939</port>
			<language>en</language>
			<rqdelay>10</rqdelay>
			<milliseconds>false</milliseconds>
			<utc_time>true</utc_time>
			
		</command>
	
205134.196731 [6688] [5056] <res> [R] <result success="true"/>
205134.196731 [6688] [5056] <cmd> [I] <command id="get_securities" />
205134.197728 [6688] [5056] <res> [R] <result success="false"><message>Cannot process this command without connection.</message></result>
205135.046874 [6688] [clbk] <info> [O] [1335u] <client id="virt/9975" remove="false"><market>1</market><currency>RUB</currency><type>leverage</type></client>
205135.048872 [6688] [clbk] <info> [O] [1675u] <orders><stoporder transactionid="110"><secid>26</secid><union></union><board>TQBR</board><seccode>SBER</seccode><client>virt/9975</client><buysell>S</buysell><validbefore></validbefore><author>TCNN9975</author><accepttime>30.03.2020 07:35:25</accepttime><status>watching</status><stoploss usecredit="yes"><activationprice>174.5</activationprice><quantity>100</quantity><bymarket/></stoploss><withdrawtime>0</withdrawtime></stoporder></orders>
205135.049872 [6688] [clbk] <info> [O] [1251u] <positions><money_position><client>virt/9975</client><union></union><markets><market>1</market></markets><asset>FOND_MICEX</asset><shortname>Деньги КЦБ ММВБ (RUR)</shortname><saldoin>300000.0</saldoin><bought>0.0</bought><sold>0.0</sold><saldo>300000.0</saldo><ordbuy>0.0</ordbuy><ordbuycond>0.0</ordbuycond><comission>0.0</comission></money_position></positions>
205135.082851 [6688] [clbk] <info> [O] [1029u] <server_status sys_ver="617" build="30" server_tz="Russian Standard Time" id="0" connected="true"/>
212027.108492 [11492] [11524] <cmd> [V] System version 6.17. TXmlConnector version 2.21.2
212027.108492 [11492] [11524] <cmd> [I] 
		<command id="connect">
			<login>TCNN9975</login>
			<password>*</password>
			<host>tr1-demo5.finam.ru</host>
			<port>3939</port>
			<language>en</language>
			<rqdelay>10</rqdelay>
			<milliseconds>false</milliseconds>
			<utc_time>true</utc_time>
			
		</command>
	
212028.119932 [11492] [11524] <res> [R] <result success="true"/>
212028.922579 [11492] [clbk] <info> [O] [765u] <client id="virt/9975" remove="false"><market>1</market><currency>RUB</currency><type>leverage</type></client>
212028.923578 [11492] [clbk] <info> [O] [1241u] <orders><stoporder transactionid="110"><secid>26</secid><union></union><board>TQBR</board><seccode>SBER</seccode><client>virt/9975</client><buysell>S</buysell><validbefore></validbefore><author>TCNN9975</author><accepttime>30.03.2020 07:35:25</accepttime><status>watching</status><stoploss usecredit="yes"><activationprice>174.5</activationprice><quantity>100</quantity><bymarket/></stoploss><withdrawtime>0</withdrawtime></stoporder></orders>
212028.925579 [11492] [clbk] <info> [O] [970u] <positions><money_position><client>virt/9975</client><union></union><markets><market>1</market></markets><asset>FOND_MICEX</asset><shortname>Деньги КЦБ ММВБ (RUR)</shortname><saldoin>300000.0</saldoin><bought>0.0</bought><sold>0.0</sold><saldo>300000.0</saldo><ordbuy>0.0</ordbuy><ordbuycond>0.0</ordbuycond><comission>0.0</comission></money_position></positions>
212028.946564 [11492] [clbk] <info> [O] [518u] <server_status sys_ver="617" build="30" server_tz="Russian Standard Time" id="0" connected="true"/>
212820.873144 [3484] [13188] <cmd> [V] System version 6.17. TXmlConnector version 2.21.2
212820.874142 [3484] [13188] <cmd> [I] 
		<command id="connect">
			<login>TCNN9975</login>
			<password>*</password>
			<host>tr1-demo5.finam.ru</host>
			<port>3939</port>
			<language>en</language>
			<rqdelay>10</rqdelay>
			<milliseconds>false</milliseconds>
			<utc_time>true</utc_time>
			
		</command>
	
212821.880138 [3484] [13188] <res> [R] <result success="true"/>
212853.875373 [1596] [4472] <cmd> [V] System version 6.17. TXmlConnector version 2.21.2
212853.875373 [1596] [4472] <cmd> [I] 
		<command id="connect">
			<login>TCNN9975</login>
			<password>*</password>
			<host>tr1-demo5.finam.ru</host>
			<port>3939</port>
			<language>en</language>
			<rqdelay>10</rqdelay>
			<milliseconds>false</milliseconds>
			<utc_time>true</utc_time>
			
		</command>
	
212854.891559 [1596] [4472] <res> [R] <result success="true"/>
212855.491610 [1596] [4472] <cmd> [I] <command id="get_securities" />
212855.567564 [1596] [4472] <res> [R] <result success="true"/>
212856.169597 [1596] [clbk] <info> [O] [784u] <client id="virt/9975" remove="false"><market>1</market><currency>RUB</currency><type>leverage</type></client>
212856.170597 [1596] [clbk] <info> [O] [1045u] <orders><stoporder transactionid="110"><secid>26</secid><union></union><board>TQBR</board><seccode>SBER</seccode><client>virt/9975</client><buysell>S</buysell><validbefore></validbefore><author>TCNN9975</author><accepttime>30.03.2020 07:35:25</accepttime><status>watching</status><stoploss usecredit="yes"><activationprice>174.5</activationprice><quantity>100</quantity><bymarket/></stoploss><withdrawtime>0</withdrawtime></stoporder></orders>
212856.171596 [1596] [clbk] <info> [O] [827u] <positions><money_position><client>virt/9975</client><union></union><markets><market>1</market></markets><asset>FOND_MICEX</asset><shortname>Деньги КЦБ ММВБ (RUR)</shortname><saldoin>300000.0</saldoin><bought>0.0</bought><sold>0.0</sold><saldo>300000.0</saldo><ordbuy>0.0</ordbuy><ordbuycond>0.0</ordbuycond><comission>0.0</comission></money_position></positions>
212856.191584 [1596] [clbk] <info> [O] [528u] <server_status sys_ver="617" build="30" server_tz="Russian Standard Time" id="0" connected="true"/>
214510.139216 [1596] [4472] <cmd> [I] <command id="get_securities" />
214510.139216 [1596] [4472] <res> [R] <result success="true"/>
214510.838846 [1596] [4472] <cmd> [I] <command id="disconnect"/>
214511.048965 [1596] [4472] <res> [R] <result success="true"/>
214511.049965 [1596] [clbk] <info> [O] [2080u] <server_status sys_ver="617" build="30" server_tz="Russian Standard Time" id="0" connected="false"/>
221245.506249 [6844] [12352] <cmd> [V] System version 6.17. TXmlConnector version 2.21.2
221245.506249 [6844] [12352] <cmd> [I] 
		<command id="connect">
			<login>TCNN9975</login>
			<password>*</password>
			<host>tr1-demo5.finam.ru</host>
			<port>3939</port>
			<language>en</language>
			<rqdelay>10</rqdelay>
			<milliseconds>false</milliseconds>
			<utc_time>true</utc_time>
			
		</command>
	
221246.519870 [6844] [12352] <res> [R] <result success="true"/>
221247.806074 [6844] [clbk] <info> [O] [1031u] <client id="virt/9975" remove="false"><market>1</market><currency>RUB</currency><type>leverage</type></client>
221247.807076 [6844] [clbk] <info> [O] [1169u] <orders><stoporder transactionid="110"><secid>26</secid><union></union><board>TQBR</board><seccode>SBER</seccode><client>virt/9975</client><buysell>S</buysell><validbefore></validbefore><author>TCNN9975</author><accepttime>30.03.2020 07:35:25</accepttime><status>watching</status><stoploss usecredit="yes"><activationprice>174.5</activationprice><quantity>100</quantity><bymarket/></stoploss><withdrawtime>0</withdrawtime></stoporder></orders>
221247.808073 [6844] [clbk] <info> [O] [817u] <positions><money_position><client>virt/9975</client><union></union><markets><market>1</market></markets><asset>FOND_MICEX</asset><shortname>Деньги КЦБ ММВБ (RUR)</shortname><saldoin>300000.0</saldoin><bought>0.0</bought><sold>0.0</sold><saldo>300000.0</saldo><ordbuy>0.0</ordbuy><ordbuycond>0.0</ordbuycond><comission>0.0</comission></money_position></positions>
221247.830067 [6844] [clbk] <info> [O] [613u] <server_status sys_ver="617" build="30" server_tz="Russian Standard Time" id="0" connected="true"/>
221313.988684 [6844] [12352] <cmd> [I] <command id="disconnect"/>
221314.204007 [6844] [12352] <res> [R] <result success="true"/>
221314.204007 [6844] [clbk] <info> [O] [1326u] <server_status sys_ver="617" build="30" server_tz="Russian Standard Time" id="0" connected="false"/>
221318.646297 [13040] [16272] <cmd> [V] System version 6.17. TXmlConnector version 2.21.2
221318.647297 [13040] [16272] <cmd> [I] 
		<command id="connect">
			<login>TCNN9975</login>
			<password>*</password>
			<host>tr1-demo5.finam.ru</host>
			<port>3939</port>
			<language>en</language>
			<rqdelay>10</rqdelay>
			<milliseconds>false</milliseconds>
			<utc_time>true</utc_time>
			
		</command>
	
221319.659076 [13040] [16272] <res> [R] <result success="true"/>
221321.352033 [13040] [clbk] <info> [O] [818u] <client id="virt/9975" remove="false"><market>1</market><currency>RUB</currency><type>leverage</type></client>
221321.353033 [13040] [clbk] <info> [O] [1097u] <orders><stoporder transactionid="110"><secid>26</secid><union></union><board>TQBR</board><seccode>SBER</seccode><client>virt/9975</client><buysell>S</buysell><validbefore></validbefore><author>TCNN9975</author><accepttime>30.03.2020 07:35:25</accepttime><status>watching</status><stoploss usecredit="yes"><activationprice>174.5</activationprice><quantity>100</quantity><bymarket/></stoploss><withdrawtime>0</withdrawtime></stoporder></orders>
221321.354032 [13040] [clbk] <info> [O] [984u] <positions><money_position><client>virt/9975</client><union></union><markets><market>1</market></markets><asset>FOND_MICEX</asset><shortname>Деньги КЦБ ММВБ (RUR)</shortname><saldoin>300000.0</saldoin><bought>0.0</bought><sold>0.0</sold><saldo>300000.0</saldo><ordbuy>0.0</ordbuy><ordbuycond>0.0</ordbuycond><comission>0.0</comission></money_position></positions>
221321.376018 [13040] [clbk] <info> [O] [579u] <server_status sys_ver="617" build="30" server_tz="Russian Standard Time" id="0" connected="true"/>
221841.244722 [13040] [16272] <cmd> [I] <command id="disconnect"/>
221841.453740 [13040] [16272] <res> [R] <result success="true"/>
221841.453740 [13040] [clbk] <info> [O] [1171u] <server_status sys_ver="617" build="30" server_tz="Russian Standard Time" id="0" connected="false"/>
225205.985232 [3172] [7528] <cmd> [V] System version 6.17. TXmlConnector version 2.21.2
225205.986232 [3172] [7528] <cmd> [I] 
		<command id="connect">
			<login>TCNN9975</login>
			<password>*</password>
			<host>tr1-demo5.finam.ru</host>
			<port>3939</port>
			<language>en</language>
			<rqdelay>10</rqdelay>
			<milliseconds>false</milliseconds>
			<utc_time>true</utc_time>
			
		</command>
	
225206.987122 [3172] [7528] <res> [R] <result success="true"/>
225208.051466 [3172] [clbk] <info> [O] [360u] <client id="virt/9975" remove="false"><market>1</market><currency>RUB</currency><type>leverage</type></client>
225208.052466 [3172] [clbk] <info> [O] [429u] <orders><stoporder transactionid="110"><secid>26</secid><union></union><board>TQBR</board><seccode>SBER</seccode><client>virt/9975</client><buysell>S</buysell><validbefore></validbefore><author>TCNN9975</author><accepttime>30.03.2020 07:35:25</accepttime><status>watching</status><stoploss usecredit="yes"><activationprice>174.5</activationprice><quantity>100</quantity><bymarket/></stoploss><withdrawtime>0</withdrawtime></stoporder></orders>
225208.052466 [3172] [clbk] <info> [O] [348u] <positions><money_position><client>virt/9975</client><union></union><markets><market>1</market></markets><asset>FOND_MICEX</asset><shortname>Деньги КЦБ ММВБ (RUR)</shortname><saldoin>300000.0</saldoin><bought>0.0</bought><sold>0.0</sold><saldo>300000.0</saldo><ordbuy>0.0</ordbuy><ordbuycond>0.0</ordbuycond><comission>0.0</comission></money_position></positions>
225208.062460 [3172] [clbk] <info> [O] [321u] <server_status sys_ver="617" build="30" server_tz="Russian Standard Time" id="0" connected="true"/>
225254.040857 [3172] [7528] <cmd> [I] <command id="disconnect"/>
225254.250925 [3172] [7528] <res> [R] <result success="true"/>
225254.250925 [3172] [clbk] <info> [O] [681u] <server_status sys_ver="617" build="30" server_tz="Russian Standard Time" id="0" connected="false"/>
225257.680484 [5204] [1224] <cmd> [V] System version 6.17. TXmlConnector version 2.21.2
225257.680484 [5204] [1224] <cmd> [I] 
		<command id="connect">
			<login>TCNN9975</login>
			<password>*</password>
			<host>tr1-demo5.finam.ru</host>
			<port>3939</port>
			<language>en</language>
			<rqdelay>10</rqdelay>
			<milliseconds>false</milliseconds>
			<utc_time>true</utc_time>
			
		</command>
	
225258.685345 [5204] [1224] <res> [R] <result success="true"/>
225259.750689 [5204] [clbk] <info> [O] [395u] <client id="virt/9975" remove="false"><market>1</market><currency>RUB</currency><type>leverage</type></client>
225259.750689 [5204] [clbk] <info> [O] [432u] <orders><stoporder transactionid="110"><secid>26</secid><union></union><board>TQBR</board><seccode>SBER</seccode><client>virt/9975</client><buysell>S</buysell><validbefore></validbefore><author>TCNN9975</author><accepttime>30.03.2020 07:35:25</accepttime><status>watching</status><stoploss usecredit="yes"><activationprice>174.5</activationprice><quantity>100</quantity><bymarket/></stoploss><withdrawtime>0</withdrawtime></stoporder></orders>
225259.751688 [5204] [clbk] <info> [O] [415u] <positions><money_position><client>virt/9975</client><union></union><markets><market>1</market></markets><asset>FOND_MICEX</asset><shortname>Деньги КЦБ ММВБ (RUR)</shortname><saldoin>300000.0</saldoin><bought>0.0</bought><sold>0.0</sold><saldo>300000.0</saldo><ordbuy>0.0</ordbuy><ordbuycond>0.0</ordbuycond><comission>0.0</comission></money_position></positions>
225259.760683 [5204] [clbk] <info> [O] [316u] <server_status sys_ver="617" build="30" server_tz="Russian Standard Time" id="0" connected="true"/>
225434.576922 [5204] [1224] <cmd> [I] <command id="disconnect"/>
225434.787907 [5204] [1224] <res> [R] <result success="true"/>
225434.787907 [5204] [clbk] <info> [O] [730u] <server_status sys_ver="617" build="30" server_tz="Russian Standard Time" id="0" connected="false"/>
225439.624192 [14772] [9840] <cmd> [V] System version 6.17. TXmlConnector version 2.21.2
225439.624192 [14772] [9840] <cmd> [I] 
		<command id="connect">
			<login>TCNN9975</login>
			<password>*</password>
			<host>tr1-demo5.finam.ru</host>
			<port>3939</port>
			<language>en</language>
			<rqdelay>10</rqdelay>
			<milliseconds>false</milliseconds>
			<utc_time>true</utc_time>
			
		</command>
	
225440.639285 [14772] [9840] <res> [R] <result success="true"/>
225441.703628 [14772] [clbk] <info> [O] [360u] <client id="virt/9975" remove="false"><market>1</market><currency>RUB</currency><type>leverage</type></client>
225441.704632 [14772] [clbk] <info> [O] [426u] <orders><stoporder transactionid="110"><secid>26</secid><union></union><board>TQBR</board><seccode>SBER</seccode><client>virt/9975</client><buysell>S</buysell><validbefore></validbefore><author>TCNN9975</author><accepttime>30.03.2020 07:35:25</accepttime><status>watching</status><stoploss usecredit="yes"><activationprice>174.5</activationprice><quantity>100</quantity><bymarket/></stoploss><withdrawtime>0</withdrawtime></stoporder></orders>
225441.705627 [14772] [clbk] <info> [O] [405u] <positions><money_position><client>virt/9975</client><union></union><markets><market>1</market></markets><asset>FOND_MICEX</asset><shortname>Деньги КЦБ ММВБ (RUR)</shortname><saldoin>300000.0</saldoin><bought>0.0</bought><sold>0.0</sold><saldo>300000.0</saldo><ordbuy>0.0</ordbuy><ordbuycond>0.0</ordbuycond><comission>0.0</comission></money_position></positions>
225441.715621 [14772] [clbk] <info> [O] [502u] <server_status sys_ver="617" build="30" server_tz="Russian Standard Time" id="0" connected="true"/>
225541.662523 [14772] [9840] <cmd> [I] <command id="disconnect"/>
225541.881472 [14772] [9840] <res> [R] <result success="true"/>
225541.882474 [14772] [clbk] <info> [O] [1302u] <server_status sys_ver="617" build="30" server_tz="Russian Standard Time" id="0" connected="false"/>
225551.944691 [7948] [3284] <cmd> [V] System version 6.17. TXmlConnector version 2.21.2
225551.944691 [7948] [3284] <cmd> [I] 
		<command id="connect">
			<login>TCNN9975</login>
			<password>*</password>
			<host>tr1-demo5.finam.ru</host>
			<port>3939</port>
			<language>en</language>
			<rqdelay>10</rqdelay>
			<milliseconds>false</milliseconds>
			<utc_time>true</utc_time>
			
		</command>
	
225552.954752 [7948] [3284] <res> [R] <result success="true"/>
225554.011100 [7948] [clbk] <info> [O] [397u] <client id="virt/9975" remove="false"><market>1</market><currency>RUB</currency><type>leverage</type></client>
225554.012099 [7948] [clbk] <info> [O] [479u] <orders><stoporder transactionid="110"><secid>26</secid><union></union><board>TQBR</board><seccode>SBER</seccode><client>virt/9975</client><buysell>S</buysell><validbefore></validbefore><author>TCNN9975</author><accepttime>30.03.2020 07:35:25</accepttime><status>watching</status><stoploss usecredit="yes"><activationprice>174.5</activationprice><quantity>100</quantity><bymarket/></stoploss><withdrawtime>0</withdrawtime></stoporder></orders>
225554.013098 [7948] [clbk] <info> [O] [394u] <positions><money_position><client>virt/9975</client><union></union><markets><market>1</market></markets><asset>FOND_MICEX</asset><shortname>Деньги КЦБ ММВБ (RUR)</shortname><saldoin>300000.0</saldoin><bought>0.0</bought><sold>0.0</sold><saldo>300000.0</saldo><ordbuy>0.0</ordbuy><ordbuycond>0.0</ordbuycond><comission>0.0</comission></money_position></positions>
225554.023090 [7948] [clbk] <info> [O] [322u] <server_status sys_ver="617" build="30" server_tz="Russian Standard Time" id="0" connected="true"/>
225857.988661 [7948] [3284] <cmd> [I] <command id="disconnect"/>
225858.202637 [7948] [clbk] <info> [O] [825u] <server_status sys_ver="617" build="30" server_tz="Russian Standard Time" id="0" connected="false"/>
225858.202637 [7948] [3284] <res> [R] <result success="true"/>
225905.573354 [15440] [3464] <cmd> [V] System version 6.17. TXmlConnector version 2.21.2
225905.573354 [15440] [3464] <cmd> [I] 
		<command id="connect">
			<login>TCNN9975</login>
			<password>*</password>
			<host>tr1-demo5.finam.ru</host>
			<port>3939</port>
			<language>en</language>
			<rqdelay>10</rqdelay>
			<milliseconds>false</milliseconds>
			<utc_time>true</utc_time>
			
		</command>
	
225906.578511 [15440] [3464] <res> [R] <result success="true"/>
225907.643852 [15440] [clbk] <info> [O] [401u] <client id="virt/9975" remove="false"><market>1</market><currency>RUB</currency><type>leverage</type></client>
225907.644851 [15440] [clbk] <info> [O] [438u] <orders><stoporder transactionid="110"><secid>26</secid><union></union><board>TQBR</board><seccode>SBER</seccode><client>virt/9975</client><buysell>S</buysell><validbefore></validbefore><author>TCNN9975</author><accepttime>30.03.2020 07:35:25</accepttime><status>watching</status><stoploss usecredit="yes"><activationprice>174.5</activationprice><quantity>100</quantity><bymarket/></stoploss><withdrawtime>0</withdrawtime></stoporder></orders>
225907.644851 [15440] [clbk] <info> [O] [343u] <positions><money_position><client>virt/9975</client><union></union><markets><market>1</market></markets><asset>FOND_MICEX</asset><shortname>Деньги КЦБ ММВБ (RUR)</shortname><saldoin>300000.0</saldoin><bought>0.0</bought><sold>0.0</sold><saldo>300000.0</saldo><ordbuy>0.0</ordbuy><ordbuycond>0.0</ordbuycond><comission>0.0</comission></money_position></positions>
225907.655844 [15440] [clbk] <info> [O] [327u] <server_status sys_ver="617" build="30" server_tz="Russian Standard Time" id="0" connected="true"/>
225927.512561 [15440] [3464] <cmd> [I] <command id="disconnect"/>
225927.721827 [15440] [clbk] <info> [O] [681u] <server_status sys_ver="617" build="30" server_tz="Russian Standard Time" id="0" connected="false"/>
225927.721827 [15440] [3464] <res> [R] <result success="true"/>
225932.722711 [13876] [15836] <cmd> [V] System version 6.17. TXmlConnector version 2.21.2
225932.723710 [13876] [15836] <cmd> [I] 
		<command id="connect">
			<login>TCNN9975</login>
			<password>*</password>
			<host>tr1-demo5.finam.ru</host>
			<port>3939</port>
			<language>en</language>
			<rqdelay>10</rqdelay>
			<milliseconds>false</milliseconds>
			<utc_time>true</utc_time>
			
		</command>
	
225933.729050 [13876] [15836] <res> [R] <result success="true"/>
225938.659008 [13876] [clbk] <info> [O] [75821u] <client id="virt/9975" remove="false"><market>1</market><currency>RUB</currency><type>leverage</type></client>
225938.729967 [13876] [clbk] <info> [O] [70621u] <orders><stoporder transactionid="110"><secid>26</secid><union></union><board>TQBR</board><seccode>SBER</seccode><client>virt/9975</client><buysell>S</buysell><validbefore></validbefore><author>TCNN9975</author><accepttime>30.03.2020 07:35:25</accepttime><status>watching</status><stoploss usecredit="yes"><activationprice>174.5</activationprice><quantity>100</quantity><bymarket/></stoploss><withdrawtime>0</withdrawtime></stoporder></orders>
225938.729967 [13876] [clbk] <info> [O] [550u] <positions><money_position><client>virt/9975</client><union></union><markets><market>1</market></markets><asset>FOND_MICEX</asset><shortname>Деньги КЦБ ММВБ (RUR)</shortname><saldoin>300000.0</saldoin><bought>0.0</bought><sold>0.0</sold><saldo>300000.0</saldo><ordbuy>0.0</ordbuy><ordbuycond>0.0</ordbuycond><comission>0.0</comission></money_position></positions>
225938.741958 [13876] [clbk] <info> [O] [375u] <server_status sys_ver="617" build="30" server_tz="Russian Standard Time" id="0" connected="true"/>
230338.808633 [13876] [15836] <cmd> [I] <command id="disconnect"/>
230339.022258 [13876] [15836] <res> [R] <result success="true"/>
230339.022258 [13876] [clbk] <info> [O] [726u] <server_status sys_ver="617" build="30" server_tz="Russian Standard Time" id="0" connected="false"/>
230343.971376 [14204] [13564] <cmd> [V] System version 6.17. TXmlConnector version 2.21.2
230343.971376 [14204] [13564] <cmd> [I] 
		<command id="connect">
			<login>TCNN9975</login>
			<password>*</password>
			<host>tr1-demo5.finam.ru</host>
			<port>3939</port>
			<language>en</language>
			<rqdelay>10</rqdelay>
			<milliseconds>false</milliseconds>
			<utc_time>true</utc_time>
			
		</command>
	
230344.981430 [14204] [13564] <res> [R] <result success="true"/>
230349.878410 [14204] [clbk] <info> [O] [77891u] <client id="virt/9975" remove="false"><market>1</market><currency>RUB</currency><type>leverage</type></client>
230349.969352 [14204] [clbk] <info> [O] [90586u] <orders><stoporder transactionid="110"><secid>26</secid><union></union><board>TQBR</board><seccode>SBER</seccode><client>virt/9975</client><buysell>S</buysell><validbefore></validbefore><author>TCNN9975</author><accepttime>30.03.2020 07:35:25</accepttime><status>watching</status><stoploss usecredit="yes"><activationprice>174.5</activationprice><quantity>100</quantity><bymarket/></stoploss><withdrawtime>0</withdrawtime></stoporder></orders>
230350.032313 [14204] [clbk] <info> [O] [62784u] <positions><money_position><client>virt/9975</client><union></union><markets><market>1</market></markets><asset>FOND_MICEX</asset><shortname>Деньги КЦБ ММВБ (RUR)</shortname><saldoin>300000.0</saldoin><bought>0.0</bought><sold>0.0</sold><saldo>300000.0</saldo><ordbuy>0.0</ordbuy><ordbuycond>0.0</ordbuycond><comission>0.0</comission></money_position></positions>
230352.406852 [14204] [clbk] <info> [O] [93907u] <server_status sys_ver="617" build="30" server_tz="Russian Standard Time" id="0" connected="true"/>
230435.571978 [14204] [13564] <cmd> [I] <command id="disconnect"/>
230435.779014 [14204] [clbk] <info> [O] [1076u] <server_status sys_ver="617" build="30" server_tz="Russian Standard Time" id="0" connected="false"/>
230435.779014 [14204] [13564] <res> [R] <result success="true"/>
230439.226399 [8920] [13888] <cmd> [V] System version 6.17. TXmlConnector version 2.21.2
230439.226399 [8920] [13888] <cmd> [I] 
		<command id="connect">
			<login>TCNN9975</login>
			<password>*</password>
			<host>tr1-demo5.finam.ru</host>
			<port>3939</port>
			<language>en</language>
			<rqdelay>10</rqdelay>
			<milliseconds>false</milliseconds>
			<utc_time>true</utc_time>
			
		</command>
	
230440.242744 [8920] [13888] <res> [R] <result success="true"/>
230445.021282 [8920] [clbk] <info> [O] [138359u] <client id="virt/9975" remove="false"><market>1</market><currency>RUB</currency><type>leverage</type></client>
230445.113225 [8920] [clbk] <info> [O] [91668u] <orders><stoporder transactionid="110"><secid>26</secid><union></union><board>TQBR</board><seccode>SBER</seccode><client>virt/9975</client><buysell>S</buysell><validbefore></validbefore><author>TCNN9975</author><accepttime>30.03.2020 07:35:25</accepttime><status>watching</status><stoploss usecredit="yes"><activationprice>174.5</activationprice><quantity>100</quantity><bymarket/></stoploss><withdrawtime>0</withdrawtime></stoporder></orders>
230445.191177 [8920] [clbk] <info> [O] [77869u] <positions><money_position><client>virt/9975</client><union></union><markets><market>1</market></markets><asset>FOND_MICEX</asset><shortname>Деньги КЦБ ММВБ (RUR)</shortname><saldoin>300000.0</saldoin><bought>0.0</bought><sold>0.0</sold><saldo>300000.0</saldo><ordbuy>0.0</ordbuy><ordbuycond>0.0</ordbuycond><comission>0.0</comission></money_position></positions>
230447.448507 [8920] [clbk] <info> [O] [76849u] <server_status sys_ver="617" build="30" server_tz="Russian Standard Time" id="0" connected="true"/>
230649.767970 [8920] [13888] <cmd> [I] <command id="disconnect"/>
230649.978932 [8920] [13888] <res> [R] <result success="true"/>
230649.978932 [8920] [clbk] <info> [O] [731u] <server_status sys_ver="617" build="30" server_tz="Russian Standard Time" id="0" connected="false"/>
230653.853332 [10764] [15288] <cmd> [V] System version 6.17. TXmlConnector version 2.21.2
230653.853332 [10764] [15288] <cmd> [I] 
		<command id="connect">
			<login>TCNN9975</login>
			<password>*</password>
			<host>tr1-demo5.finam.ru</host>
			<port>3939</port>
			<language>en</language>
			<rqdelay>10</rqdelay>
			<milliseconds>false</milliseconds>
			<utc_time>true</utc_time>
			
		</command>
	
230654.868721 [10764] [15288] <res> [R] <result success="true"/>
230659.420920 [10764] [clbk] <info> [O] [30823u] <client id="virt/9975" remove="false"><market>1</market><currency>RUB</currency><type>leverage</type></client>
230659.530300 [10764] [clbk] <info> [O] [108751u] <orders><stoporder transactionid="110"><secid>26</secid><union></union><board>TQBR</board><seccode>SBER</seccode><client>virt/9975</client><buysell>S</buysell><validbefore></validbefore><author>TCNN9975</author><accepttime>30.03.2020 07:35:25</accepttime><status>watching</status><stoploss usecredit="yes"><activationprice>174.5</activationprice><quantity>100</quantity><bymarket/></stoploss><withdrawtime>0</withdrawtime></stoporder></orders>
230659.621245 [10764] [clbk] <info> [O] [90764u] <positions><money_position><client>virt/9975</client><union></union><markets><market>1</market></markets><asset>FOND_MICEX</asset><shortname>Деньги КЦБ ММВБ (RUR)</shortname><saldoin>300000.0</saldoin><bought>0.0</bought><sold>0.0</sold><saldo>300000.0</saldo><ordbuy>0.0</ordbuy><ordbuycond>0.0</ordbuycond><comission>0.0</comission></money_position></positions>
230702.046790 [10764] [clbk] <info> [O] [90950u] <server_status sys_ver="617" build="30" server_tz="Russian Standard Time" id="0" connected="true"/>
231117.030039 [10764] [15288] <cmd> [I] <command id="disconnect"/>
231117.239990 [10764] [15288] <res> [R] <result success="true"/>
231117.239990 [10764] [clbk] <info> [O] [777u] <server_status sys_ver="617" build="30" server_tz="Russian Standard Time" id="0" connected="false"/>
231120.813937 [14428] [0800] <cmd> [V] System version 6.17. TXmlConnector version 2.21.2
231120.813937 [14428] [0800] <cmd> [I] 
		<command id="connect">
			<login>TCNN9975</login>
			<password>*</password>
			<host>tr1-demo5.finam.ru</host>
			<port>3939</port>
			<language>en</language>
			<rqdelay>10</rqdelay>
			<milliseconds>false</milliseconds>
			<utc_time>true</utc_time>
			
		</command>
	
231121.828952 [14428] [0800] <res> [R] <result success="true"/>
231126.662538 [14428] [clbk] <info> [O] [121914u] <client id="virt/9975" remove="false"><market>1</market><currency>RUB</currency><type>leverage</type></client>
231126.737492 [14428] [clbk] <info> [O] [74529u] <orders><stoporder transactionid="110"><secid>26</secid><union></union><board>TQBR</board><seccode>SBER</seccode><client>virt/9975</client><buysell>S</buysell><validbefore></validbefore><author>TCNN9975</author><accepttime>30.03.2020 07:35:25</accepttime><status>watching</status><stoploss usecredit="yes"><activationprice>174.5</activationprice><quantity>100</quantity><bymarket/></stoploss><withdrawtime>0</withdrawtime></stoporder></orders>
231126.859761 [14428] [clbk] <info> [O] [122050u] <positions><money_position><client>virt/9975</client><union></union><markets><market>1</market></markets><asset>FOND_MICEX</asset><shortname>Деньги КЦБ ММВБ (RUR)</shortname><saldoin>300000.0</saldoin><bought>0.0</bought><sold>0.0</sold><saldo>300000.0</saldo><ordbuy>0.0</ordbuy><ordbuycond>0.0</ordbuycond><comission>0.0</comission></money_position></positions>
231128.960968 [14428] [clbk] <info> [O] [75882u] <server_status sys_ver="617" build="30" server_tz="Russian Standard Time" id="0" connected="true"/>
231343.382333 [14428] [0800] <cmd> [I] <command id="disconnect"/>
231343.593320 [14428] [0800] <res> [R] <result success="true"/>
231343.593320 [14428] [clbk] <info> [O] [691u] <server_status sys_ver="617" build="30" server_tz="Russian Standard Time" id="0" connected="false"/>
231347.341220 [15680] [8728] <cmd> [V] System version 6.17. TXmlConnector version 2.21.2
231347.341220 [15680] [8728] <cmd> [I] 
		<command id="connect">
			<login>TCNN9975</login>
			<password>*</password>
			<host>tr1-demo5.finam.ru</host>
			<port>3939</port>
			<language>en</language>
			<rqdelay>10</rqdelay>
			<milliseconds>false</milliseconds>
			<utc_time>true</utc_time>
			
		</command>
	
231348.353049 [15680] [8728] <res> [R] <result success="true"/>
231352.240446 [15680] [clbk] <info> [O] [105940u] <client id="virt/9975" remove="false"><market>1</market><currency>RUB</currency><type>leverage</type></client>
231352.331390 [15680] [clbk] <info> [O] [90654u] <orders><stoporder transactionid="110"><secid>26</secid><union></union><board>TQBR</board><seccode>SBER</seccode><client>virt/9975</client><buysell>S</buysell><validbefore></validbefore><author>TCNN9975</author><accepttime>30.03.2020 07:35:25</accepttime><status>watching</status><stoploss usecredit="yes"><activationprice>174.5</activationprice><quantity>100</quantity><bymarket/></stoploss><withdrawtime>0</withdrawtime></stoporder></orders>
231352.378361 [15680] [clbk] <info> [O] [46714u] <positions><money_position><client>virt/9975</client><union></union><markets><market>1</market></markets><asset>FOND_MICEX</asset><shortname>Деньги КЦБ ММВБ (RUR)</shortname><saldoin>300000.0</saldoin><bought>0.0</bought><sold>0.0</sold><saldo>300000.0</saldo><ordbuy>0.0</ordbuy><ordbuycond>0.0</ordbuycond><comission>0.0</comission></money_position></positions>
231354.042705 [15680] [clbk] <info> [O] [91905u] <server_status sys_ver="617" build="30" server_tz="Russian Standard Time" id="0" connected="true"/>
231737.184437 [15680] [8728] <cmd> [I] <command id="disconnect"/>
231737.391571 [15680] [clbk] <info> [O] [606u] <server_status sys_ver="617" build="30" server_tz="Russian Standard Time" id="0" connected="false"/>
231737.391571 [15680] [8728] <res> [R] <result success="true"/>
231741.627067 [15052] [14604] <cmd> [V] System version 6.17. TXmlConnector version 2.21.2
231741.628066 [15052] [14604] <cmd> [I] 
		<command id="connect">
			<login>TCNN9975</login>
			<password>*</password>
			<host>tr1-demo5.finam.ru</host>
			<port>3939</port>
			<language>en</language>
			<rqdelay>10</rqdelay>
			<milliseconds>false</milliseconds>
			<utc_time>true</utc_time>
			
		</command>
	
231742.643462 [15052] [14604] <res> [R] <result success="true"/>
231747.554829 [15052] [clbk] <info> [O] [123588u] <client id="virt/9975" remove="false"><market>1</market><currency>RUB</currency><type>leverage</type></client>
231747.614792 [15052] [clbk] <info> [O] [59625u] <orders><stoporder transactionid="110"><secid>26</secid><union></union><board>TQBR</board><seccode>SBER</seccode><client>virt/9975</client><buysell>S</buysell><validbefore></validbefore><author>TCNN9975</author><accepttime>30.03.2020 07:35:25</accepttime><status>watching</status><stoploss usecredit="yes"><activationprice>174.5</activationprice><quantity>100</quantity><bymarket/></stoploss><withdrawtime>0</withdrawtime></stoporder></orders>
231747.722727 [15052] [clbk] <info> [O] [107719u] <positions><money_position><client>virt/9975</client><union></union><markets><market>1</market></markets><asset>FOND_MICEX</asset><shortname>Деньги КЦБ ММВБ (RUR)</shortname><saldoin>300000.0</saldoin><bought>0.0</bought><sold>0.0</sold><saldo>300000.0</saldo><ordbuy>0.0</ordbuy><ordbuycond>0.0</ordbuycond><comission>0.0</comission></money_position></positions>
231750.087891 [15052] [clbk] <info> [O] [107994u] <server_status sys_ver="617" build="30" server_tz="Russian Standard Time" id="0" connected="true"/>
231931.460494 [15052] [14604] <cmd> [I] <command id="disconnect"/>
231931.671906 [15052] [14604] <res> [R] <result success="true"/>
231931.671906 [15052] [clbk] <info> [O] [745u] <server_status sys_ver="617" build="30" server_tz="Russian Standard Time" id="0" connected="false"/>
231935.746036 [11208] [13512] <cmd> [V] System version 6.17. TXmlConnector version 2.21.2
231935.746036 [11208] [13512] <cmd> [I] 
		<command id="connect">
			<login>TCNN9975</login>
			<password>*</password>
			<host>tr1-demo5.finam.ru</host>
			<port>3939</port>
			<language>en</language>
			<rqdelay>10</rqdelay>
			<milliseconds>false</milliseconds>
			<utc_time>true</utc_time>
			
		</command>
	
231936.748777 [11208] [13512] <res> [R] <result success="true"/>
232049.631839 [16112] [5668] <cmd> [V] System version 6.17. TXmlConnector version 2.21.2
232049.631839 [16112] [5668] <cmd> [I] 
		<command id="connect">
			<login>TCNN9975</login>
			<password>*</password>
			<host>tr1-demo5.finam.ru</host>
			<port>3939</port>
			<language>en</language>
			<rqdelay>10</rqdelay>
			<milliseconds>false</milliseconds>
			<utc_time>true</utc_time>
			
		</command>
	
232050.632894 [16112] [5668] <res> [R] <result success="true"/>
232055.458330 [16112] [clbk] <info> [O] [74889u] <client id="virt/9975" remove="false"><market>1</market><currency>RUB</currency><type>leverage</type></client>
232055.459329 [16112] [clbk] <info> [O] [878u] <orders><stoporder transactionid="110"><secid>26</secid><union></union><board>TQBR</board><seccode>SBER</seccode><client>virt/9975</client><buysell>S</buysell><validbefore></validbefore><author>TCNN9975</author><accepttime>30.03.2020 07:35:25</accepttime><status>watching</status><stoploss usecredit="yes"><activationprice>174.5</activationprice><quantity>100</quantity><bymarket/></stoploss><withdrawtime>0</withdrawtime></stoporder></orders>
232055.460329 [16112] [clbk] <info> [O] [403u] <positions><money_position><client>virt/9975</client><union></union><markets><market>1</market></markets><asset>FOND_MICEX</asset><shortname>Деньги КЦБ ММВБ (RUR)</shortname><saldoin>300000.0</saldoin><bought>0.0</bought><sold>0.0</sold><saldo>300000.0</saldo><ordbuy>0.0</ordbuy><ordbuycond>0.0</ordbuycond><comission>0.0</comission></money_position></positions>
232055.473321 [16112] [clbk] <info> [O] [808u] <server_status sys_ver="617" build="30" server_tz="Russian Standard Time" id="0" connected="true"/>
232126.681211 [16112] [5668] <cmd> [I] <command id="disconnect"/>
232126.897293 [16112] [5668] <res> [R] <result success="true"/>
232126.897293 [16112] [clbk] <info> [O] [785u] <server_status sys_ver="617" build="30" server_tz="Russian Standard Time" id="0" connected="false"/>
232130.327442 [5940] [15736] <cmd> [V] System version 6.17. TXmlConnector version 2.21.2
232130.328443 [5940] [15736] <cmd> [I] 
		<command id="connect">
			<login>TCNN9975</login>
			<password>*</password>
			<host>tr1-demo5.finam.ru</host>
			<port>3939</port>
			<language>en</language>
			<rqdelay>10</rqdelay>
			<milliseconds>false</milliseconds>
			<utc_time>true</utc_time>
			
		</command>
	
232131.338368 [5940] [15736] <res> [R] <result success="true"/>
232133.991910 [5940] [clbk] <info> [O] [61956u] <client id="virt/9975" remove="false"><market>1</market><currency>RUB</currency><type>leverage</type></client>
232134.096865 [5940] [clbk] <info> [O] [104651u] <orders><stoporder transactionid="110"><secid>26</secid><union></union><board>TQBR</board><seccode>SBER</seccode><client>virt/9975</client><buysell>S</buysell><validbefore></validbefore><author>TCNN9975</author><accepttime>30.03.2020 07:35:25</accepttime><status>watching</status><stoploss usecredit="yes"><activationprice>174.5</activationprice><quantity>100</quantity><bymarket/></stoploss><withdrawtime>0</withdrawtime></stoporder></orders>
232134.218771 [5940] [clbk] <info> [O] [121709u] <positions><money_position><client>virt/9975</client><union></union><markets><market>1</market></markets><asset>FOND_MICEX</asset><shortname>Деньги КЦБ ММВБ (RUR)</shortname><saldoin>300000.0</saldoin><bought>0.0</bought><sold>0.0</sold><saldo>300000.0</saldo><ordbuy>0.0</ordbuy><ordbuycond>0.0</ordbuycond><comission>0.0</comission></money_position></positions>
232134.978340 [5940] [clbk] <info> [O] [386u] <server_status sys_ver="617" build="30" server_tz="Russian Standard Time" id="0" connected="true"/>
232213.077318 [5940] [15736] <cmd> [I] <command id="disconnect"/>
232213.282925 [5940] [15736] <res> [R] <result success="true"/>
232213.282925 [5940] [clbk] <info> [O] [720u] <server_status sys_ver="617" build="30" server_tz="Russian Standard Time" id="0" connected="false"/>
232331.234623 [12392] [13108] <cmd> [V] System version 6.17. TXmlConnector version 2.21.2
232331.234623 [12392] [13108] <cmd> [I] 
		<command id="connect">
			<login>TCNN9975</login>
			<password>*</password>
			<host>tr1-demo5.finam.ru</host>
			<port>3939</port>
			<language>en</language>
			<rqdelay>10</rqdelay>
			<milliseconds>false</milliseconds>
			<utc_time>true</utc_time>
			
		</command>
	
232332.242011 [12392] [13108] <res> [R] <result success="true"/>
232334.280363 [12392] [clbk] <info> [O] [120792u] <client id="virt/9975" remove="false"><market>1</market><currency>RUB</currency><type>leverage</type></client>
232334.372308 [12392] [clbk] <info> [O] [91588u] <orders><stoporder transactionid="110"><secid>26</secid><union></union><board>TQBR</board><seccode>SBER</seccode><client>virt/9975</client><buysell>S</buysell><validbefore></validbefore><author>TCNN9975</author><accepttime>30.03.2020 07:35:25</accepttime><status>watching</status><stoploss usecredit="yes"><activationprice>174.5</activationprice><quantity>100</quantity><bymarket/></stoploss><withdrawtime>0</withdrawtime></stoporder></orders>
232334.477244 [12392] [clbk] <info> [O] [104679u] <positions><money_position><client>virt/9975</client><union></union><markets><market>1</market></markets><asset>FOND_MICEX</asset><shortname>Деньги КЦБ ММВБ (RUR)</shortname><saldoin>300000.0</saldoin><bought>0.0</bought><sold>0.0</sold><saldo>300000.0</saldo><ordbuy>0.0</ordbuy><ordbuycond>0.0</ordbuycond><comission>0.0</comission></money_position></positions>
232336.571067 [12392] [clbk] <info> [O] [77869u] <server_status sys_ver="617" build="30" server_tz="Russian Standard Time" id="0" connected="true"/>
232402.355907 [12392] [13108] <cmd> [I] <command id="disconnect"/>
232402.563064 [12392] [clbk] <info> [O] [1161u] <server_status sys_ver="617" build="30" server_tz="Russian Standard Time" id="0" connected="false"/>
232402.563064 [12392] [13108] <res> [R] <result success="true"/>
232406.454591 [15980] [9020] <cmd> [V] System version 6.17. TXmlConnector version 2.21.2
232406.455590 [15980] [9020] <cmd> [I] 
		<command id="connect">
			<login>TCNN9975</login>
			<password>*</password>
			<host>tr1-demo5.finam.ru</host>
			<port>3939</port>
			<language>en</language>
			<rqdelay>10</rqdelay>
			<milliseconds>false</milliseconds>
			<utc_time>true</utc_time>
			
		</command>
	
232407.466369 [15980] [9020] <res> [R] <result success="true"/>
232412.449628 [15980] [clbk] <info> [O] [75671u] <client id="virt/9975" remove="false"><market>1</market><currency>RUB</currency><type>leverage</type></client>
232412.574551 [15980] [clbk] <info> [O] [124592u] <orders><stoporder transactionid="110"><secid>26</secid><union></union><board>TQBR</board><seccode>SBER</seccode><client>virt/9975</client><buysell>S</buysell><validbefore></validbefore><author>TCNN9975</author><accepttime>30.03.2020 07:35:25</accepttime><status>watching</status><stoploss usecredit="yes"><activationprice>174.5</activationprice><quantity>100</quantity><bymarket/></stoploss><withdrawtime>0</withdrawtime></stoporder></orders>
232412.665495 [15980] [clbk] <info> [O] [90735u] <positions><money_position><client>virt/9975</client><union></union><markets><market>1</market></markets><asset>FOND_MICEX</asset><shortname>Деньги КЦБ ММВБ (RUR)</shortname><saldoin>300000.0</saldoin><bought>0.0</bought><sold>0.0</sold><saldo>300000.0</saldo><ordbuy>0.0</ordbuy><ordbuycond>0.0</ordbuycond><comission>0.0</comission></money_position></positions>
232415.110393 [15980] [clbk] <info> [O] [106921u] <server_status sys_ver="617" build="30" server_tz="Russian Standard Time" id="0" connected="true"/>
232423.479452 [15980] [9020] <cmd> [I] <command id="disconnect"/>
232423.693846 [15980] [9020] <res> [R] <result success="true"/>
232423.693846 [15980] [clbk] <info> [O] [1068u] <server_status sys_ver="617" build="30" server_tz="Russian Standard Time" id="0" connected="false"/>
