044312.991698 [0800] [2976] <info> Open log C:\Programming\project\logs\, level 2
044313.000816 [0800] [2976] <info> System version 6.17. TXmlConnector version 2.21.2
044313.000816 [0800] [2976] <info> Initializing...
044314.020969 [0800] [2976] <info> State <DISCONNECTED> changed to <CONNECTING>
044314.020969 [0800] [main] <info> Initializing dsp...
044314.021963 [0800] [main] <info> Preparing for login...
044314.021963 [0800] [main] <info> Packet size: 65520
044314.021963 [0800] [main] <info> Logging in...
044459.047935 [12940] [10556] <info> Open log C:\Programming\project\logs\, level 2
044459.277159 [12940] [10556] <info> System version 6.17. TXmlConnector version 2.21.2
044459.277159 [12940] [10556] <info> Initializing...
044500.321588 [12940] [10556] <info> State <DISCONNECTED> changed to <CONNECTING>
044500.322577 [12940] [main] <info> Initializing dsp...
044500.322577 [12940] [main] <info> Preparing for login...
044500.322577 [12940] [main] <info> Packet size: 65520
044500.322577 [12940] [main] <info> Logging in...
044914.240099 [4800] [12872] <info> Open log C:\Programming\project\logs\, level 2
044914.241097 [4800] [12872] <info> System version 6.17. TXmlConnector version 2.21.2
044914.241097 [4800] [12872] <info> Initializing...
044915.245744 [4800] [12872] <info> State <DISCONNECTED> changed to <CONNECTING>
044915.245744 [4800] [main] <info> Initializing dsp...
044915.245744 [4800] [main] <info> Preparing for login...
044915.245744 [4800] [main] <info> Packet size: 65520
044915.245744 [4800] [main] <info> Logging in...
045153.742789 [8096] [12352] <info> Open log C:\Programming\project\logs\, level 2
045153.743790 [8096] [12352] <info> System version 6.17. TXmlConnector version 2.21.2
045153.743790 [8096] [12352] <info> Initializing...
045154.751768 [8096] [12352] <info> State <DISCONNECTED> changed to <CONNECTING>
045154.752763 [8096] [main] <info> Initializing dsp...
045154.752763 [8096] [main] <info> Preparing for login...
045154.752763 [8096] [main] <info> Packet size: 65520
045154.752763 [8096] [main] <info> Logging in...
045953.483502 [12900] [10936] <info> Open log C:\Programming\project\logs\, level 2
045953.483502 [12900] [10936] <info> System version 6.17. TXmlConnector version 2.21.2
045953.483502 [12900] [10936] <info> Initializing...
045954.494471 [12900] [10936] <info> State <DISCONNECTED> changed to <CONNECTING>
045954.494471 [12900] [main] <info> Initializing dsp...
045954.495471 [12900] [main] <info> Preparing for login...
045954.495471 [12900] [main] <info> Packet size: 65520
045954.495471 [12900] [main] <info> Logging in...
050015.563083 [12900] [main] <warning> Failed to login
050015.571157 [12900] [main] <info> State <CONNECTING> changed to <DISCONNECTED>
050029.056008 [12900] [10936] <info> Disconnecting...
050029.057018 [12900] [10936] <info> Disconnect OK
050029.058015 [12900] [10936] <info> Finalizing...
050029.058015 [12900] [10936] <info> Shutdown...
050029.058015 [12900] [10936] <info> Waiting for callback thread...
050029.058015 [12900] [10936] <info> Shutdown OK
050035.369264 [2272] [0852] <info> Open log C:\Programming\project\logs\, level 2
050035.369264 [2272] [0852] <info> System version 6.17. TXmlConnector version 2.21.2
050035.369264 [2272] [0852] <info> Initializing...
050036.383425 [2272] [0852] <info> State <DISCONNECTED> changed to <CONNECTING>
050036.383425 [2272] [main] <info> Initializing dsp...
050036.384420 [2272] [main] <info> Preparing for login...
050036.384420 [2272] [main] <info> Packet size: 65520
050036.384420 [2272] [main] <info> Logging in...
050103.000803 [9136] [4832] <info> Open log C:\Programming\project\logs\, level 2
050103.000803 [9136] [4832] <info> System version 6.17. TXmlConnector version 2.21.2
050103.000803 [9136] [4832] <info> Initializing...
050104.014275 [9136] [4832] <info> State <DISCONNECTED> changed to <CONNECTING>
050104.014275 [9136] [main] <info> Initializing dsp...
050104.015272 [9136] [main] <info> Preparing for login...
050104.015272 [9136] [main] <info> Packet size: 65520
050104.015272 [9136] [main] <info> Logging in...
050125.059072 [9136] [main] <warning> Failed to login
050125.059072 [9136] [main] <info> State <CONNECTING> changed to <DISCONNECTED>
050144.205704 [9136] [4832] <info> Disconnecting...
050144.206696 [9136] [4832] <info> Disconnect OK
050144.206696 [9136] [4832] <info> Finalizing...
050144.206696 [9136] [4832] <info> Shutdown...
050144.206696 [9136] [4832] <info> Waiting for callback thread...
050144.206696 [9136] [4832] <info> Shutdown OK
050212.839320 [2680] [11556] <info> Open log C:\Programming\project\logs\, level 2
050212.840319 [2680] [11556] <info> System version 6.17. TXmlConnector version 2.21.2
050212.840319 [2680] [11556] <info> Initializing...
050213.852539 [2680] [11556] <info> State <DISCONNECTED> changed to <CONNECTING>
050213.853533 [2680] [main] <info> Initializing dsp...
050213.853533 [2680] [main] <info> Preparing for login...
050213.853533 [2680] [main] <info> Packet size: 65520
050213.854532 [2680] [main] <info> Logging in...
050234.901371 [2680] [main] <warning> Failed to login
050234.901371 [2680] [main] <info> State <CONNECTING> changed to <DISCONNECTED>
050242.398153 [2680] [11556] <info> Disconnecting...
050242.398153 [2680] [11556] <info> Disconnect OK
050242.399153 [2680] [11556] <info> Finalizing...
050242.399153 [2680] [11556] <info> Shutdown...
050242.399153 [2680] [11556] <info> Waiting for callback thread...
050242.399153 [2680] [11556] <info> Shutdown OK
050245.981539 [10316] [7016] <info> Open log C:\Programming\project\logs\, level 2
050245.982541 [10316] [7016] <info> System version 6.17. TXmlConnector version 2.21.2
050245.982541 [10316] [7016] <info> Initializing...
050246.995394 [10316] [7016] <info> State <DISCONNECTED> changed to <CONNECTING>
050246.995394 [10316] [main] <info> Initializing dsp...
050246.996387 [10316] [main] <info> Preparing for login...
050246.996387 [10316] [main] <info> Packet size: 65520
050246.996387 [10316] [main] <info> Logging in...
050352.954292 [12092] [6668] <info> Open log C:\Programming\project\logs\, level 2
050352.955291 [12092] [6668] <info> System version 6.17. TXmlConnector version 2.21.2
050352.955291 [12092] [6668] <info> Initializing...
050353.970031 [12092] [6668] <info> State <DISCONNECTED> changed to <CONNECTING>
050353.970031 [12092] [main] <info> Initializing dsp...
050353.971025 [12092] [main] <info> Preparing for login...
050353.971025 [12092] [main] <info> Packet size: 65520
050353.971025 [12092] [main] <info> Logging in...
050407.477702 [12092] [6668] <info> Disconnecting...
050407.477702 [12092] [6668] <info> Waiting for WorkUp...
050415.021062 [12092] [main] <warning> Failed to login
050415.021062 [12092] [main] <info> State <CONNECTING> changed to <DISCONNECTED>
050415.022057 [12092] [6668] <info> Disconnect OK
050415.022057 [12092] [6668] <info> Finalizing...
050415.023058 [12092] [6668] <info> Shutdown...
050415.023058 [12092] [6668] <info> Waiting for callback thread...
050415.023058 [12092] [6668] <info> Shutdown OK
050420.764574 [10948] [7712] <info> Open log C:\Programming\project\logs\, level 2
050420.765573 [10948] [7712] <info> System version 6.17. TXmlConnector version 2.21.2
050420.765573 [10948] [7712] <info> Initializing...
050421.767344 [10948] [7712] <info> State <DISCONNECTED> changed to <CONNECTING>
050421.768339 [10948] [main] <info> Initializing dsp...
050421.768339 [10948] [main] <info> Preparing for login...
050421.768339 [10948] [main] <info> Packet size: 65520
050421.768339 [10948] [main] <info> Logging in...
050425.403949 [10948] [7712] <info> Disconnecting...
050425.403949 [10948] [7712] <info> Waiting for WorkUp...
050442.826490 [10948] [main] <warning> Failed to login
050442.826490 [10948] [main] <info> State <CONNECTING> changed to <DISCONNECTED>
050442.827488 [10948] [7712] <info> Disconnect OK
050442.828488 [10948] [7712] <info> Finalizing...
050442.828488 [10948] [7712] <info> Shutdown...
050442.828488 [10948] [7712] <info> Waiting for callback thread...
050442.828488 [10948] [7712] <info> Shutdown OK
051646.791279 [12652] [9996] <info> Open log C:\Programming\project\logs\, level 2
051646.792279 [12652] [9996] <info> System version 6.17. TXmlConnector version 2.21.2
051646.792279 [12652] [9996] <info> Initializing...
051834.408011 [5108] [3324] <info> Open log C:\Programming\project\logs\, level 2
051834.408011 [5108] [3324] <info> System version 6.17. TXmlConnector version 2.21.2
051834.408011 [5108] [3324] <info> Initializing...
051852.493198 [2904] [1708] <info> Open log C:\Programming\project\logs\, level 2
051852.494197 [2904] [1708] <info> System version 6.17. TXmlConnector version 2.21.2
051852.494197 [2904] [1708] <info> Initializing...
051920.771567 [12508] [8780] <info> Open log C:\Programming\project\logs\, level 2
051920.771567 [12508] [8780] <info> System version 6.17. TXmlConnector version 2.21.2
051920.771567 [12508] [8780] <info> Initializing...
052026.599680 [10564] [10944] <info> Open log C:\Programming\project\logs\, level 2
052026.599680 [10564] [10944] <info> System version 6.17. TXmlConnector version 2.21.2
052026.599680 [10564] [10944] <info> Initializing...
052050.553271 [5044] [9836] <info> Open log C:\Programming\project\logs\, level 2
052050.554271 [5044] [9836] <info> System version 6.17. TXmlConnector version 2.21.2
052050.554271 [5044] [9836] <info> Initializing...
052224.314726 [6684] [11556] <info> Open log C:\Programming\project\logs\, level 2
052224.315726 [6684] [11556] <info> System version 6.17. TXmlConnector version 2.21.2
052224.315726 [6684] [11556] <info> Initializing...
052311.177536 [8780] [12508] <info> Open log C:\Programming\project\logs\, level 2
052311.177536 [8780] [12508] <info> System version 6.17. TXmlConnector version 2.21.2
052311.177536 [8780] [12508] <info> Initializing...
052922.414069 [8672] [13212] <info> Open log C:\Programming\project\logs\, level 2
052922.415068 [8672] [13212] <info> System version 6.17. TXmlConnector version 2.21.2
052922.415068 [8672] [13212] <info> Initializing...
052923.422796 [8672] [13212] <info> State <DISCONNECTED> changed to <CONNECTING>
052923.422796 [8672] [main] <info> Initializing dsp...
052923.423791 [8672] [main] <info> Preparing for login...
052923.423791 [8672] [main] <info> Packet size: 65520
052923.423791 [8672] [main] <info> Logging in...
052925.263681 [8672] [13212] <info> Disconnecting...
052925.263681 [8672] [13212] <info> Waiting for WorkUp...
052944.466795 [8672] [main] <warning> Failed to login
052944.467789 [8672] [main] <info> State <CONNECTING> changed to <DISCONNECTED>
052944.467789 [8672] [13212] <info> Disconnect OK
052944.468790 [8672] [13212] <info> Finalizing...
052944.468790 [8672] [13212] <info> Shutdown...
052944.468790 [8672] [13212] <info> Waiting for callback thread...
052944.468790 [8672] [13212] <info> Shutdown OK
100049.680561 [13556] [15312] <info> Open log C:\Programming\project\logs\, level 2
100049.682579 [13556] [15312] <info> System version 6.17. TXmlConnector version 2.21.2
100049.682579 [13556] [15312] <info> Initializing...
100050.724866 [13556] [15312] <info> State <DISCONNECTED> changed to <CONNECTING>
100050.725865 [13556] [main] <info> Initializing dsp...
100050.725865 [13556] [main] <info> Preparing for login...
100050.725865 [13556] [main] <info> Packet size: 65520
100050.725865 [13556] [main] <info> Logging in...
100050.895790 [13556] [main] <info> Logged in
100050.895790 [13556] [main] <info> State <CONNECTING> changed to <LOADING>
100050.895790 [13556] [main] <info> Loading static data...
100050.918776 [13556] [main] <info> Loading snapshot...
100050.918776 [13556] [main] <info> State <LOADING> changed to <READY>
100050.918776 [13556] [main] <info> Main thread OK. Data refresh period: 20
100051.048693 [13556] [main] <info> Snapshot loaded: Cl: 1, As: 1
100051.048693 [13556] [main] <info> Host RAM: 8547MB total, 2075MB available, 32022KB used
100118.510898 [13624] [9264] <info> Open log C:\Programming\project\logs\, level 2
100118.511898 [13624] [9264] <info> System version 6.17. TXmlConnector version 2.21.2
100118.511898 [13624] [9264] <info> Initializing...
100119.518242 [13624] [9264] <info> State <DISCONNECTED> changed to <CONNECTING>
100119.519242 [13624] [main] <info> Initializing dsp...
100119.520242 [13624] [main] <info> Preparing for login...
100119.520242 [13624] [main] <info> Packet size: 65520
100119.520242 [13624] [main] <info> Logging in...
100119.545225 [13624] [main] <info> Logged in
100119.545225 [13624] [main] <info> State <CONNECTING> changed to <LOADING>
100119.545225 [13624] [main] <info> Loading static data...
100119.560216 [13624] [main] <info> Loading snapshot...
100119.560216 [13624] [main] <info> State <LOADING> changed to <READY>
100119.560216 [13624] [main] <info> Main thread OK. Data refresh period: 20
100119.663154 [13624] [main] <info> Snapshot loaded: Cl: 1, As: 1
100119.663154 [13624] [main] <info> Host RAM: 8547MB total, 2004MB available, 32428KB used
100128.699584 [13624] [9264] <info> Disconnecting...
100128.699584 [13624] [9264] <info> Waiting for WorkUp...
100128.712576 [13624] [main] <info> Shutdown event received
100128.740559 [13624] [main] <info> State <READY> changed to <DISCONNECTING>
100128.740559 [13624] [main] <info> Logging out...
100128.952429 [13624] [main] <info> Host RAM: 8547MB total, 1929MB available, 43528KB used
100128.952429 [13624] [main] <info> State <DISCONNECTING> changed to <DISCONNECTED>
100128.953428 [13624] [9264] <info> Disconnect OK
100128.984409 [13624] [9264] <info> Finalizing...
100128.984409 [13624] [9264] <info> Shutdown...
100128.984409 [13624] [9264] <info> Waiting for callback thread...
100411.911784 [6948] [8560] <info> Open log C:\Programming\project\logs\, level 2
100411.912784 [6948] [8560] <info> System version 6.17. TXmlConnector version 2.21.2
100411.912784 [6948] [8560] <info> Initializing...
100412.915118 [6948] [8560] <info> State <DISCONNECTED> changed to <CONNECTING>
100412.916117 [6948] [main] <info> Initializing dsp...
100412.916117 [6948] [main] <info> Preparing for login...
100412.917115 [6948] [main] <info> Packet size: 65520
100412.917115 [6948] [main] <info> Logging in...
100412.944131 [6948] [main] <info> Logged in
100412.944131 [6948] [main] <info> State <CONNECTING> changed to <LOADING>
100412.944131 [6948] [main] <info> Loading static data...
100412.960264 [6948] [main] <info> Loading snapshot...
100412.960264 [6948] [main] <info> State <LOADING> changed to <READY>
100412.960264 [6948] [main] <info> Main thread OK. Data refresh period: 20
100413.060108 [6948] [main] <info> Snapshot loaded: Cl: 1, As: 1
100413.061107 [6948] [main] <info> Host RAM: 8547MB total, 1991MB available, 31436KB used
100418.180134 [6948] [8560] <info> Disconnecting...
100418.180134 [6948] [8560] <info> Waiting for WorkUp...
100418.180134 [6948] [main] <info> Shutdown event received
100418.180134 [6948] [main] <info> State <READY> changed to <DISCONNECTING>
100418.180134 [6948] [main] <info> Logging out...
100418.383009 [6948] [main] <info> Host RAM: 8547MB total, 1995MB available, 44097KB used
100418.383009 [6948] [main] <info> State <DISCONNECTING> changed to <DISCONNECTED>
100418.384008 [6948] [8560] <info> Disconnect OK
100418.413442 [6948] [8560] <info> Finalizing...
100418.413442 [6948] [8560] <info> Shutdown...
100418.413442 [6948] [8560] <info> Waiting for callback thread...
100745.696533 [11180] [8148] <info> Open log C:\Programming\project\logs\, level 2
100745.696533 [11180] [8148] <info> System version 6.17. TXmlConnector version 2.21.2
100745.696533 [11180] [8148] <info> Initializing...
100746.709340 [11180] [8148] <info> State <DISCONNECTED> changed to <CONNECTING>
100746.709340 [11180] [main] <info> Initializing dsp...
100746.709340 [11180] [main] <info> Preparing for login...
100746.709340 [11180] [main] <info> Packet size: 65520
100746.709340 [11180] [main] <info> Logging in...
100746.743426 [11180] [main] <info> Logged in
100746.743426 [11180] [main] <info> State <CONNECTING> changed to <LOADING>
100746.743426 [11180] [main] <info> Loading static data...
100746.757452 [11180] [main] <info> Loading snapshot...
100746.757452 [11180] [main] <info> State <LOADING> changed to <READY>
100746.757452 [11180] [main] <info> Main thread OK. Data refresh period: 20
100746.862388 [11180] [main] <info> Snapshot loaded: Cl: 1, As: 1
100746.863386 [11180] [main] <info> Host RAM: 8547MB total, 1933MB available, 31502KB used
100753.506297 [11180] [8148] <info> Disconnecting...
100753.506297 [11180] [8148] <info> Waiting for WorkUp...
100753.506297 [11180] [main] <info> Shutdown event received
100753.506297 [11180] [main] <info> State <READY> changed to <DISCONNECTING>
100753.506297 [11180] [main] <info> Logging out...
100753.708168 [11180] [main] <info> Host RAM: 8547MB total, 1927MB available, 41357KB used
100753.708168 [11180] [main] <info> State <DISCONNECTING> changed to <DISCONNECTED>
100753.709168 [11180] [8148] <info> Disconnect OK
100753.757139 [11180] [8148] <info> Finalizing...
100753.757139 [11180] [8148] <info> Shutdown...
100753.757139 [11180] [8148] <info> Waiting for callback thread...
183939.031910 [9316] [16016] <info> Open log C:\Programming\project\logs\, level 2
183939.078159 [9316] [16016] <info> System version 6.17. TXmlConnector version 2.21.2
183939.078159 [9316] [16016] <info> Initializing...
183940.117665 [9316] [16016] <info> State <DISCONNECTED> changed to <CONNECTING>
183940.117665 [9316] [main] <info> Initializing dsp...
183940.118660 [9316] [main] <info> Preparing for login...
183940.118660 [9316] [main] <info> Packet size: 65520
183940.118660 [9316] [main] <info> Logging in...
183940.298071 [9316] [main] <info> Logged in
183940.299071 [9316] [main] <info> State <CONNECTING> changed to <LOADING>
183940.299071 [9316] [main] <info> Loading static data...
183940.315058 [9316] [main] <info> Loading snapshot...
183940.315058 [9316] [main] <info> State <LOADING> changed to <READY>
183940.315058 [9316] [main] <info> Main thread OK. Data refresh period: 10
183940.428987 [9316] [main] <info> Snapshot loaded: Cl: 1, As: 1
183940.428987 [9316] [main] <info> Host RAM: 8547MB total, 2342MB available, 31768KB used
183942.828511 [9316] [16016] <info> Disconnecting...
183942.828511 [9316] [16016] <info> Waiting for WorkUp...
183942.831507 [9316] [main] <info> Shutdown event received
183942.832507 [9316] [main] <info> State <READY> changed to <DISCONNECTING>
183942.832507 [9316] [main] <info> Logging out...
183943.034382 [9316] [main] <info> Host RAM: 8547MB total, 2384MB available, 41451KB used
183943.034382 [9316] [main] <info> State <DISCONNECTING> changed to <DISCONNECTED>
183943.035381 [9316] [16016] <info> Disconnect OK
183943.049372 [9316] [16016] <info> Finalizing...
183943.049372 [9316] [16016] <info> Shutdown...
183943.049372 [9316] [16016] <info> Waiting for callback thread...
184052.549419 [15288] [16188] <info> Open log C:\Programming\project\logs\, level 2
184052.550419 [15288] [16188] <info> System version 6.17. TXmlConnector version 2.21.2
184052.550419 [15288] [16188] <info> Initializing...
184053.556488 [15288] [16188] <info> State <DISCONNECTED> changed to <CONNECTING>
184053.556488 [15288] [main] <info> Initializing dsp...
184053.557485 [15288] [main] <info> Preparing for login...
184053.557485 [15288] [main] <info> Packet size: 65520
184053.557485 [15288] [main] <info> Logging in...
184053.592548 [15288] [main] <info> Logged in
184053.592548 [15288] [main] <info> State <CONNECTING> changed to <LOADING>
184053.592548 [15288] [main] <info> Loading static data...
184053.607690 [15288] [main] <info> Loading snapshot...
184053.607690 [15288] [main] <info> State <LOADING> changed to <READY>
184053.607690 [15288] [main] <info> Main thread OK. Data refresh period: 10
184053.721618 [15288] [main] <info> Snapshot loaded: Cl: 1, As: 1
184053.721618 [15288] [main] <info> Host RAM: 8547MB total, 2358MB available, 30015KB used
184118.605287 [16148] [14084] <info> Open log C:\Programming\project\logs\, level 2
184118.606286 [16148] [14084] <info> System version 6.17. TXmlConnector version 2.21.2
184118.606286 [16148] [14084] <info> Initializing...
184119.608651 [16148] [14084] <info> State <DISCONNECTED> changed to <CONNECTING>
184119.608651 [16148] [main] <info> Initializing dsp...
184119.609640 [16148] [main] <info> Preparing for login...
184119.609640 [16148] [main] <info> Packet size: 65520
184119.609640 [16148] [main] <info> Logging in...
184119.694973 [16148] [main] <info> Logged in
184119.694973 [16148] [main] <info> State <CONNECTING> changed to <LOADING>
184119.694973 [16148] [main] <info> Loading static data...
184119.715990 [16148] [main] <info> Loading snapshot...
184119.715990 [16148] [main] <info> State <LOADING> changed to <READY>
184119.715990 [16148] [main] <info> Main thread OK. Data refresh period: 10
184119.836915 [16148] [main] <info> Snapshot loaded: Cl: 1, As: 1
184119.836915 [16148] [main] <info> Host RAM: 8547MB total, 2349MB available, 30048KB used
184143.938166 [9588] [1400] <info> Open log C:\Programming\project\logs\, level 2
184143.938166 [9588] [1400] <info> System version 6.17. TXmlConnector version 2.21.2
184143.939165 [9588] [1400] <info> Initializing...
184144.944610 [9588] [1400] <info> State <DISCONNECTED> changed to <CONNECTING>
184144.944610 [9588] [main] <info> Initializing dsp...
184144.945607 [9588] [main] <info> Preparing for login...
184144.945607 [9588] [main] <info> Packet size: 65520
184144.945607 [9588] [main] <info> Logging in...
184144.980619 [9588] [main] <info> Logged in
184144.980619 [9588] [main] <info> State <CONNECTING> changed to <LOADING>
184144.980619 [9588] [main] <info> Loading static data...
184144.995723 [9588] [main] <info> Loading snapshot...
184144.995723 [9588] [main] <info> State <LOADING> changed to <READY>
184144.995723 [9588] [main] <info> Main thread OK. Data refresh period: 10
184145.139662 [9588] [main] <info> Snapshot loaded: Cl: 1, As: 1
184145.139662 [9588] [main] <info> Host RAM: 8547MB total, 2369MB available, 31735KB used
184234.653546 [3804] [3844] <info> Open log C:\Programming\project\logs\, level 2
184234.654544 [3804] [3844] <info> System version 6.17. TXmlConnector version 2.21.2
184234.654544 [3804] [3844] <info> Initializing...
184235.670904 [3804] [3844] <info> State <DISCONNECTED> changed to <CONNECTING>
184235.670904 [3804] [main] <info> Initializing dsp...
184235.671901 [3804] [main] <info> Preparing for login...
184235.671901 [3804] [main] <info> Packet size: 65520
184235.671901 [3804] [main] <info> Logging in...
184235.705880 [3804] [main] <info> Logged in
184235.705880 [3804] [main] <info> State <CONNECTING> changed to <LOADING>
184235.705880 [3804] [main] <info> Loading static data...
184235.719949 [3804] [main] <info> Loading snapshot...
184235.720944 [3804] [main] <info> State <LOADING> changed to <READY>
184235.720944 [3804] [main] <info> Main thread OK. Data refresh period: 10
184235.822994 [3804] [main] <info> Snapshot loaded: Cl: 1, As: 1
184235.822994 [3804] [main] <info> Host RAM: 8547MB total, 2388MB available, 32436KB used
184346.501268 [3804] [3844] <info> Disconnecting...
184346.501268 [3804] [3844] <info> Waiting for WorkUp...
184346.520320 [3804] [main] <info> Shutdown event received
184346.520320 [3804] [main] <info> State <READY> changed to <DISCONNECTING>
184346.520320 [3804] [main] <info> Logging out...
184346.731499 [3804] [main] <info> Host RAM: 8547MB total, 2415MB available, 41320KB used
184346.731499 [3804] [main] <info> State <DISCONNECTING> changed to <DISCONNECTED>
184346.733498 [3804] [3844] <info> Disconnect OK
184346.733498 [3804] [3844] <info> Finalizing...
184346.733498 [3804] [3844] <info> Shutdown...
184346.734497 [3804] [3844] <info> Waiting for callback thread...
184346.734497 [3804] [3844] <info> Shutdown OK
184630.885327 [13532] [15600] <info> Open log C:\Programming\project\logs\, level 2
184630.885327 [13532] [15600] <info> System version 6.17. TXmlConnector version 2.21.2
184630.885327 [13532] [15600] <info> Initializing...
184631.893966 [13532] [15600] <info> State <DISCONNECTED> changed to <CONNECTING>
184631.893966 [13532] [main] <info> Initializing dsp...
184631.894966 [13532] [main] <info> Preparing for login...
184631.894966 [13532] [main] <info> Packet size: 65520
184631.894966 [13532] [main] <info> Logging in...
184631.944929 [13532] [main] <info> Logged in
184631.944929 [13532] [main] <info> State <CONNECTING> changed to <LOADING>
184631.944929 [13532] [main] <info> Loading static data...
184631.958920 [13532] [main] <info> Loading snapshot...
184631.958920 [13532] [main] <info> State <LOADING> changed to <READY>
184631.958920 [13532] [main] <info> Main thread OK. Data refresh period: 10
184632.056900 [13532] [main] <info> Snapshot loaded: Cl: 1, As: 1
184632.056900 [13532] [main] <info> Host RAM: 8547MB total, 2465MB available, 31944KB used
191817.455362 [13532] [15600] <info> Disconnecting...
191817.455362 [13532] [15600] <info> Waiting for WorkUp...
191817.460360 [13532] [main] <info> Shutdown event received
191817.460360 [13532] [main] <info> State <READY> changed to <DISCONNECTING>
191817.460360 [13532] [main] <info> Logging out...
191817.663044 [13532] [main] <info> Host RAM: 8547MB total, 2075MB available, 40157KB used
191817.663044 [13532] [main] <info> State <DISCONNECTING> changed to <DISCONNECTED>
191817.664040 [13532] [15600] <info> Disconnect OK
191817.664040 [13532] [15600] <info> Finalizing...
191817.664040 [13532] [15600] <info> Shutdown...
191817.664040 [13532] [15600] <info> Waiting for callback thread...
191817.665041 [13532] [15600] <info> Shutdown OK
192409.462837 [6764] [5692] <info> Open log C:\Programming\project\logs\, level 2
192409.463837 [6764] [5692] <info> System version 6.17. TXmlConnector version 2.21.2
192409.463837 [6764] [5692] <info> Initializing...
192410.479142 [6764] [5692] <info> State <DISCONNECTED> changed to <CONNECTING>
192410.479142 [6764] [main] <info> Initializing dsp...
192410.480139 [6764] [main] <info> Preparing for login...
192410.480139 [6764] [main] <info> Packet size: 65520
192410.480139 [6764] [main] <info> Logging in...
192410.527186 [6764] [main] <info> Logged in
192410.527186 [6764] [main] <info> State <CONNECTING> changed to <LOADING>
192410.527186 [6764] [main] <info> Loading static data...
192410.543185 [6764] [main] <info> Loading snapshot...
192410.543185 [6764] [main] <info> State <LOADING> changed to <READY>
192410.543185 [6764] [main] <info> Main thread OK. Data refresh period: 10
192410.673169 [6764] [main] <info> Snapshot loaded: Cl: 1, As: 1
192410.673169 [6764] [main] <info> Host RAM: 8547MB total, 2257MB available, 32452KB used
192538.815754 [6764] [5692] <info> Disconnecting...
192538.816749 [6764] [5692] <info> Waiting for WorkUp...
192538.816749 [6764] [main] <info> Shutdown event received
192538.816749 [6764] [main] <info> State <READY> changed to <DISCONNECTING>
192538.816749 [6764] [main] <info> Logging out...
192539.027558 [6764] [main] <info> Host RAM: 8547MB total, 2230MB available, 49205KB used
192539.027558 [6764] [main] <info> State <DISCONNECTING> changed to <DISCONNECTED>
192539.028555 [6764] [5692] <info> Disconnect OK
192539.029555 [6764] [5692] <info> Finalizing...
192539.029555 [6764] [5692] <info> Shutdown...
192539.029555 [6764] [5692] <info> Waiting for callback thread...
192539.029555 [6764] [5692] <info> Shutdown OK
192542.900754 [14728] [14472] <info> Open log C:\Programming\project\logs\, level 2
192542.901754 [14728] [14472] <info> System version 6.17. TXmlConnector version 2.21.2
192542.901754 [14728] [14472] <info> Initializing...
192543.914564 [14728] [14472] <info> State <DISCONNECTED> changed to <CONNECTING>
192543.914564 [14728] [main] <info> Initializing dsp...
192543.915560 [14728] [main] <info> Preparing for login...
192543.915560 [14728] [main] <info> Packet size: 65520
192543.915560 [14728] [main] <info> Logging in...
192543.947542 [14728] [main] <info> Logged in
192543.948543 [14728] [main] <info> State <CONNECTING> changed to <LOADING>
192543.948543 [14728] [main] <info> Loading static data...
192543.963563 [14728] [main] <info> Loading snapshot...
192543.963563 [14728] [main] <info> State <LOADING> changed to <READY>
192543.963563 [14728] [main] <info> Main thread OK. Data refresh period: 10
192544.079519 [14728] [main] <info> Snapshot loaded: Cl: 1, As: 1
192544.079519 [14728] [main] <info> Host RAM: 8547MB total, 2251MB available, 32051KB used
192713.084136 [14728] [14472] <info> Disconnecting...
192713.084136 [14728] [14472] <info> Waiting for WorkUp...
192713.084136 [14728] [main] <info> Shutdown event received
192713.084136 [14728] [main] <info> State <READY> changed to <DISCONNECTING>
192713.084136 [14728] [main] <info> Logging out...
192713.289885 [14728] [main] <info> Host RAM: 8547MB total, 2244MB available, 49864KB used
192713.289885 [14728] [main] <info> State <DISCONNECTING> changed to <DISCONNECTED>
192713.290882 [14728] [14472] <info> Disconnect OK
192713.291882 [14728] [14472] <info> Finalizing...
192713.291882 [14728] [14472] <info> Shutdown...
192713.291882 [14728] [14472] <info> Waiting for callback thread...
192713.291882 [14728] [14472] <info> Shutdown OK
192716.536420 [7624] [9140] <info> Open log C:\Programming\project\logs\, level 2
192716.537420 [7624] [9140] <info> System version 6.17. TXmlConnector version 2.21.2
192716.537420 [7624] [9140] <info> Initializing...
192717.553437 [7624] [9140] <info> State <DISCONNECTED> changed to <CONNECTING>
192717.553437 [7624] [main] <info> Initializing dsp...
192717.553437 [7624] [main] <info> Preparing for login...
192717.553437 [7624] [main] <info> Packet size: 65520
192717.553437 [7624] [main] <info> Logging in...
192717.579406 [7624] [main] <info> Logged in
192717.579406 [7624] [main] <info> State <CONNECTING> changed to <LOADING>
192717.579406 [7624] [main] <info> Loading static data...
192717.593398 [7624] [main] <info> Loading snapshot...
192717.593398 [7624] [main] <info> State <LOADING> changed to <READY>
192717.593398 [7624] [main] <info> Main thread OK. Data refresh period: 10
192717.685342 [7624] [main] <info> Snapshot loaded: Cl: 1, As: 1
192717.685342 [7624] [main] <info> Host RAM: 8547MB total, 2257MB available, 33001KB used
192748.574716 [11608] [10744] <info> Open log C:\Programming\project\logs\, level 2
192748.575715 [11608] [10744] <info> System version 6.17. TXmlConnector version 2.21.2
192748.575715 [11608] [10744] <info> Initializing...
192749.588613 [11608] [10744] <info> State <DISCONNECTED> changed to <CONNECTING>
192749.588613 [11608] [main] <info> Initializing dsp...
192749.589613 [11608] [main] <info> Preparing for login...
192749.589613 [11608] [main] <info> Packet size: 65520
192749.589613 [11608] [main] <info> Logging in...
192749.625590 [11608] [main] <info> Logged in
192749.626590 [11608] [main] <info> State <CONNECTING> changed to <LOADING>
192749.626590 [11608] [main] <info> Loading static data...
192749.639608 [11608] [main] <info> Loading snapshot...
192749.639608 [11608] [main] <info> State <LOADING> changed to <READY>
192749.640607 [11608] [main] <info> Main thread OK. Data refresh period: 10
192749.750537 [11608] [main] <info> Snapshot loaded: Cl: 1, As: 1
192749.750537 [11608] [main] <info> Host RAM: 8547MB total, 2263MB available, 32059KB used
192907.819689 [11608] [10744] <info> Disconnecting...
192907.820690 [11608] [10744] <info> Waiting for WorkUp...
192907.823687 [11608] [main] <info> Shutdown event received
192907.823687 [11608] [main] <info> State <READY> changed to <DISCONNECTING>
192907.823687 [11608] [main] <info> Logging out...
192908.037493 [11608] [main] <info> Host RAM: 8547MB total, 2254MB available, 50335KB used
192908.037493 [11608] [main] <info> State <DISCONNECTING> changed to <DISCONNECTED>
192908.038491 [11608] [10744] <info> Disconnect OK
192908.039490 [11608] [10744] <info> Finalizing...
192908.039490 [11608] [10744] <info> Shutdown...
192908.039490 [11608] [10744] <info> Waiting for callback thread...
192908.039490 [11608] [10744] <info> Shutdown OK
192912.215187 [12640] [15536] <info> Open log C:\Programming\project\logs\, level 2
192912.216187 [12640] [15536] <info> System version 6.17. TXmlConnector version 2.21.2
192912.216187 [12640] [15536] <info> Initializing...
192913.221076 [12640] [15536] <info> State <DISCONNECTED> changed to <CONNECTING>
192913.221076 [12640] [main] <info> Initializing dsp...
192913.222071 [12640] [main] <info> Preparing for login...
192913.222071 [12640] [main] <info> Packet size: 65520
192913.222071 [12640] [main] <info> Logging in...
192913.264154 [12640] [main] <info> Logged in
192913.264154 [12640] [main] <info> State <CONNECTING> changed to <LOADING>
192913.264154 [12640] [main] <info> Loading static data...
192913.279175 [12640] [main] <info> Loading snapshot...
192913.280173 [12640] [main] <info> State <LOADING> changed to <READY>
192913.280173 [12640] [main] <info> Main thread OK. Data refresh period: 10
192913.385106 [12640] [main] <info> Snapshot loaded: Cl: 1, As: 1
192913.385106 [12640] [main] <info> Host RAM: 8547MB total, 2271MB available, 31252KB used
192931.758890 [12640] [15536] <info> Disconnecting...
192931.758890 [12640] [15536] <info> Waiting for WorkUp...
192931.758890 [12640] [main] <info> Shutdown event received
192931.759884 [12640] [main] <info> State <READY> changed to <DISCONNECTING>
192931.759884 [12640] [main] <info> Logging out...
192931.960686 [12640] [main] <info> Host RAM: 8547MB total, 2261MB available, 31338KB used
192931.960686 [12640] [main] <info> State <DISCONNECTING> changed to <DISCONNECTED>
192931.962683 [12640] [15536] <info> Disconnect OK
192931.963682 [12640] [15536] <info> Finalizing...
192931.963682 [12640] [15536] <info> Shutdown...
192931.963682 [12640] [15536] <info> Waiting for callback thread...
192931.965681 [12640] [15536] <info> Shutdown OK
192938.355589 [14412] [13368] <info> Open log C:\Programming\project\logs\, level 2
192938.355589 [14412] [13368] <info> System version 6.17. TXmlConnector version 2.21.2
192938.355589 [14412] [13368] <info> Initializing...
192939.357957 [14412] [13368] <info> State <DISCONNECTED> changed to <CONNECTING>
192939.357957 [14412] [main] <info> Initializing dsp...
192939.358954 [14412] [main] <info> Preparing for login...
192939.358954 [14412] [main] <info> Packet size: 65520
192939.358954 [14412] [main] <info> Logging in...
192939.392094 [14412] [main] <info> Logged in
192939.393100 [14412] [main] <info> State <CONNECTING> changed to <LOADING>
192939.393100 [14412] [main] <info> Loading static data...
192939.408090 [14412] [main] <info> Loading snapshot...
192939.408090 [14412] [main] <info> State <LOADING> changed to <READY>
192939.408090 [14412] [main] <info> Main thread OK. Data refresh period: 10
192939.523019 [14412] [main] <info> Snapshot loaded: Cl: 1, As: 1
192939.523019 [14412] [main] <info> Host RAM: 8547MB total, 2271MB available, 30998KB used
193347.955152 [14412] [13368] <info> Disconnecting...
193347.955152 [14412] [13368] <info> Waiting for WorkUp...
193347.955152 [14412] [main] <info> Shutdown event received
193347.955152 [14412] [main] <info> State <READY> changed to <DISCONNECTING>
193347.955152 [14412] [main] <info> Logging out...
193348.163619 [14412] [main] <info> Host RAM: 8547MB total, 2092MB available, 31039KB used
193348.163619 [14412] [main] <info> State <DISCONNECTING> changed to <DISCONNECTED>
193348.165614 [14412] [13368] <info> Disconnect OK
193348.165614 [14412] [13368] <info> Finalizing...
193348.165614 [14412] [13368] <info> Shutdown...
193348.165614 [14412] [13368] <info> Waiting for callback thread...
193348.168613 [14412] [13368] <info> Shutdown OK
193352.317732 [7908] [15628] <info> Open log C:\Programming\project\logs\, level 2
193352.317732 [7908] [15628] <info> System version 6.17. TXmlConnector version 2.21.2
193352.317732 [7908] [15628] <info> Initializing...
193353.322097 [7908] [15628] <info> State <DISCONNECTED> changed to <CONNECTING>
193353.322097 [7908] [main] <info> Initializing dsp...
193353.323097 [7908] [main] <info> Preparing for login...
193353.323097 [7908] [main] <info> Packet size: 65520
193353.323097 [7908] [main] <info> Logging in...
193353.357104 [7908] [main] <info> Logged in
193353.357104 [7908] [main] <info> State <CONNECTING> changed to <LOADING>
193353.357104 [7908] [main] <info> Loading static data...
193353.372095 [7908] [main] <info> Loading snapshot...
193353.373092 [7908] [main] <info> State <LOADING> changed to <READY>
193353.373092 [7908] [main] <info> Main thread OK. Data refresh period: 10
193353.488020 [7908] [main] <info> Snapshot loaded: Cl: 1, As: 1
193353.488020 [7908] [main] <info> Host RAM: 8547MB total, 2090MB available, 30343KB used
193509.479502 [7908] [15628] <info> Disconnecting...
193509.479502 [7908] [15628] <info> Waiting for WorkUp...
193509.479502 [7908] [main] <info> Shutdown event received
193509.479502 [7908] [main] <info> State <READY> changed to <DISCONNECTING>
193509.479502 [7908] [main] <info> Logging out...
193509.685552 [7908] [main] <info> Host RAM: 8547MB total, 2072MB available, 49045KB used
193509.685552 [7908] [main] <info> State <DISCONNECTING> changed to <DISCONNECTED>
193509.687548 [7908] [15628] <info> Disconnect OK
193509.687548 [7908] [15628] <info> Finalizing...
193509.687548 [7908] [15628] <info> Shutdown...
193509.687548 [7908] [15628] <info> Waiting for callback thread...
193509.696544 [7908] [15628] <info> Shutdown OK
193513.701210 [14856] [13192] <info> Open log C:\Programming\project\logs\, level 2
193513.702211 [14856] [13192] <info> System version 6.17. TXmlConnector version 2.21.2
193513.702211 [14856] [13192] <info> Initializing...
193514.715171 [14856] [13192] <info> State <DISCONNECTED> changed to <CONNECTING>
193514.715171 [14856] [main] <info> Initializing dsp...
193514.716171 [14856] [main] <info> Preparing for login...
193514.716171 [14856] [main] <info> Packet size: 65520
193514.716171 [14856] [main] <info> Logging in...
193514.758177 [14856] [main] <info> Logged in
193514.758177 [14856] [main] <info> State <CONNECTING> changed to <LOADING>
193514.758177 [14856] [main] <info> Loading static data...
193514.772168 [14856] [main] <info> Loading snapshot...
193514.773165 [14856] [main] <info> State <LOADING> changed to <READY>
193514.773165 [14856] [main] <info> Main thread OK. Data refresh period: 10
193514.876101 [14856] [main] <info> Snapshot loaded: Cl: 1, As: 1
193514.876101 [14856] [main] <info> Host RAM: 8547MB total, 2086MB available, 32362KB used
193556.820877 [14856] [13192] <info> Disconnecting...
193556.820877 [14856] [13192] <info> Waiting for WorkUp...
193556.820877 [14856] [main] <info> Shutdown event received
193556.820877 [14856] [main] <info> State <READY> changed to <DISCONNECTING>
193556.820877 [14856] [main] <info> Logging out...
193557.031427 [14856] [main] <info> Host RAM: 8547MB total, 2064MB available, 49414KB used
193557.031427 [14856] [main] <info> State <DISCONNECTING> changed to <DISCONNECTED>
193557.032427 [14856] [13192] <info> Disconnect OK
193557.033422 [14856] [13192] <info> Finalizing...
193557.033422 [14856] [13192] <info> Shutdown...
193557.033422 [14856] [13192] <info> Waiting for callback thread...
193557.033422 [14856] [13192] <info> Shutdown OK
193601.800213 [11652] [11428] <info> Open log C:\Programming\project\logs\, level 2
193601.801212 [11652] [11428] <info> System version 6.17. TXmlConnector version 2.21.2
193601.801212 [11652] [11428] <info> Initializing...
193602.806106 [11652] [11428] <info> State <DISCONNECTED> changed to <CONNECTING>
193602.806106 [11652] [main] <info> Initializing dsp...
193602.807101 [11652] [main] <info> Preparing for login...
193602.807101 [11652] [main] <info> Packet size: 65520
193602.807101 [11652] [main] <info> Logging in...
193602.842106 [11652] [main] <info> Logged in
193602.842106 [11652] [main] <info> State <CONNECTING> changed to <LOADING>
193602.842106 [11652] [main] <info> Loading static data...
193602.859095 [11652] [main] <info> Loading snapshot...
193602.859095 [11652] [main] <info> State <LOADING> changed to <READY>
193602.859095 [11652] [main] <info> Main thread OK. Data refresh period: 10
193602.954035 [11652] [main] <info> Snapshot loaded: Cl: 1, As: 1
193602.955036 [11652] [main] <info> Host RAM: 8547MB total, 2080MB available, 32100KB used
193607.209962 [11652] [11428] <info> Disconnecting...
193607.209962 [11652] [11428] <info> Waiting for WorkUp...
193607.209962 [11652] [main] <info> Shutdown event received
193607.209962 [11652] [main] <info> State <READY> changed to <DISCONNECTING>
193607.209962 [11652] [main] <info> Logging out...
193607.416139 [11652] [main] <info> Host RAM: 8547MB total, 2062MB available, 49315KB used
193607.416139 [11652] [main] <info> State <DISCONNECTING> changed to <DISCONNECTED>
193607.417135 [11652] [11428] <info> Disconnect OK
193607.417135 [11652] [11428] <info> Finalizing...
193607.417135 [11652] [11428] <info> Shutdown...
193607.417135 [11652] [11428] <info> Waiting for callback thread...
193607.417135 [11652] [11428] <info> Shutdown OK
193651.665176 [13768] [3852] <info> Open log C:\Programming\project\logs\, level 2
193651.666176 [13768] [3852] <info> System version 6.17. TXmlConnector version 2.21.2
193651.666176 [13768] [3852] <info> Initializing...
193652.676701 [13768] [3852] <info> State <DISCONNECTED> changed to <CONNECTING>
193652.676701 [13768] [main] <info> Initializing dsp...
193652.677696 [13768] [main] <info> Preparing for login...
193652.677696 [13768] [main] <info> Packet size: 65520
193652.677696 [13768] [main] <info> Logging in...
193652.709916 [13768] [main] <info> Logged in
193652.709916 [13768] [main] <info> State <CONNECTING> changed to <LOADING>
193652.709916 [13768] [main] <info> Loading static data...
193652.726055 [13768] [main] <info> Loading snapshot...
193652.726055 [13768] [main] <info> State <LOADING> changed to <READY>
193652.726055 [13768] [main] <info> Main thread OK. Data refresh period: 10
193652.822025 [13768] [main] <info> Snapshot loaded: Cl: 1, As: 1
193652.822025 [13768] [main] <info> Host RAM: 8547MB total, 2126MB available, 32604KB used
193808.806879 [13768] [3852] <info> Disconnecting...
193808.806879 [13768] [3852] <info> Waiting for WorkUp...
193808.806879 [13768] [main] <info> Shutdown event received
193808.806879 [13768] [main] <info> State <READY> changed to <DISCONNECTING>
193808.807876 [13768] [main] <info> Logging out...
193809.013525 [13768] [main] <info> Host RAM: 8547MB total, 2100MB available, 49217KB used
193809.013525 [13768] [main] <info> State <DISCONNECTING> changed to <DISCONNECTED>
193809.014519 [13768] [3852] <info> Disconnect OK
193809.015524 [13768] [3852] <info> Finalizing...
193809.015524 [13768] [3852] <info> Shutdown...
193809.015524 [13768] [3852] <info> Waiting for callback thread...
193809.015524 [13768] [3852] <info> Shutdown OK
193812.549075 [15156] [12272] <info> Open log C:\Programming\project\logs\, level 2
193812.550074 [15156] [12272] <info> System version 6.17. TXmlConnector version 2.21.2
193812.550074 [15156] [12272] <info> Initializing...
193813.565096 [15156] [12272] <info> State <DISCONNECTED> changed to <CONNECTING>
193813.565096 [15156] [main] <info> Initializing dsp...
193813.566094 [15156] [main] <info> Preparing for login...
193813.566094 [15156] [main] <info> Packet size: 65520
193813.566094 [15156] [main] <info> Logging in...
193813.600069 [15156] [main] <info> Logged in
193813.600069 [15156] [main] <info> State <CONNECTING> changed to <LOADING>
193813.600069 [15156] [main] <info> Loading static data...
193813.614059 [15156] [main] <info> Loading snapshot...
193813.614059 [15156] [main] <info> State <LOADING> changed to <READY>
193813.614059 [15156] [main] <info> Main thread OK. Data refresh period: 10
193813.724989 [15156] [main] <info> Snapshot loaded: Cl: 1, As: 1
193813.724989 [15156] [main] <info> Host RAM: 8547MB total, 2111MB available, 33083KB used
193923.943558 [15628] [15648] <info> Open log C:\Programming\project\logs\, level 2
193923.944557 [15628] [15648] <info> System version 6.17. TXmlConnector version 2.21.2
193923.944557 [15628] [15648] <info> Initializing...
193924.954421 [15628] [15648] <info> State <DISCONNECTED> changed to <CONNECTING>
193924.954421 [15628] [main] <info> Initializing dsp...
193924.955419 [15628] [main] <info> Preparing for login...
193924.955419 [15628] [main] <info> Packet size: 65520
193924.955419 [15628] [main] <info> Logging in...
193924.989396 [15628] [main] <info> Logged in
193924.989396 [15628] [main] <info> State <CONNECTING> changed to <LOADING>
193924.989396 [15628] [main] <info> Loading static data...
193925.004387 [15628] [main] <info> Loading snapshot...
193925.004387 [15628] [main] <info> State <LOADING> changed to <READY>
193925.004387 [15628] [main] <info> Main thread OK. Data refresh period: 10
193925.103327 [15628] [main] <info> Snapshot loaded: Cl: 1, As: 1
193925.103327 [15628] [main] <info> Host RAM: 8547MB total, 2092MB available, 30072KB used
194013.105034 [12040] [10560] <info> Open log C:\Programming\project\logs\, level 2
194013.105034 [12040] [10560] <info> System version 6.17. TXmlConnector version 2.21.2
194013.105034 [12040] [10560] <info> Initializing...
194014.115202 [12040] [10560] <info> State <DISCONNECTED> changed to <CONNECTING>
194014.115202 [12040] [main] <info> Initializing dsp...
194014.116200 [12040] [main] <info> Preparing for login...
194014.116200 [12040] [main] <info> Packet size: 65520
194014.116200 [12040] [main] <info> Logging in...
194014.150180 [12040] [main] <info> Logged in
194014.150180 [12040] [main] <info> State <CONNECTING> changed to <LOADING>
194014.150180 [12040] [main] <info> Loading static data...
194014.175161 [12040] [main] <info> Loading snapshot...
194014.175161 [12040] [main] <info> State <LOADING> changed to <READY>
194014.175161 [12040] [main] <info> Main thread OK. Data refresh period: 10
194014.279100 [12040] [main] <info> Snapshot loaded: Cl: 1, As: 1
194014.279100 [12040] [main] <info> Host RAM: 8547MB total, 2070MB available, 30347KB used
203522.509814 [15844] [5876] <info> Open log C:\Programming\project\logs\, level 2
203522.509814 [15844] [5876] <info> System version 6.17. TXmlConnector version 2.21.2
203522.509814 [15844] [5876] <info> Initializing...
203523.516184 [15844] [5876] <info> State <DISCONNECTED> changed to <CONNECTING>
203523.516184 [15844] [main] <info> Initializing dsp...
203523.517183 [15844] [main] <info> Preparing for login...
203523.517183 [15844] [main] <info> Packet size: 65520
203523.517183 [15844] [main] <info> Logging in...
203523.566149 [15844] [main] <info> Logged in
203523.566149 [15844] [main] <info> State <CONNECTING> changed to <LOADING>
203523.566149 [15844] [main] <info> Loading static data...
203523.580142 [15844] [main] <info> Loading snapshot...
203523.580142 [15844] [main] <info> State <LOADING> changed to <READY>
203523.580142 [15844] [main] <info> Main thread OK. Data refresh period: 10
203523.676079 [15844] [main] <info> Snapshot loaded: Cl: 1, As: 1
203523.676079 [15844] [main] <info> Host RAM: 8547MB total, 2024MB available, 30502KB used
203548.832138 [15900] [15196] <info> Open log C:\Programming\project\logs\, level 2
203548.833137 [15900] [15196] <info> System version 6.17. TXmlConnector version 2.21.2
203548.833137 [15900] [15196] <info> Initializing...
203549.839676 [15900] [15196] <info> State <DISCONNECTED> changed to <CONNECTING>
203549.839676 [15900] [main] <info> Initializing dsp...
203549.839676 [15900] [main] <info> Preparing for login...
203549.839676 [15900] [main] <info> Packet size: 65520
203549.839676 [15900] [main] <info> Logging in...
203549.866659 [15900] [main] <info> Logged in
203549.866659 [15900] [main] <info> State <CONNECTING> changed to <LOADING>
203549.866659 [15900] [main] <info> Loading static data...
203549.889646 [15900] [main] <info> Loading snapshot...
203549.889646 [15900] [main] <info> State <LOADING> changed to <READY>
203549.889646 [15900] [main] <info> Main thread OK. Data refresh period: 10
203549.985587 [15900] [main] <info> Snapshot loaded: Cl: 1, As: 1
203549.985587 [15900] [main] <info> Host RAM: 8547MB total, 2000MB available, 30285KB used
203805.476325 [9660] [12236] <info> Open log C:\Programming\project\logs\, level 2
203805.476325 [9660] [12236] <info> System version 6.17. TXmlConnector version 2.21.2
203805.476325 [9660] [12236] <info> Initializing...
203806.480141 [9660] [12236] <info> State <DISCONNECTED> changed to <CONNECTING>
203806.480141 [9660] [main] <info> Initializing dsp...
203806.481138 [9660] [main] <info> Preparing for login...
203806.481138 [9660] [main] <info> Packet size: 65520
203806.481138 [9660] [main] <info> Logging in...
203806.512118 [9660] [main] <info> Logged in
203806.512118 [9660] [main] <info> State <CONNECTING> changed to <LOADING>
203806.512118 [9660] [main] <info> Loading static data...
203806.525111 [9660] [main] <info> Loading snapshot...
203806.525111 [9660] [main] <info> State <LOADING> changed to <READY>
203806.525111 [9660] [main] <info> Main thread OK. Data refresh period: 10
203806.630046 [9660] [main] <info> Snapshot loaded: Cl: 1, As: 1
203806.630046 [9660] [main] <info> Host RAM: 8547MB total, 1890MB available, 30298KB used
204254.029310 [6308] [3992] <info> Open log C:\Programming\project\logs\, level 2
204254.030310 [6308] [3992] <info> System version 6.17. TXmlConnector version 2.21.2
204254.030310 [6308] [3992] <info> Initializing...
204255.032435 [6308] [3992] <info> State <DISCONNECTED> changed to <CONNECTING>
204255.032435 [6308] [main] <info> Initializing dsp...
204255.032435 [6308] [main] <info> Preparing for login...
204255.032435 [6308] [main] <info> Packet size: 65520
204255.032435 [6308] [main] <info> Logging in...
204255.069408 [6308] [main] <info> Logged in
204255.069408 [6308] [main] <info> State <CONNECTING> changed to <LOADING>
204255.069408 [6308] [main] <info> Loading static data...
204255.086397 [6308] [main] <info> Loading snapshot...
204255.086397 [6308] [main] <info> State <LOADING> changed to <READY>
204255.086397 [6308] [main] <info> Main thread OK. Data refresh period: 10
204255.178339 [6308] [main] <info> Snapshot loaded: Cl: 1, As: 1
204255.178339 [6308] [main] <info> Host RAM: 8547MB total, 1808MB available, 30101KB used
204316.055790 [15796] [10532] <info> Open log C:\Programming\project\logs\, level 2
204316.055790 [15796] [10532] <info> System version 6.17. TXmlConnector version 2.21.2
204316.055790 [15796] [10532] <info> Initializing...
204317.063787 [15796] [10532] <info> State <DISCONNECTED> changed to <CONNECTING>
204317.063787 [15796] [main] <info> Initializing dsp...
204317.063787 [15796] [main] <info> Preparing for login...
204317.063787 [15796] [main] <info> Packet size: 65520
204317.063787 [15796] [main] <info> Logging in...
204317.089768 [15796] [main] <info> Logged in
204317.089768 [15796] [main] <info> State <CONNECTING> changed to <LOADING>
204317.089768 [15796] [main] <info> Loading static data...
204317.102763 [15796] [main] <info> Loading snapshot...
204317.102763 [15796] [main] <info> State <LOADING> changed to <READY>
204317.102763 [15796] [main] <info> Main thread OK. Data refresh period: 10
204317.212692 [15796] [main] <info> Snapshot loaded: Cl: 1, As: 1
204317.212692 [15796] [main] <info> Host RAM: 8547MB total, 1809MB available, 30482KB used
204540.583733 [6180] [15148] <info> Open log C:\Programming\project\logs\, level 2
204540.583733 [6180] [15148] <info> System version 6.17. TXmlConnector version 2.21.2
204540.583733 [6180] [15148] <info> Initializing...
204541.600838 [6180] [15148] <info> State <DISCONNECTED> changed to <CONNECTING>
204541.600838 [6180] [main] <info> Initializing dsp...
204541.601835 [6180] [main] <info> Preparing for login...
204541.601835 [6180] [main] <info> Packet size: 65520
204541.601835 [6180] [main] <info> Logging in...
204541.636812 [6180] [main] <info> Logged in
204541.636812 [6180] [main] <info> State <CONNECTING> changed to <LOADING>
204541.636812 [6180] [main] <info> Loading static data...
204541.649804 [6180] [main] <info> Loading snapshot...
204541.650803 [6180] [main] <info> State <LOADING> changed to <READY>
204541.650803 [6180] [main] <info> Main thread OK. Data refresh period: 10
204541.750742 [6180] [main] <info> Snapshot loaded: Cl: 1, As: 1
204541.750742 [6180] [main] <info> Host RAM: 8547MB total, 1808MB available, 30457KB used
205133.188562 [6688] [5056] <info> Open log C:\Programming\project\logs\, level 2
205133.189562 [6688] [5056] <info> System version 6.17. TXmlConnector version 2.21.2
205133.189562 [6688] [5056] <info> Initializing...
205134.196731 [6688] [5056] <info> State <DISCONNECTED> changed to <CONNECTING>
205134.196731 [6688] [main] <info> Initializing dsp...
205134.197728 [6688] [main] <info> Preparing for login...
205134.197728 [6688] [main] <info> Packet size: 65520
205134.197728 [6688] [main] <info> Logging in...
205134.236702 [6688] [main] <info> Logged in
205134.236702 [6688] [main] <info> State <CONNECTING> changed to <LOADING>
205134.237699 [6688] [main] <info> Loading static data...
205134.251721 [6688] [main] <info> Loading snapshot...
205134.251721 [6688] [main] <info> State <LOADING> changed to <READY>
205134.251721 [6688] [main] <info> Main thread OK. Data refresh period: 10
205134.372289 [6688] [main] <info> Snapshot loaded: Cl: 1, As: 1
205134.372289 [6688] [main] <info> Host RAM: 8547MB total, 1716MB available, 32051KB used
212027.107492 [11492] [11524] <info> Open log C:\Programming\project\logs\, level 2
212027.108492 [11492] [11524] <info> System version 6.17. TXmlConnector version 2.21.2
212027.108492 [11492] [11524] <info> Initializing...
212028.119932 [11492] [11524] <info> State <DISCONNECTED> changed to <CONNECTING>
212028.119932 [11492] [main] <info> Initializing dsp...
212028.120936 [11492] [main] <info> Preparing for login...
212028.120936 [11492] [main] <info> Packet size: 65520
212028.120936 [11492] [main] <info> Logging in...
212028.168984 [11492] [main] <info> Logged in
212028.168984 [11492] [main] <info> State <CONNECTING> changed to <LOADING>
212028.168984 [11492] [main] <info> Loading static data...
212028.184003 [11492] [main] <info> Loading snapshot...
212028.184003 [11492] [main] <info> State <LOADING> changed to <READY>
212028.184003 [11492] [main] <info> Main thread OK. Data refresh period: 10
212028.285971 [11492] [main] <info> Snapshot loaded: Cl: 1, As: 1
212028.285971 [11492] [main] <info> Host RAM: 8547MB total, 1826MB available, 32096KB used
212820.872144 [3484] [13188] <info> Open log C:\Programming\project\logs\, level 2
212820.873144 [3484] [13188] <info> System version 6.17. TXmlConnector version 2.21.2
212820.873144 [3484] [13188] <info> Initializing...
212821.880138 [3484] [13188] <info> State <DISCONNECTED> changed to <CONNECTING>
212821.880138 [3484] [main] <info> Initializing dsp...
212821.880138 [3484] [main] <info> Preparing for login...
212821.880138 [3484] [main] <info> Packet size: 65520
212821.880138 [3484] [main] <info> Logging in...
212821.926110 [3484] [main] <info> Logged in
212821.926110 [3484] [main] <info> State <CONNECTING> changed to <LOADING>
212821.926110 [3484] [main] <info> Loading static data...
212821.939100 [3484] [main] <info> Loading snapshot...
212821.939100 [3484] [main] <info> State <LOADING> changed to <READY>
212821.940099 [3484] [main] <info> Main thread OK. Data refresh period: 10
212822.044036 [3484] [main] <info> Snapshot loaded: Cl: 1, As: 1
212822.044036 [3484] [main] <info> Host RAM: 8547MB total, 2079MB available, 30326KB used
212853.874373 [1596] [4472] <info> Open log C:\Programming\project\logs\, level 2
212853.875373 [1596] [4472] <info> System version 6.17. TXmlConnector version 2.21.2
212853.875373 [1596] [4472] <info> Initializing...
212854.891559 [1596] [4472] <info> State <DISCONNECTED> changed to <CONNECTING>
212854.891559 [1596] [main] <info> Initializing dsp...
212854.892555 [1596] [main] <info> Preparing for login...
212854.892555 [1596] [main] <info> Packet size: 65520
212854.892555 [1596] [main] <info> Logging in...
212854.928529 [1596] [main] <info> Logged in
212854.928529 [1596] [main] <info> State <CONNECTING> changed to <LOADING>
212854.928529 [1596] [main] <info> Loading static data...
212854.941521 [1596] [main] <info> Loading snapshot...
212854.941521 [1596] [main] <info> State <LOADING> changed to <READY>
212854.941521 [1596] [main] <info> Main thread OK. Data refresh period: 10
212855.039463 [1596] [main] <info> Snapshot loaded: Cl: 1, As: 1
212855.039463 [1596] [main] <info> Host RAM: 8547MB total, 2076MB available, 30375KB used
214510.838846 [1596] [4472] <info> Disconnecting...
214510.838846 [1596] [main] <info> Shutdown event received
214510.838846 [1596] [4472] <info> Waiting for WorkUp...
214510.838846 [1596] [main] <info> State <READY> changed to <DISCONNECTING>
214510.838846 [1596] [main] <info> Logging out...
214511.046969 [1596] [main] <info> Host RAM: 8547MB total, 1992MB available, 54636KB used
214511.046969 [1596] [main] <info> State <DISCONNECTING> changed to <DISCONNECTED>
214511.048965 [1596] [4472] <info> Disconnect OK
214511.048965 [1596] [4472] <info> Finalizing...
214511.048965 [1596] [4472] <info> Shutdown...
214511.049965 [1596] [4472] <info> Waiting for callback thread...
214511.049965 [1596] [4472] <info> Shutdown OK
221245.505249 [6844] [12352] <info> Open log C:\Programming\project\logs\, level 2
221245.506249 [6844] [12352] <info> System version 6.17. TXmlConnector version 2.21.2
221245.506249 [6844] [12352] <info> Initializing...
221246.519870 [6844] [12352] <info> State <DISCONNECTED> changed to <CONNECTING>
221246.519870 [6844] [main] <info> Initializing dsp...
221246.520868 [6844] [main] <info> Preparing for login...
221246.520868 [6844] [main] <info> Packet size: 65520
221246.520868 [6844] [main] <info> Logging in...
221246.567838 [6844] [main] <info> Logged in
221246.567838 [6844] [main] <info> State <CONNECTING> changed to <LOADING>
221246.567838 [6844] [main] <info> Loading static data...
221246.583827 [6844] [main] <info> Loading snapshot...
221246.583827 [6844] [main] <info> State <LOADING> changed to <READY>
221246.583827 [6844] [main] <info> Main thread OK. Data refresh period: 10
221246.690762 [6844] [main] <info> Snapshot loaded: Cl: 1, As: 1
221246.690762 [6844] [main] <info> Host RAM: 8547MB total, 1877MB available, 30343KB used
221313.988684 [6844] [12352] <info> Disconnecting...
221313.988684 [6844] [12352] <info> Waiting for WorkUp...
221313.989680 [6844] [main] <info> Shutdown event received
221313.989680 [6844] [main] <info> State <READY> changed to <DISCONNECTING>
221313.989680 [6844] [main] <info> Logging out...
221314.203010 [6844] [main] <info> Host RAM: 8547MB total, 1883MB available, 48947KB used
221314.203010 [6844] [main] <info> State <DISCONNECTING> changed to <DISCONNECTED>
221314.204007 [6844] [12352] <info> Disconnect OK
221314.204007 [6844] [12352] <info> Finalizing...
221314.204007 [6844] [12352] <info> Shutdown...
221314.204007 [6844] [12352] <info> Waiting for callback thread...
221314.205008 [6844] [12352] <info> Shutdown OK
221318.646297 [13040] [16272] <info> Open log C:\Programming\project\logs\, level 2
221318.646297 [13040] [16272] <info> System version 6.17. TXmlConnector version 2.21.2
221318.646297 [13040] [16272] <info> Initializing...
221319.659076 [13040] [16272] <info> State <DISCONNECTED> changed to <CONNECTING>
221319.659076 [13040] [main] <info> Initializing dsp...
221319.659076 [13040] [main] <info> Preparing for login...
221319.659076 [13040] [main] <info> Packet size: 65520
221319.659076 [13040] [main] <info> Logging in...
221319.685060 [13040] [main] <info> Logged in
221319.685060 [13040] [main] <info> State <CONNECTING> changed to <LOADING>
221319.685060 [13040] [main] <info> Loading static data...
221319.704048 [13040] [main] <info> Loading snapshot...
221319.704048 [13040] [main] <info> State <LOADING> changed to <READY>
221319.704048 [13040] [main] <info> Main thread OK. Data refresh period: 10
221319.805987 [13040] [main] <info> Snapshot loaded: Cl: 1, As: 1
221319.805987 [13040] [main] <info> Host RAM: 8547MB total, 1902MB available, 30384KB used
221841.244722 [13040] [16272] <info> Disconnecting...
221841.244722 [13040] [main] <info> Shutdown event received
221841.244722 [13040] [16272] <info> Waiting for WorkUp...
221841.244722 [13040] [main] <info> State <READY> changed to <DISCONNECTING>
221841.244722 [13040] [main] <info> Logging out...
221841.452766 [13040] [main] <info> Host RAM: 8547MB total, 1940MB available, 49049KB used
221841.452766 [13040] [main] <info> State <DISCONNECTING> changed to <DISCONNECTED>
221841.453740 [13040] [16272] <info> Disconnect OK
221841.453740 [13040] [16272] <info> Finalizing...
221841.453740 [13040] [16272] <info> Shutdown...
221841.453740 [13040] [16272] <info> Waiting for callback thread...
221841.454739 [13040] [16272] <info> Shutdown OK
225205.984233 [3172] [7528] <info> Open log C:\Programming\project\logs\, level 2
225205.985232 [3172] [7528] <info> System version 6.17. TXmlConnector version 2.21.2
225205.985232 [3172] [7528] <info> Initializing...
225206.987122 [3172] [7528] <info> State <DISCONNECTED> changed to <CONNECTING>
225206.988122 [3172] [main] <info> Initializing dsp...
225206.988122 [3172] [main] <info> Preparing for login...
225206.988122 [3172] [main] <info> Packet size: 65520
225206.988122 [3172] [main] <info> Logging in...
225207.024101 [3172] [main] <info> Logged in
225207.024101 [3172] [main] <info> State <CONNECTING> changed to <LOADING>
225207.024101 [3172] [main] <info> Loading static data...
225207.038092 [3172] [main] <info> Loading snapshot...
225207.038092 [3172] [main] <info> State <LOADING> changed to <READY>
225207.038092 [3172] [main] <info> Main thread OK. Data refresh period: 10
225207.133032 [3172] [main] <info> Snapshot loaded: Cl: 1, As: 1
225207.133032 [3172] [main] <info> Host RAM: 8547MB total, 1788MB available, 30076KB used
225254.040857 [3172] [7528] <info> Disconnecting...
225254.041856 [3172] [7528] <info> Waiting for WorkUp...
225254.041856 [3172] [main] <info> Shutdown event received
225254.041856 [3172] [main] <info> State <READY> changed to <DISCONNECTING>
225254.041856 [3172] [main] <info> Logging out...
225254.249928 [3172] [main] <info> Host RAM: 8547MB total, 1781MB available, 30138KB used
225254.249928 [3172] [main] <info> State <DISCONNECTING> changed to <DISCONNECTED>
225254.250925 [3172] [7528] <info> Disconnect OK
225254.250925 [3172] [7528] <info> Finalizing...
225254.250925 [3172] [7528] <info> Shutdown...
225254.250925 [3172] [7528] <info> Waiting for callback thread...
225254.250925 [3172] [7528] <info> Shutdown OK
225257.679484 [5204] [1224] <info> Open log C:\Programming\project\logs\, level 2
225257.680484 [5204] [1224] <info> System version 6.17. TXmlConnector version 2.21.2
225257.680484 [5204] [1224] <info> Initializing...
225258.685345 [5204] [1224] <info> State <DISCONNECTED> changed to <CONNECTING>
225258.685345 [5204] [main] <info> Initializing dsp...
225258.685345 [5204] [main] <info> Preparing for login...
225258.685345 [5204] [main] <info> Packet size: 65520
225258.685345 [5204] [main] <info> Logging in...
225258.712329 [5204] [main] <info> Logged in
225258.712329 [5204] [main] <info> State <CONNECTING> changed to <LOADING>
225258.712329 [5204] [main] <info> Loading static data...
225258.726320 [5204] [main] <info> Loading snapshot...
225258.726320 [5204] [main] <info> State <LOADING> changed to <READY>
225258.726320 [5204] [main] <info> Main thread OK. Data refresh period: 10
225258.831255 [5204] [main] <info> Snapshot loaded: Cl: 1, As: 1
225258.831255 [5204] [main] <info> Host RAM: 8547MB total, 1773MB available, 30138KB used
225434.576922 [5204] [1224] <info> Disconnecting...
225434.576922 [5204] [1224] <info> Waiting for WorkUp...
225434.576922 [5204] [main] <info> Shutdown event received
225434.577922 [5204] [main] <info> State <READY> changed to <DISCONNECTING>
225434.577922 [5204] [main] <info> Logging out...
225434.786908 [5204] [main] <info> Host RAM: 8547MB total, 1756MB available, 31232KB used
225434.786908 [5204] [main] <info> State <DISCONNECTING> changed to <DISCONNECTED>
225434.787907 [5204] [1224] <info> Disconnect OK
225434.787907 [5204] [1224] <info> Finalizing...
225434.787907 [5204] [1224] <info> Shutdown...
225434.787907 [5204] [1224] <info> Waiting for callback thread...
225434.787907 [5204] [1224] <info> Shutdown OK
225439.623192 [14772] [9840] <info> Open log C:\Programming\project\logs\, level 2
225439.624192 [14772] [9840] <info> System version 6.17. TXmlConnector version 2.21.2
225439.624192 [14772] [9840] <info> Initializing...
225440.639285 [14772] [9840] <info> State <DISCONNECTED> changed to <CONNECTING>
225440.639285 [14772] [main] <info> Initializing dsp...
225440.639285 [14772] [main] <info> Preparing for login...
225440.639285 [14772] [main] <info> Packet size: 65520
225440.639285 [14772] [main] <info> Logging in...
225440.671264 [14772] [main] <info> Logged in
225440.671264 [14772] [main] <info> State <CONNECTING> changed to <LOADING>
225440.671264 [14772] [main] <info> Loading static data...
225440.686254 [14772] [main] <info> Loading snapshot...
225440.686254 [14772] [main] <info> State <LOADING> changed to <READY>
225440.686254 [14772] [main] <info> Main thread OK. Data refresh period: 10
225440.785194 [14772] [main] <info> Snapshot loaded: Cl: 1, As: 1
225440.786193 [14772] [main] <info> Host RAM: 8547MB total, 1755MB available, 29716KB used
225541.663523 [14772] [9840] <info> Disconnecting...
225541.663523 [14772] [9840] <info> Waiting for WorkUp...
225541.674516 [14772] [main] <info> Shutdown event received
225541.675516 [14772] [main] <info> State <READY> changed to <DISCONNECTING>
225541.675516 [14772] [main] <info> Logging out...
225541.880475 [14772] [main] <info> Host RAM: 8547MB total, 1762MB available, 30572KB used
225541.880475 [14772] [main] <info> State <DISCONNECTING> changed to <DISCONNECTED>
225541.881472 [14772] [9840] <info> Disconnect OK
225541.882474 [14772] [9840] <info> Finalizing...
225541.882474 [14772] [9840] <info> Shutdown...
225541.882474 [14772] [9840] <info> Waiting for callback thread...
225541.882474 [14772] [9840] <info> Shutdown OK
225551.943713 [7948] [3284] <info> Open log C:\Programming\project\logs\, level 2
225551.944691 [7948] [3284] <info> System version 6.17. TXmlConnector version 2.21.2
225551.944691 [7948] [3284] <info> Initializing...
225552.954752 [7948] [3284] <info> State <DISCONNECTED> changed to <CONNECTING>
225552.955749 [7948] [main] <info> Initializing dsp...
225552.956748 [7948] [main] <info> Preparing for login...
225552.956748 [7948] [main] <info> Packet size: 65520
225552.956748 [7948] [main] <info> Logging in...
225552.991732 [7948] [main] <info> Logged in
225552.992727 [7948] [main] <info> State <CONNECTING> changed to <LOADING>
225552.992727 [7948] [main] <info> Loading static data...
225553.006716 [7948] [main] <info> Loading snapshot...
225553.006716 [7948] [main] <info> State <LOADING> changed to <READY>
225553.006716 [7948] [main] <info> Main thread OK. Data refresh period: 10
225553.103657 [7948] [main] <info> Snapshot loaded: Cl: 1, As: 1
225553.104656 [7948] [main] <info> Host RAM: 8547MB total, 1766MB available, 29990KB used
225857.988661 [7948] [3284] <info> Disconnecting...
225857.988661 [7948] [3284] <info> Waiting for WorkUp...
225857.988661 [7948] [main] <info> Shutdown event received
225857.988661 [7948] [main] <info> State <READY> changed to <DISCONNECTING>
225857.988661 [7948] [main] <info> Logging out...
225858.201637 [7948] [main] <info> Host RAM: 8547MB total, 1726MB available, 30511KB used
225858.201637 [7948] [main] <info> State <DISCONNECTING> changed to <DISCONNECTED>
225858.202637 [7948] [3284] <info> Disconnect OK
225858.203636 [7948] [3284] <info> Finalizing...
225858.203636 [7948] [3284] <info> Shutdown...
225858.203636 [7948] [3284] <info> Waiting for callback thread...
225858.203636 [7948] [3284] <info> Shutdown OK
225905.572355 [15440] [3464] <info> Open log C:\Programming\project\logs\, level 2
225905.573354 [15440] [3464] <info> System version 6.17. TXmlConnector version 2.21.2
225905.573354 [15440] [3464] <info> Initializing...
225906.578511 [15440] [3464] <info> State <DISCONNECTED> changed to <CONNECTING>
225906.578511 [15440] [main] <info> Initializing dsp...
225906.579508 [15440] [main] <info> Preparing for login...
225906.579508 [15440] [main] <info> Packet size: 65520
225906.579508 [15440] [main] <info> Logging in...
225906.624480 [15440] [main] <info> Logged in
225906.624480 [15440] [main] <info> State <CONNECTING> changed to <LOADING>
225906.624480 [15440] [main] <info> Loading static data...
225906.644468 [15440] [main] <info> Loading snapshot...
225906.644468 [15440] [main] <info> State <LOADING> changed to <READY>
225906.644468 [15440] [main] <info> Main thread OK. Data refresh period: 10
225906.739408 [15440] [main] <info> Snapshot loaded: Cl: 1, As: 1
225906.739408 [15440] [main] <info> Host RAM: 8547MB total, 1735MB available, 29818KB used
225927.512561 [15440] [3464] <info> Disconnecting...
225927.512561 [15440] [main] <info> Shutdown event received
225927.512561 [15440] [main] <info> State <READY> changed to <DISCONNECTING>
225927.512561 [15440] [main] <info> Logging out...
225927.513559 [15440] [3464] <info> Waiting for WorkUp...
225927.720828 [15440] [main] <info> Host RAM: 8547MB total, 1735MB available, 29810KB used
225927.720828 [15440] [main] <info> State <DISCONNECTING> changed to <DISCONNECTED>
225927.721827 [15440] [3464] <info> Disconnect OK
225927.721827 [15440] [3464] <info> Finalizing...
225927.721827 [15440] [3464] <info> Shutdown...
225927.721827 [15440] [3464] <info> Waiting for callback thread...
225927.721827 [15440] [3464] <info> Shutdown OK
225932.722711 [13876] [15836] <info> Open log C:\Programming\project\logs\, level 2
225932.722711 [13876] [15836] <info> System version 6.17. TXmlConnector version 2.21.2
225932.722711 [13876] [15836] <info> Initializing...
225933.729050 [13876] [15836] <info> State <DISCONNECTED> changed to <CONNECTING>
225933.729050 [13876] [main] <info> Initializing dsp...
225933.730048 [13876] [main] <info> Preparing for login...
225933.730048 [13876] [main] <info> Packet size: 65520
225933.730048 [13876] [main] <info> Logging in...
225933.768024 [13876] [main] <info> Logged in
225933.768024 [13876] [main] <info> State <CONNECTING> changed to <LOADING>
225933.768024 [13876] [main] <info> Loading static data...
225933.786014 [13876] [main] <info> Loading snapshot...
225933.786014 [13876] [main] <info> State <LOADING> changed to <READY>
225933.786014 [13876] [main] <info> Main thread OK. Data refresh period: 10
225933.888949 [13876] [main] <info> Snapshot loaded: Cl: 1, As: 1
225933.889948 [13876] [main] <info> Host RAM: 8547MB total, 1725MB available, 30044KB used
230338.808633 [13876] [15836] <info> Disconnecting...
230338.808633 [13876] [15836] <info> Waiting for WorkUp...
230338.809633 [13876] [main] <info> Shutdown event received
230338.809633 [13876] [main] <info> State <READY> changed to <DISCONNECTING>
230338.809633 [13876] [main] <info> Logging out...
230339.021260 [13876] [main] <info> Host RAM: 8547MB total, 1778MB available, 30089KB used
230339.021260 [13876] [main] <info> State <DISCONNECTING> changed to <DISCONNECTED>
230339.022258 [13876] [15836] <info> Disconnect OK
230339.022258 [13876] [15836] <info> Finalizing...
230339.022258 [13876] [15836] <info> Shutdown...
230339.022258 [13876] [15836] <info> Waiting for callback thread...
230339.022258 [13876] [15836] <info> Shutdown OK
230343.970376 [14204] [13564] <info> Open log C:\Programming\project\logs\, level 2
230343.971376 [14204] [13564] <info> System version 6.17. TXmlConnector version 2.21.2
230343.971376 [14204] [13564] <info> Initializing...
230344.981430 [14204] [13564] <info> State <DISCONNECTED> changed to <CONNECTING>
230344.981430 [14204] [main] <info> Initializing dsp...
230344.982426 [14204] [main] <info> Preparing for login...
230344.982426 [14204] [main] <info> Packet size: 65520
230344.982426 [14204] [main] <info> Logging in...
230345.006411 [14204] [main] <info> Logged in
230345.006411 [14204] [main] <info> State <CONNECTING> changed to <LOADING>
230345.006411 [14204] [main] <info> Loading static data...
230345.021402 [14204] [main] <info> Loading snapshot...
230345.021402 [14204] [main] <info> State <LOADING> changed to <READY>
230345.021402 [14204] [main] <info> Main thread OK. Data refresh period: 10
230345.113344 [14204] [main] <info> Snapshot loaded: Cl: 1, As: 1
230345.113344 [14204] [main] <info> Host RAM: 8547MB total, 1777MB available, 29990KB used
230435.571978 [14204] [13564] <info> Disconnecting...
230435.571978 [14204] [13564] <info> Waiting for WorkUp...
230435.571978 [14204] [main] <info> Shutdown event received
230435.572977 [14204] [main] <info> State <READY> changed to <DISCONNECTING>
230435.572977 [14204] [main] <info> Logging out...
230435.777016 [14204] [main] <info> Host RAM: 8547MB total, 1774MB available, 30126KB used
230435.777016 [14204] [main] <info> State <DISCONNECTING> changed to <DISCONNECTED>
230435.778014 [14204] [13564] <info> Disconnect OK
230435.779014 [14204] [13564] <info> Finalizing...
230435.779014 [14204] [13564] <info> Shutdown...
230435.779014 [14204] [13564] <info> Waiting for callback thread...
230435.779014 [14204] [13564] <info> Shutdown OK
230439.225400 [8920] [13888] <info> Open log C:\Programming\project\logs\, level 2
230439.226399 [8920] [13888] <info> System version 6.17. TXmlConnector version 2.21.2
230439.226399 [8920] [13888] <info> Initializing...
230440.242744 [8920] [13888] <info> State <DISCONNECTED> changed to <CONNECTING>
230440.242744 [8920] [main] <info> Initializing dsp...
230440.243741 [8920] [main] <info> Preparing for login...
230440.243741 [8920] [main] <info> Packet size: 65520
230440.243741 [8920] [main] <info> Logging in...
230440.277720 [8920] [main] <info> Logged in
230440.278719 [8920] [main] <info> State <CONNECTING> changed to <LOADING>
230440.278719 [8920] [main] <info> Loading static data...
230440.298706 [8920] [main] <info> Loading snapshot...
230440.298706 [8920] [main] <info> State <LOADING> changed to <READY>
230440.298706 [8920] [main] <info> Main thread OK. Data refresh period: 10
230440.406639 [8920] [main] <info> Snapshot loaded: Cl: 1, As: 1
230440.407638 [8920] [main] <info> Host RAM: 8547MB total, 1765MB available, 29851KB used
230649.767970 [8920] [13888] <info> Disconnecting...
230649.767970 [8920] [13888] <info> Waiting for WorkUp...
230649.767970 [8920] [main] <info> Shutdown event received
230649.767970 [8920] [main] <info> State <READY> changed to <DISCONNECTING>
230649.767970 [8920] [main] <info> Logging out...
230649.977936 [8920] [main] <info> Host RAM: 8547MB total, 1869MB available, 29855KB used
230649.977936 [8920] [main] <info> State <DISCONNECTING> changed to <DISCONNECTED>
230649.978932 [8920] [13888] <info> Disconnect OK
230649.978932 [8920] [13888] <info> Finalizing...
230649.978932 [8920] [13888] <info> Shutdown...
230649.978932 [8920] [13888] <info> Waiting for callback thread...
230649.978932 [8920] [13888] <info> Shutdown OK
230653.852335 [10764] [15288] <info> Open log C:\Programming\project\logs\, level 2
230653.853332 [10764] [15288] <info> System version 6.17. TXmlConnector version 2.21.2
230653.853332 [10764] [15288] <info> Initializing...
230654.868721 [10764] [15288] <info> State <DISCONNECTED> changed to <CONNECTING>
230654.868721 [10764] [main] <info> Initializing dsp...
230654.868721 [10764] [main] <info> Preparing for login...
230654.868721 [10764] [main] <info> Packet size: 65520
230654.869720 [10764] [main] <info> Logging in...
230654.895705 [10764] [main] <info> Logged in
230654.896704 [10764] [main] <info> State <CONNECTING> changed to <LOADING>
230654.896704 [10764] [main] <info> Loading static data...
230654.909695 [10764] [main] <info> Loading snapshot...
230654.909695 [10764] [main] <info> State <LOADING> changed to <READY>
230654.909695 [10764] [main] <info> Main thread OK. Data refresh period: 10
230655.013633 [10764] [main] <info> Snapshot loaded: Cl: 1, As: 1
230655.013633 [10764] [main] <info> Host RAM: 8547MB total, 1864MB available, 30097KB used
231117.031036 [10764] [15288] <info> Disconnecting...
231117.031036 [10764] [15288] <info> Waiting for WorkUp...
231117.031036 [10764] [main] <info> Shutdown event received
231117.031036 [10764] [main] <info> State <READY> changed to <DISCONNECTING>
231117.031036 [10764] [main] <info> Logging out...
231117.238994 [10764] [main] <info> Host RAM: 8547MB total, 1816MB available, 31129KB used
231117.238994 [10764] [main] <info> State <DISCONNECTING> changed to <DISCONNECTED>
231117.239990 [10764] [15288] <info> Disconnect OK
231117.239990 [10764] [15288] <info> Finalizing...
231117.239990 [10764] [15288] <info> Shutdown...
231117.239990 [10764] [15288] <info> Waiting for callback thread...
231117.239990 [10764] [15288] <info> Shutdown OK
231120.812937 [14428] [0800] <info> Open log C:\Programming\project\logs\, level 2
231120.813937 [14428] [0800] <info> System version 6.17. TXmlConnector version 2.21.2
231120.813937 [14428] [0800] <info> Initializing...
231121.828952 [14428] [0800] <info> State <DISCONNECTED> changed to <CONNECTING>
231121.832946 [14428] [main] <info> Initializing dsp...
231121.832946 [14428] [main] <info> Preparing for login...
231121.832946 [14428] [main] <info> Packet size: 65520
231121.832946 [14428] [main] <info> Logging in...
231121.874919 [14428] [main] <info> Logged in
231121.874919 [14428] [main] <info> State <CONNECTING> changed to <LOADING>
231121.874919 [14428] [main] <info> Loading static data...
231121.898905 [14428] [main] <info> Loading snapshot...
231121.898905 [14428] [main] <info> State <LOADING> changed to <READY>
231121.898905 [14428] [main] <info> Main thread OK. Data refresh period: 10
231122.004839 [14428] [main] <info> Snapshot loaded: Cl: 1, As: 1
231122.004839 [14428] [main] <info> Host RAM: 8547MB total, 1796MB available, 30056KB used
231343.383332 [14428] [0800] <info> Disconnecting...
231343.383332 [14428] [0800] <info> Waiting for WorkUp...
231343.383332 [14428] [main] <info> Shutdown event received
231343.383332 [14428] [main] <info> State <READY> changed to <DISCONNECTING>
231343.383332 [14428] [main] <info> Logging out...
231343.592323 [14428] [main] <info> Host RAM: 8547MB total, 1777MB available, 30248KB used
231343.592323 [14428] [main] <info> State <DISCONNECTING> changed to <DISCONNECTED>
231343.593320 [14428] [0800] <info> Disconnect OK
231343.593320 [14428] [0800] <info> Finalizing...
231343.593320 [14428] [0800] <info> Shutdown...
231343.593320 [14428] [0800] <info> Waiting for callback thread...
231343.593320 [14428] [0800] <info> Shutdown OK
231347.340220 [15680] [8728] <info> Open log C:\Programming\project\logs\, level 2
231347.341220 [15680] [8728] <info> System version 6.17. TXmlConnector version 2.21.2
231347.341220 [15680] [8728] <info> Initializing...
231348.353049 [15680] [8728] <info> State <DISCONNECTED> changed to <CONNECTING>
231348.353049 [15680] [main] <info> Initializing dsp...
231348.354047 [15680] [main] <info> Preparing for login...
231348.354047 [15680] [main] <info> Packet size: 65520
231348.354047 [15680] [main] <info> Logging in...
231348.384028 [15680] [main] <info> Logged in
231348.384028 [15680] [main] <info> State <CONNECTING> changed to <LOADING>
231348.384028 [15680] [main] <info> Loading static data...
231348.399019 [15680] [main] <info> Loading snapshot...
231348.399019 [15680] [main] <info> State <LOADING> changed to <READY>
231348.399019 [15680] [main] <info> Main thread OK. Data refresh period: 10
231348.498958 [15680] [main] <info> Snapshot loaded: Cl: 1, As: 1
231348.498958 [15680] [main] <info> Host RAM: 8547MB total, 1751MB available, 31428KB used
231737.184437 [15680] [8728] <info> Disconnecting...
231737.184437 [15680] [8728] <info> Waiting for WorkUp...
231737.184437 [15680] [main] <info> Shutdown event received
231737.184437 [15680] [main] <info> State <READY> changed to <DISCONNECTING>
231737.185438 [15680] [main] <info> Logging out...
231737.390575 [15680] [main] <info> Host RAM: 8547MB total, 1877MB available, 31019KB used
231737.390575 [15680] [main] <info> State <DISCONNECTING> changed to <DISCONNECTED>
231737.391571 [15680] [8728] <info> Disconnect OK
231737.391571 [15680] [8728] <info> Finalizing...
231737.391571 [15680] [8728] <info> Shutdown...
231737.391571 [15680] [8728] <info> Waiting for callback thread...
231737.391571 [15680] [8728] <info> Shutdown OK
231741.627067 [15052] [14604] <info> Open log C:\Programming\project\logs\, level 2
231741.627067 [15052] [14604] <info> System version 6.17. TXmlConnector version 2.21.2
231741.627067 [15052] [14604] <info> Initializing...
231742.643462 [15052] [14604] <info> State <DISCONNECTED> changed to <CONNECTING>
231742.644458 [15052] [main] <info> Initializing dsp...
231742.644458 [15052] [main] <info> Preparing for login...
231742.644458 [15052] [main] <info> Packet size: 65520
231742.644458 [15052] [main] <info> Logging in...
231742.690430 [15052] [main] <info> Logged in
231742.690430 [15052] [main] <info> State <CONNECTING> changed to <LOADING>
231742.690430 [15052] [main] <info> Loading static data...
231742.705420 [15052] [main] <info> Loading snapshot...
231742.705420 [15052] [main] <info> State <LOADING> changed to <READY>
231742.705420 [15052] [main] <info> Main thread OK. Data refresh period: 10
231742.806358 [15052] [main] <info> Snapshot loaded: Cl: 1, As: 1
231742.806358 [15052] [main] <info> Host RAM: 8547MB total, 1880MB available, 29990KB used
231931.460494 [15052] [14604] <info> Disconnecting...
231931.460494 [15052] [14604] <info> Waiting for WorkUp...
231931.460494 [15052] [main] <info> Shutdown event received
231931.460494 [15052] [main] <info> State <READY> changed to <DISCONNECTING>
231931.461456 [15052] [main] <info> Logging out...
231931.670910 [15052] [main] <info> Host RAM: 8547MB total, 1893MB available, 30695KB used
231931.670910 [15052] [main] <info> State <DISCONNECTING> changed to <DISCONNECTED>
231931.671906 [15052] [14604] <info> Disconnect OK
231931.671906 [15052] [14604] <info> Finalizing...
231931.671906 [15052] [14604] <info> Shutdown...
231931.671906 [15052] [14604] <info> Waiting for callback thread...
231931.671906 [15052] [14604] <info> Shutdown OK
231935.745038 [11208] [13512] <info> Open log C:\Programming\project\logs\, level 2
231935.745038 [11208] [13512] <info> System version 6.17. TXmlConnector version 2.21.2
231935.746036 [11208] [13512] <info> Initializing...
231936.748777 [11208] [13512] <info> State <DISCONNECTED> changed to <CONNECTING>
231936.748777 [11208] [main] <info> Initializing dsp...
231936.749775 [11208] [main] <info> Preparing for login...
231936.749775 [11208] [main] <info> Packet size: 65520
231936.749775 [11208] [main] <info> Logging in...
231936.783752 [11208] [main] <info> Logged in
231936.783752 [11208] [main] <info> State <CONNECTING> changed to <LOADING>
231936.783752 [11208] [main] <info> Loading static data...
231936.797744 [11208] [main] <info> Loading snapshot...
231936.797744 [11208] [main] <info> State <LOADING> changed to <READY>
231936.797744 [11208] [main] <info> Main thread OK. Data refresh period: 10
231936.893685 [11208] [main] <info> Snapshot loaded: Cl: 1, As: 1
231936.894684 [11208] [main] <info> Host RAM: 8547MB total, 1892MB available, 29904KB used
232049.630839 [16112] [5668] <info> Open log C:\Programming\project\logs\, level 2
232049.630839 [16112] [5668] <info> System version 6.17. TXmlConnector version 2.21.2
232049.630839 [16112] [5668] <info> Initializing...
232050.632894 [16112] [5668] <info> State <DISCONNECTED> changed to <CONNECTING>
232050.632894 [16112] [main] <info> Initializing dsp...
232050.632894 [16112] [main] <info> Preparing for login...
232050.633894 [16112] [main] <info> Packet size: 65520
232050.633894 [16112] [main] <info> Logging in...
232050.657879 [16112] [main] <info> Logged in
232050.657879 [16112] [main] <info> State <CONNECTING> changed to <LOADING>
232050.658878 [16112] [main] <info> Loading static data...
232050.671870 [16112] [main] <info> Loading snapshot...
232050.671870 [16112] [main] <info> State <LOADING> changed to <READY>
232050.671870 [16112] [main] <info> Main thread OK. Data refresh period: 10
232050.764813 [16112] [main] <info> Snapshot loaded: Cl: 1, As: 1
232050.764813 [16112] [main] <info> Host RAM: 8547MB total, 1745MB available, 30089KB used
232126.682210 [16112] [5668] <info> Disconnecting...
232126.682210 [16112] [5668] <info> Waiting for WorkUp...
232126.682210 [16112] [main] <info> Shutdown event received
232126.682210 [16112] [main] <info> State <READY> changed to <DISCONNECTING>
232126.682210 [16112] [main] <info> Logging out...
232126.896293 [16112] [main] <info> Host RAM: 8547MB total, 1717MB available, 30130KB used
232126.896293 [16112] [main] <info> State <DISCONNECTING> changed to <DISCONNECTED>
232126.897293 [16112] [5668] <info> Disconnect OK
232126.897293 [16112] [5668] <info> Finalizing...
232126.897293 [16112] [5668] <info> Shutdown...
232126.897293 [16112] [5668] <info> Waiting for callback thread...
232126.897293 [16112] [5668] <info> Shutdown OK
232130.326444 [5940] [15736] <info> Open log C:\Programming\project\logs\, level 2
232130.327442 [5940] [15736] <info> System version 6.17. TXmlConnector version 2.21.2
232130.327442 [5940] [15736] <info> Initializing...
232131.338368 [5940] [15736] <info> State <DISCONNECTED> changed to <CONNECTING>
232131.338368 [5940] [main] <info> Initializing dsp...
232131.338368 [5940] [main] <info> Preparing for login...
232131.338368 [5940] [main] <info> Packet size: 65520
232131.338368 [5940] [main] <info> Logging in...
232131.363350 [5940] [main] <info> Logged in
232131.363350 [5940] [main] <info> State <CONNECTING> changed to <LOADING>
232131.363350 [5940] [main] <info> Loading static data...
232131.382339 [5940] [main] <info> Loading snapshot...
232131.382339 [5940] [main] <info> State <LOADING> changed to <READY>
232131.382339 [5940] [main] <info> Main thread OK. Data refresh period: 10
232131.482771 [5940] [main] <info> Snapshot loaded: Cl: 1, As: 1
232131.482771 [5940] [main] <info> Host RAM: 8547MB total, 1711MB available, 29962KB used
232213.077318 [5940] [15736] <info> Disconnecting...
232213.077318 [5940] [15736] <info> Waiting for WorkUp...
232213.077318 [5940] [main] <info> Shutdown event received
232213.078318 [5940] [main] <info> State <READY> changed to <DISCONNECTING>
232213.078318 [5940] [main] <info> Logging out...
232213.281927 [5940] [main] <info> Host RAM: 8547MB total, 1802MB available, 30846KB used
232213.281927 [5940] [main] <info> State <DISCONNECTING> changed to <DISCONNECTED>
232213.282925 [5940] [15736] <info> Disconnect OK
232213.282925 [5940] [15736] <info> Finalizing...
232213.282925 [5940] [15736] <info> Shutdown...
232213.282925 [5940] [15736] <info> Waiting for callback thread...
232213.282925 [5940] [15736] <info> Shutdown OK
232331.233624 [12392] [13108] <info> Open log C:\Programming\project\logs\, level 2
232331.234623 [12392] [13108] <info> System version 6.17. TXmlConnector version 2.21.2
232331.234623 [12392] [13108] <info> Initializing...
232332.242011 [12392] [13108] <info> State <DISCONNECTED> changed to <CONNECTING>
232332.243010 [12392] [main] <info> Initializing dsp...
232332.243010 [12392] [main] <info> Preparing for login...
232332.243010 [12392] [main] <info> Packet size: 65520
232332.243010 [12392] [main] <info> Logging in...
232332.282983 [12392] [main] <info> Logged in
232332.282983 [12392] [main] <info> State <CONNECTING> changed to <LOADING>
232332.282983 [12392] [main] <info> Loading static data...
232332.304969 [12392] [main] <info> Loading snapshot...
232332.304969 [12392] [main] <info> State <LOADING> changed to <READY>
232332.304969 [12392] [main] <info> Main thread OK. Data refresh period: 10
232332.400910 [12392] [main] <info> Snapshot loaded: Cl: 1, As: 1
232332.401910 [12392] [main] <info> Host RAM: 8547MB total, 1791MB available, 29933KB used
232402.356906 [12392] [13108] <info> Disconnecting...
232402.356906 [12392] [13108] <info> Waiting for WorkUp...
232402.356906 [12392] [main] <info> Shutdown event received
232402.356906 [12392] [main] <info> State <READY> changed to <DISCONNECTING>
232402.356906 [12392] [main] <info> Logging out...
232402.561068 [12392] [main] <info> Host RAM: 8547MB total, 1784MB available, 30093KB used
232402.561068 [12392] [main] <info> State <DISCONNECTING> changed to <DISCONNECTED>
232402.563064 [12392] [13108] <info> Disconnect OK
232402.563064 [12392] [13108] <info> Finalizing...
232402.563064 [12392] [13108] <info> Shutdown...
232402.563064 [12392] [13108] <info> Waiting for callback thread...
232402.564063 [12392] [13108] <info> Shutdown OK
232406.454591 [15980] [9020] <info> Open log C:\Programming\project\logs\, level 2
232406.454591 [15980] [9020] <info> System version 6.17. TXmlConnector version 2.21.2
232406.454591 [15980] [9020] <info> Initializing...
232407.466369 [15980] [9020] <info> State <DISCONNECTED> changed to <CONNECTING>
232407.466369 [15980] [main] <info> Initializing dsp...
232407.467366 [15980] [main] <info> Preparing for login...
232407.467366 [15980] [main] <info> Packet size: 65520
232407.467366 [15980] [main] <info> Logging in...
232407.511338 [15980] [main] <info> Logged in
232407.511338 [15980] [main] <info> State <CONNECTING> changed to <LOADING>
232407.511338 [15980] [main] <info> Loading static data...
232407.529327 [15980] [main] <info> Loading snapshot...
232407.529327 [15980] [main] <info> State <LOADING> changed to <READY>
232407.529327 [15980] [main] <info> Main thread OK. Data refresh period: 10
232407.631264 [15980] [main] <info> Snapshot loaded: Cl: 1, As: 1
232407.631264 [15980] [main] <info> Host RAM: 8547MB total, 1781MB available, 29671KB used
232423.479452 [15980] [9020] <info> Disconnecting...
232423.479452 [15980] [9020] <info> Waiting for WorkUp...
232423.479452 [15980] [main] <info> Shutdown event received
232423.479452 [15980] [main] <info> State <READY> changed to <DISCONNECTING>
232423.479452 [15980] [main] <info> Logging out...
232423.691847 [15980] [main] <info> Host RAM: 8547MB total, 1789MB available, 29798KB used
232423.691847 [15980] [main] <info> State <DISCONNECTING> changed to <DISCONNECTED>
232423.692846 [15980] [9020] <info> Disconnect OK
232423.693846 [15980] [9020] <info> Finalizing...
232423.693846 [15980] [9020] <info> Shutdown...
232423.693846 [15980] [9020] <info> Waiting for callback thread...
232423.693846 [15980] [9020] <info> Shutdown OK
